#
# There is insufficient memory for the Java Runtime Environment to continue.
# Native memory allocation (malloc) failed to allocate 2488976 bytes for Chunk::new
# Possible reasons:
#   The system is out of physical RAM or swap space
#   The process is running with CompressedOops enabled, and the Java Heap may be blocking the growth of the native heap
# Possible solutions:
#   Reduce memory load on the system
#   Increase physical memory or swap space
#   Check if swap backing store is full
#   Decrease Java heap size (-Xmx/-Xms)
#   Decrease number of Java threads
#   Decrease Java thread stack sizes (-Xss)
#   Set larger code cache with -XX:ReservedCodeCacheSize=
#   JVM is running with Zero Based Compressed Oops mode in which the Java heap is
#     placed in the first 32GB address space. The Java Heap base address is the
#     maximum limit for the native heap growth. Please use -XX:HeapBaseMinAddress
#     to set the Java Heap base and to place the Java Heap above 32GB virtual address.
# This output file may be truncated or incomplete.
#
#  Out of Memory Error (./open/src/hotspot/share/memory/arena.cpp:197), pid=18660, tid=6736
#
# JRE version: Java(TM) SE Runtime Environment 18.9 (11.0.23+7) (build 11.0.23+7-LTS-222)
# Java VM: Java HotSpot(TM) 64-Bit Server VM 18.9 (11.0.23+7-LTS-222, mixed mode, tiered, compressed oops, g1 gc, windows-amd64)
# No core dump will be written. Minidumps are not enabled by default on client versions of Windows
#

---------------  S U M M A R Y ------------

Command Line: -Dfile.encoding=UTF-8 -Duser.country=KR -Duser.language=ko -Duser.variant com.project.tobe.TobeApplication

Host: 12th Gen Intel(R) Core(TM) i5-12400, 12 cores, 15G,  Windows 11 , 64 bit Build 22621 (10.0.22621.3958)
Time: Fri Sep  6 00:52:25 2024  Windows 11 , 64 bit Build 22621 (10.0.22621.3958) elapsed time: 3.553648 seconds (0d 0h 0m 3s)

---------------  T H R E A D  ---------------

Current thread (0x000001e92562f800):  JavaThread "C2 CompilerThread1" daemon [_thread_in_native, id=6736, stack(0x000000bd15800000,0x000000bd15900000)]


Current CompileTask:
C2:   3553 4831       4       org.springframework.core.ResolvableType::<init> (39 bytes)

Stack: [0x000000bd15800000,0x000000bd15900000]
Native frames: (J=compiled Java code, j=interpreted, Vv=VM code, C=native code)
V  [jvm.dll+0x65524a]
V  [jvm.dll+0x79646f]
V  [jvm.dll+0x797b39]
V  [jvm.dll+0x7981e3]
V  [jvm.dll+0x254ee5]
V  [jvm.dll+0xb310c]
V  [jvm.dll+0xb371c]
V  [jvm.dll+0x35ed01]
V  [jvm.dll+0x32b9f5]
V  [jvm.dll+0x32adda]
V  [jvm.dll+0x20ee5d]
V  [jvm.dll+0x20de2d]
V  [jvm.dll+0x18b291]
V  [jvm.dll+0x21def4]
V  [jvm.dll+0x21c21c]
V  [jvm.dll+0x75a5f1]
V  [jvm.dll+0x752ef4]
V  [jvm.dll+0x6540f5]
C  [ucrtbase.dll+0x29333]
C  [KERNEL32.DLL+0x1257d]
C  [ntdll.dll+0x5af28]


---------------  P R O C E S S  ---------------

Threads class SMR info:
_java_thread_list=0x000001e92b300060, length=32, elements={
0x000001e97fcb2000, 0x000001e924a3e000, 0x000001e9252ea000, 0x000001e925350000,
0x000001e925352000, 0x000001e925353000, 0x000001e925358800, 0x000001e92535a800,
0x000001e92535c000, 0x000001e92554f800, 0x000001e926382800, 0x000001e92667f000,
0x000001e929b1c000, 0x000001e9280f7000, 0x000001e92bca1800, 0x000001e928053000,
0x000001e92563e000, 0x000001e92562f800, 0x000001e92803b800, 0x000001e92b9ee800,
0x000001e92803a800, 0x000001e92803c000, 0x000001e92803d800, 0x000001e92803d000,
0x000001e92803e800, 0x000001e92803f800, 0x000001e92f42b000, 0x000001e92f426000,
0x000001e92f427000, 0x000001e92f425800, 0x000001e92f42c800, 0x000001e92f427800
}

Java Threads: ( => current thread )
  0x000001e97fcb2000 JavaThread "main" [_thread_blocked, id=2600, stack(0x000000bd13600000,0x000000bd13700000)]
  0x000001e924a3e000 JavaThread "Reference Handler" daemon [_thread_blocked, id=12972, stack(0x000000bd13d00000,0x000000bd13e00000)]
  0x000001e9252ea000 JavaThread "Finalizer" daemon [_thread_blocked, id=15160, stack(0x000000bd13e00000,0x000000bd13f00000)]
  0x000001e925350000 JavaThread "Signal Dispatcher" daemon [_thread_blocked, id=14268, stack(0x000000bd13f00000,0x000000bd14000000)]
  0x000001e925352000 JavaThread "Attach Listener" daemon [_thread_blocked, id=3912, stack(0x000000bd14000000,0x000000bd14100000)]
  0x000001e925353000 JavaThread "Service Thread" daemon [_thread_blocked, id=12052, stack(0x000000bd14100000,0x000000bd14200000)]
  0x000001e925358800 JavaThread "C2 CompilerThread0" daemon [_thread_in_native, id=11180, stack(0x000000bd14200000,0x000000bd14300000)]
  0x000001e92535a800 JavaThread "C1 CompilerThread0" daemon [_thread_blocked, id=11516, stack(0x000000bd14300000,0x000000bd14400000)]
  0x000001e92535c000 JavaThread "Sweeper thread" daemon [_thread_blocked, id=10096, stack(0x000000bd14400000,0x000000bd14500000)]
  0x000001e92554f800 JavaThread "Common-Cleaner" daemon [_thread_blocked, id=9976, stack(0x000000bd14600000,0x000000bd14700000)]
  0x000001e926382800 JavaThread "Thread-0" [_thread_blocked, id=9044, stack(0x000000bd14900000,0x000000bd14a00000)]
  0x000001e92667f000 JavaThread "restartedMain" [_thread_in_Java, id=14456, stack(0x000000bd14a00000,0x000000bd14b00000)]
  0x000001e929b1c000 JavaThread "Catalina-utility-1" [_thread_blocked, id=4052, stack(0x000000bd15000000,0x000000bd15100000)]
  0x000001e9280f7000 JavaThread "Catalina-utility-2" [_thread_blocked, id=14536, stack(0x000000bd15500000,0x000000bd15600000)]
  0x000001e92bca1800 JavaThread "container-0" [_thread_blocked, id=16988, stack(0x000000bd15600000,0x000000bd15700000)]
  0x000001e928053000 JavaThread "PostgreSQL-JDBC-Cleaner" daemon [_thread_blocked, id=12564, stack(0x000000bd14700000,0x000000bd14800000)]
  0x000001e92563e000 JavaThread "HikariPool-1 housekeeper" daemon [_thread_blocked, id=16880, stack(0x000000bd14800000,0x000000bd14900000)]
=>0x000001e92562f800 JavaThread "C2 CompilerThread1" daemon [_thread_in_native, id=6736, stack(0x000000bd15800000,0x000000bd15900000)]
  0x000001e92803b800 JavaThread "HikariPool-1 connection adder" daemon [_thread_blocked, id=17148, stack(0x000000bd15900000,0x000000bd15a00000)]
  0x000001e92b9ee800 JavaThread "C2 CompilerThread2" daemon [_thread_in_native, id=12136, stack(0x000000bd15a00000,0x000000bd15b00000)]
  0x000001e92803a800 JavaThread "File Watcher" daemon [_thread_blocked, id=19392, stack(0x000000bd15d00000,0x000000bd15e00000)]
  0x000001e92803c000 JavaThread "Live Reload Server" daemon [_thread_in_native, id=16140, stack(0x000000bd15f00000,0x000000bd16000000)]
  0x000001e92803d800 JavaThread "http-nio-8383-exec-1" daemon [_thread_blocked, id=16084, stack(0x000000bd15e00000,0x000000bd15f00000)]
  0x000001e92803d000 JavaThread "http-nio-8383-exec-2" daemon [_thread_blocked, id=12828, stack(0x000000bd16000000,0x000000bd16100000)]
  0x000001e92803e800 JavaThread "http-nio-8383-exec-3" daemon [_thread_blocked, id=17484, stack(0x000000bd16100000,0x000000bd16200000)]
  0x000001e92803f800 JavaThread "http-nio-8383-exec-4" daemon [_thread_blocked, id=9100, stack(0x000000bd16200000,0x000000bd16300000)]
  0x000001e92f42b000 JavaThread "http-nio-8383-exec-5" daemon [_thread_blocked, id=12892, stack(0x000000bd16300000,0x000000bd16400000)]
  0x000001e92f426000 JavaThread "http-nio-8383-exec-6" daemon [_thread_blocked, id=6224, stack(0x000000bd16400000,0x000000bd16500000)]
  0x000001e92f427000 JavaThread "http-nio-8383-exec-7" daemon [_thread_blocked, id=9644, stack(0x000000bd16500000,0x000000bd16600000)]
  0x000001e92f425800 JavaThread "http-nio-8383-exec-8" daemon [_thread_blocked, id=16472, stack(0x000000bd16600000,0x000000bd16700000)]
  0x000001e92f42c800 JavaThread "http-nio-8383-exec-9" daemon [_thread_blocked, id=9268, stack(0x000000bd16700000,0x000000bd16800000)]
  0x000001e92f427800 JavaThread "http-nio-8383-exec-10" daemon [_thread_blocked, id=7264, stack(0x000000bd16800000,0x000000bd16900000)]

Other Threads:
  0x000001e924a3b000 VMThread "VM Thread" [stack: 0x000000bd13c00000,0x000000bd13d00000] [id=5816]
  0x000001e92554f000 WatcherThread [stack: 0x000000bd14500000,0x000000bd14600000] [id=2548]
  0x000001e97fcc7800 GCTaskThread "GC Thread#0" [stack: 0x000000bd13700000,0x000000bd13800000] [id=6936]
  0x000001e92636b000 GCTaskThread "GC Thread#1" [stack: 0x000000bd14b00000,0x000000bd14c00000] [id=11152]
  0x000001e92636b800 GCTaskThread "GC Thread#2" [stack: 0x000000bd14c00000,0x000000bd14d00000] [id=11208]
  0x000001e926356000 GCTaskThread "GC Thread#3" [stack: 0x000000bd14d00000,0x000000bd14e00000] [id=7392]
  0x000001e926356800 GCTaskThread "GC Thread#4" [stack: 0x000000bd14e00000,0x000000bd14f00000] [id=11940]
  0x000001e926357000 GCTaskThread "GC Thread#5" [stack: 0x000000bd14f00000,0x000000bd15000000] [id=17136]
  0x000001e926abc800 GCTaskThread "GC Thread#6" [stack: 0x000000bd15100000,0x000000bd15200000] [id=2840]
  0x000001e926589000 GCTaskThread "GC Thread#7" [stack: 0x000000bd15200000,0x000000bd15300000] [id=7592]
  0x000001e928358000 GCTaskThread "GC Thread#8" [stack: 0x000000bd15b00000,0x000000bd15c00000] [id=11076]
  0x000001e928358800 GCTaskThread "GC Thread#9" [stack: 0x000000bd15c00000,0x000000bd15d00000] [id=9872]
  0x000001e97fd25000 ConcurrentGCThread "G1 Main Marker" [stack: 0x000000bd13800000,0x000000bd13900000] [id=5744]
  0x000001e97fd26000 ConcurrentGCThread "G1 Conc#0" [stack: 0x000000bd13900000,0x000000bd13a00000] [id=16900]
  0x000001e926443000 ConcurrentGCThread "G1 Conc#1" [stack: 0x000000bd15300000,0x000000bd15400000] [id=14092]
  0x000001e9266cd800 ConcurrentGCThread "G1 Conc#2" [stack: 0x000000bd15400000,0x000000bd15500000] [id=15116]
  0x000001e924920800 ConcurrentGCThread "G1 Refine#0" [stack: 0x000000bd13a00000,0x000000bd13b00000] [id=15028]
  0x000001e924921800 ConcurrentGCThread "G1 Young RemSet Sampling" [stack: 0x000000bd13b00000,0x000000bd13c00000] [id=17132]

Threads with active compile tasks:
C2 CompilerThread0     3571 4662       4       org.springframework.core.annotation.TypeMappedAnnotations$MergedAnnotationFinder::doWithAnnotations (75 bytes)
C2 CompilerThread1     3571 4831       4       org.springframework.core.ResolvableType::<init> (39 bytes)
C2 CompilerThread2     3571 4826       4       org.springframework.core.ResolvableType::resolveClass (73 bytes)

VM state:not at safepoint (normal execution)

VM Mutex/Monitor currently owned by a thread: None

Heap address: 0x0000000704600000, size: 4026 MB, Compressed Oops mode: Zero based, Oop shift amount: 3
Narrow klass base: 0x0000000800000000, Narrow klass shift: 0
Compressed class space size: 1073741824 Address: 0x0000000800000000

Heap:
 garbage-first heap   total 310272K, used 40036K [0x0000000704600000, 0x0000000800000000)
  region size 1024K, 34 young (34816K), 16 survivors (16384K)
 Metaspace       used 59832K, capacity 61459K, committed 61564K, reserved 1101824K
  class space    used 7700K, capacity 8342K, committed 8396K, reserved 1048576K
Heap Regions: E=young(eden), S=young(survivor), O=old, HS=humongous(starts), HC=humongous(continues), CS=collection set, F=free, A=archive, TAMS=top-at-mark-start (previous, next)
|   0|0x0000000704600000, 0x0000000704700000, 0x0000000704700000|100%|HS|  |TAMS 0x0000000704700000, 0x0000000704600000| Complete 
|   1|0x0000000704700000, 0x0000000704800000, 0x0000000704800000|100%| O|  |TAMS 0x0000000704800000, 0x0000000704700000| Untracked 
|   2|0x0000000704800000, 0x0000000704900000, 0x0000000704900000|100%| O|  |TAMS 0x0000000704900000, 0x0000000704800000| Untracked 
|   3|0x0000000704900000, 0x0000000704a00000, 0x0000000704a00000|100%| O|  |TAMS 0x0000000704a00000, 0x0000000704900000| Untracked 
|   4|0x0000000704a00000, 0x0000000704b00000, 0x0000000704b00000|100%| O|  |TAMS 0x0000000704b00000, 0x0000000704a00000| Untracked 
|   5|0x0000000704b00000, 0x0000000704c00000, 0x0000000704c00000|100%| O|  |TAMS 0x0000000704c00000, 0x0000000704b00000| Untracked 
|   6|0x0000000704c00000, 0x0000000704c36200, 0x0000000704d00000| 21%| O|  |TAMS 0x0000000704c36200, 0x0000000704c00000| Untracked 
|   7|0x0000000704d00000, 0x0000000704d00000, 0x0000000704e00000|  0%| F|  |TAMS 0x0000000704d00000, 0x0000000704d00000| Untracked 
|   8|0x0000000704e00000, 0x0000000704e00000, 0x0000000704f00000|  0%| F|  |TAMS 0x0000000704e00000, 0x0000000704e00000| Untracked 
|   9|0x0000000704f00000, 0x0000000704f00000, 0x0000000705000000|  0%| F|  |TAMS 0x0000000704f00000, 0x0000000704f00000| Untracked 
|  10|0x0000000705000000, 0x0000000705000000, 0x0000000705100000|  0%| F|  |TAMS 0x0000000705000000, 0x0000000705000000| Untracked 
|  11|0x0000000705100000, 0x0000000705100000, 0x0000000705200000|  0%| F|  |TAMS 0x0000000705100000, 0x0000000705100000| Untracked 
|  12|0x0000000705200000, 0x0000000705200000, 0x0000000705300000|  0%| F|  |TAMS 0x0000000705200000, 0x0000000705200000| Untracked 
|  13|0x0000000705300000, 0x0000000705300000, 0x0000000705400000|  0%| F|  |TAMS 0x0000000705300000, 0x0000000705300000| Untracked 
|  14|0x0000000705400000, 0x0000000705400000, 0x0000000705500000|  0%| F|  |TAMS 0x0000000705400000, 0x0000000705400000| Untracked 
|  15|0x0000000705500000, 0x0000000705500000, 0x0000000705600000|  0%| F|  |TAMS 0x0000000705500000, 0x0000000705500000| Untracked 
|  16|0x0000000705600000, 0x0000000705600000, 0x0000000705700000|  0%| F|  |TAMS 0x0000000705600000, 0x0000000705600000| Untracked 
|  17|0x0000000705700000, 0x0000000705700000, 0x0000000705800000|  0%| F|  |TAMS 0x0000000705700000, 0x0000000705700000| Untracked 
|  18|0x0000000705800000, 0x0000000705800000, 0x0000000705900000|  0%| F|  |TAMS 0x0000000705800000, 0x0000000705800000| Untracked 
|  19|0x0000000705900000, 0x0000000705900000, 0x0000000705a00000|  0%| F|  |TAMS 0x0000000705900000, 0x0000000705900000| Untracked 
|  20|0x0000000705a00000, 0x0000000705a00000, 0x0000000705b00000|  0%| F|  |TAMS 0x0000000705a00000, 0x0000000705a00000| Untracked 
|  21|0x0000000705b00000, 0x0000000705b00000, 0x0000000705c00000|  0%| F|  |TAMS 0x0000000705b00000, 0x0000000705b00000| Untracked 
|  22|0x0000000705c00000, 0x0000000705c00000, 0x0000000705d00000|  0%| F|  |TAMS 0x0000000705c00000, 0x0000000705c00000| Untracked 
|  23|0x0000000705d00000, 0x0000000705d00000, 0x0000000705e00000|  0%| F|  |TAMS 0x0000000705d00000, 0x0000000705d00000| Untracked 
|  24|0x0000000705e00000, 0x0000000705e00000, 0x0000000705f00000|  0%| F|  |TAMS 0x0000000705e00000, 0x0000000705e00000| Untracked 
|  25|0x0000000705f00000, 0x0000000705f00000, 0x0000000706000000|  0%| F|  |TAMS 0x0000000705f00000, 0x0000000705f00000| Untracked 
|  26|0x0000000706000000, 0x0000000706000000, 0x0000000706100000|  0%| F|  |TAMS 0x0000000706000000, 0x0000000706000000| Untracked 
|  27|0x0000000706100000, 0x0000000706100000, 0x0000000706200000|  0%| F|  |TAMS 0x0000000706100000, 0x0000000706100000| Untracked 
|  28|0x0000000706200000, 0x0000000706200000, 0x0000000706300000|  0%| F|  |TAMS 0x0000000706200000, 0x0000000706200000| Untracked 
|  29|0x0000000706300000, 0x0000000706300000, 0x0000000706400000|  0%| F|  |TAMS 0x0000000706300000, 0x0000000706300000| Untracked 
|  30|0x0000000706400000, 0x0000000706400000, 0x0000000706500000|  0%| F|  |TAMS 0x0000000706400000, 0x0000000706400000| Untracked 
|  31|0x0000000706500000, 0x0000000706500000, 0x0000000706600000|  0%| F|  |TAMS 0x0000000706500000, 0x0000000706500000| Untracked 
|  32|0x0000000706600000, 0x0000000706600000, 0x0000000706700000|  0%| F|  |TAMS 0x0000000706600000, 0x0000000706600000| Untracked 
|  33|0x0000000706700000, 0x0000000706700000, 0x0000000706800000|  0%| F|  |TAMS 0x0000000706700000, 0x0000000706700000| Untracked 
|  34|0x0000000706800000, 0x0000000706800000, 0x0000000706900000|  0%| F|  |TAMS 0x0000000706800000, 0x0000000706800000| Untracked 
|  35|0x0000000706900000, 0x0000000706900000, 0x0000000706a00000|  0%| F|  |TAMS 0x0000000706900000, 0x0000000706900000| Untracked 
|  36|0x0000000706a00000, 0x0000000706a00000, 0x0000000706b00000|  0%| F|  |TAMS 0x0000000706a00000, 0x0000000706a00000| Untracked 
|  37|0x0000000706b00000, 0x0000000706b00000, 0x0000000706c00000|  0%| F|  |TAMS 0x0000000706b00000, 0x0000000706b00000| Untracked 
|  38|0x0000000706c00000, 0x0000000706c00000, 0x0000000706d00000|  0%| F|  |TAMS 0x0000000706c00000, 0x0000000706c00000| Untracked 
|  39|0x0000000706d00000, 0x0000000706d00000, 0x0000000706e00000|  0%| F|  |TAMS 0x0000000706d00000, 0x0000000706d00000| Untracked 
|  40|0x0000000706e00000, 0x0000000706e00000, 0x0000000706f00000|  0%| F|  |TAMS 0x0000000706e00000, 0x0000000706e00000| Untracked 
|  41|0x0000000706f00000, 0x0000000706f00000, 0x0000000707000000|  0%| F|  |TAMS 0x0000000706f00000, 0x0000000706f00000| Untracked 
|  42|0x0000000707000000, 0x0000000707000000, 0x0000000707100000|  0%| F|  |TAMS 0x0000000707000000, 0x0000000707000000| Untracked 
|  43|0x0000000707100000, 0x0000000707100000, 0x0000000707200000|  0%| F|  |TAMS 0x0000000707100000, 0x0000000707100000| Untracked 
|  44|0x0000000707200000, 0x0000000707200000, 0x0000000707300000|  0%| F|  |TAMS 0x0000000707200000, 0x0000000707200000| Untracked 
|  45|0x0000000707300000, 0x0000000707300000, 0x0000000707400000|  0%| F|  |TAMS 0x0000000707300000, 0x0000000707300000| Untracked 
|  46|0x0000000707400000, 0x0000000707400000, 0x0000000707500000|  0%| F|  |TAMS 0x0000000707400000, 0x0000000707400000| Untracked 
|  47|0x0000000707500000, 0x0000000707500000, 0x0000000707600000|  0%| F|  |TAMS 0x0000000707500000, 0x0000000707500000| Untracked 
|  48|0x0000000707600000, 0x0000000707600000, 0x0000000707700000|  0%| F|  |TAMS 0x0000000707600000, 0x0000000707600000| Untracked 
|  49|0x0000000707700000, 0x0000000707700000, 0x0000000707800000|  0%| F|  |TAMS 0x0000000707700000, 0x0000000707700000| Untracked 
|  50|0x0000000707800000, 0x0000000707800000, 0x0000000707900000|  0%| F|  |TAMS 0x0000000707800000, 0x0000000707800000| Untracked 
|  51|0x0000000707900000, 0x0000000707900000, 0x0000000707a00000|  0%| F|  |TAMS 0x0000000707900000, 0x0000000707900000| Untracked 
|  52|0x0000000707a00000, 0x0000000707a00000, 0x0000000707b00000|  0%| F|  |TAMS 0x0000000707a00000, 0x0000000707a00000| Untracked 
|  53|0x0000000707b00000, 0x0000000707b00000, 0x0000000707c00000|  0%| F|  |TAMS 0x0000000707b00000, 0x0000000707b00000| Untracked 
|  54|0x0000000707c00000, 0x0000000707c00000, 0x0000000707d00000|  0%| F|  |TAMS 0x0000000707c00000, 0x0000000707c00000| Untracked 
|  55|0x0000000707d00000, 0x0000000707d00000, 0x0000000707e00000|  0%| F|  |TAMS 0x0000000707d00000, 0x0000000707d00000| Untracked 
|  56|0x0000000707e00000, 0x0000000707e00000, 0x0000000707f00000|  0%| F|  |TAMS 0x0000000707e00000, 0x0000000707e00000| Untracked 
|  57|0x0000000707f00000, 0x0000000707f00000, 0x0000000708000000|  0%| F|  |TAMS 0x0000000707f00000, 0x0000000707f00000| Untracked 
|  58|0x0000000708000000, 0x0000000708000000, 0x0000000708100000|  0%| F|  |TAMS 0x0000000708000000, 0x0000000708000000| Untracked 
|  59|0x0000000708100000, 0x0000000708100000, 0x0000000708200000|  0%| F|  |TAMS 0x0000000708100000, 0x0000000708100000| Untracked 
|  60|0x0000000708200000, 0x0000000708200000, 0x0000000708300000|  0%| F|  |TAMS 0x0000000708200000, 0x0000000708200000| Untracked 
|  61|0x0000000708300000, 0x0000000708300000, 0x0000000708400000|  0%| F|  |TAMS 0x0000000708300000, 0x0000000708300000| Untracked 
|  62|0x0000000708400000, 0x0000000708400000, 0x0000000708500000|  0%| F|  |TAMS 0x0000000708400000, 0x0000000708400000| Untracked 
|  63|0x0000000708500000, 0x0000000708500000, 0x0000000708600000|  0%| F|  |TAMS 0x0000000708500000, 0x0000000708500000| Untracked 
|  64|0x0000000708600000, 0x0000000708600000, 0x0000000708700000|  0%| F|  |TAMS 0x0000000708600000, 0x0000000708600000| Untracked 
|  65|0x0000000708700000, 0x0000000708700000, 0x0000000708800000|  0%| F|  |TAMS 0x0000000708700000, 0x0000000708700000| Untracked 
|  66|0x0000000708800000, 0x0000000708800000, 0x0000000708900000|  0%| F|  |TAMS 0x0000000708800000, 0x0000000708800000| Untracked 
|  67|0x0000000708900000, 0x0000000708900000, 0x0000000708a00000|  0%| F|  |TAMS 0x0000000708900000, 0x0000000708900000| Untracked 
|  68|0x0000000708a00000, 0x0000000708a00000, 0x0000000708b00000|  0%| F|  |TAMS 0x0000000708a00000, 0x0000000708a00000| Untracked 
|  69|0x0000000708b00000, 0x0000000708b00000, 0x0000000708c00000|  0%| F|  |TAMS 0x0000000708b00000, 0x0000000708b00000| Untracked 
|  70|0x0000000708c00000, 0x0000000708c00000, 0x0000000708d00000|  0%| F|  |TAMS 0x0000000708c00000, 0x0000000708c00000| Untracked 
|  71|0x0000000708d00000, 0x0000000708d00000, 0x0000000708e00000|  0%| F|  |TAMS 0x0000000708d00000, 0x0000000708d00000| Untracked 
|  72|0x0000000708e00000, 0x0000000708e00000, 0x0000000708f00000|  0%| F|  |TAMS 0x0000000708e00000, 0x0000000708e00000| Untracked 
|  73|0x0000000708f00000, 0x0000000708f00000, 0x0000000709000000|  0%| F|  |TAMS 0x0000000708f00000, 0x0000000708f00000| Untracked 
|  74|0x0000000709000000, 0x0000000709000000, 0x0000000709100000|  0%| F|  |TAMS 0x0000000709000000, 0x0000000709000000| Untracked 
|  75|0x0000000709100000, 0x0000000709100000, 0x0000000709200000|  0%| F|  |TAMS 0x0000000709100000, 0x0000000709100000| Untracked 
|  76|0x0000000709200000, 0x0000000709200000, 0x0000000709300000|  0%| F|  |TAMS 0x0000000709200000, 0x0000000709200000| Untracked 
|  77|0x0000000709300000, 0x0000000709300000, 0x0000000709400000|  0%| F|  |TAMS 0x0000000709300000, 0x0000000709300000| Untracked 
|  78|0x0000000709400000, 0x0000000709400000, 0x0000000709500000|  0%| F|  |TAMS 0x0000000709400000, 0x0000000709400000| Untracked 
|  79|0x0000000709500000, 0x0000000709500000, 0x0000000709600000|  0%| F|  |TAMS 0x0000000709500000, 0x0000000709500000| Untracked 
|  80|0x0000000709600000, 0x0000000709600000, 0x0000000709700000|  0%| F|  |TAMS 0x0000000709600000, 0x0000000709600000| Untracked 
|  81|0x0000000709700000, 0x0000000709700000, 0x0000000709800000|  0%| F|  |TAMS 0x0000000709700000, 0x0000000709700000| Untracked 
|  82|0x0000000709800000, 0x0000000709800000, 0x0000000709900000|  0%| F|  |TAMS 0x0000000709800000, 0x0000000709800000| Untracked 
|  83|0x0000000709900000, 0x0000000709900000, 0x0000000709a00000|  0%| F|  |TAMS 0x0000000709900000, 0x0000000709900000| Untracked 
|  84|0x0000000709a00000, 0x0000000709a00000, 0x0000000709b00000|  0%| F|  |TAMS 0x0000000709a00000, 0x0000000709a00000| Untracked 
|  85|0x0000000709b00000, 0x0000000709b00000, 0x0000000709c00000|  0%| F|  |TAMS 0x0000000709b00000, 0x0000000709b00000| Untracked 
|  86|0x0000000709c00000, 0x0000000709c00000, 0x0000000709d00000|  0%| F|  |TAMS 0x0000000709c00000, 0x0000000709c00000| Untracked 
|  87|0x0000000709d00000, 0x0000000709d00000, 0x0000000709e00000|  0%| F|  |TAMS 0x0000000709d00000, 0x0000000709d00000| Untracked 
|  88|0x0000000709e00000, 0x0000000709e00000, 0x0000000709f00000|  0%| F|  |TAMS 0x0000000709e00000, 0x0000000709e00000| Untracked 
|  89|0x0000000709f00000, 0x0000000709f00000, 0x000000070a000000|  0%| F|  |TAMS 0x0000000709f00000, 0x0000000709f00000| Untracked 
|  90|0x000000070a000000, 0x000000070a000000, 0x000000070a100000|  0%| F|  |TAMS 0x000000070a000000, 0x000000070a000000| Untracked 
|  91|0x000000070a100000, 0x000000070a100000, 0x000000070a200000|  0%| F|  |TAMS 0x000000070a100000, 0x000000070a100000| Untracked 
|  92|0x000000070a200000, 0x000000070a200000, 0x000000070a300000|  0%| F|  |TAMS 0x000000070a200000, 0x000000070a200000| Untracked 
|  93|0x000000070a300000, 0x000000070a300000, 0x000000070a400000|  0%| F|  |TAMS 0x000000070a300000, 0x000000070a300000| Untracked 
|  94|0x000000070a400000, 0x000000070a400000, 0x000000070a500000|  0%| F|  |TAMS 0x000000070a400000, 0x000000070a400000| Untracked 
|  95|0x000000070a500000, 0x000000070a500000, 0x000000070a600000|  0%| F|  |TAMS 0x000000070a500000, 0x000000070a500000| Untracked 
|  96|0x000000070a600000, 0x000000070a600000, 0x000000070a700000|  0%| F|  |TAMS 0x000000070a600000, 0x000000070a600000| Untracked 
|  97|0x000000070a700000, 0x000000070a700000, 0x000000070a800000|  0%| F|  |TAMS 0x000000070a700000, 0x000000070a700000| Untracked 
|  98|0x000000070a800000, 0x000000070a800000, 0x000000070a900000|  0%| F|  |TAMS 0x000000070a800000, 0x000000070a800000| Untracked 
|  99|0x000000070a900000, 0x000000070a900000, 0x000000070aa00000|  0%| F|  |TAMS 0x000000070a900000, 0x000000070a900000| Untracked 
| 100|0x000000070aa00000, 0x000000070aa00000, 0x000000070ab00000|  0%| F|  |TAMS 0x000000070aa00000, 0x000000070aa00000| Untracked 
| 101|0x000000070ab00000, 0x000000070ab00000, 0x000000070ac00000|  0%| F|  |TAMS 0x000000070ab00000, 0x000000070ab00000| Untracked 
| 102|0x000000070ac00000, 0x000000070ac00000, 0x000000070ad00000|  0%| F|  |TAMS 0x000000070ac00000, 0x000000070ac00000| Untracked 
| 103|0x000000070ad00000, 0x000000070ad00000, 0x000000070ae00000|  0%| F|  |TAMS 0x000000070ad00000, 0x000000070ad00000| Untracked 
| 104|0x000000070ae00000, 0x000000070ae00000, 0x000000070af00000|  0%| F|  |TAMS 0x000000070ae00000, 0x000000070ae00000| Untracked 
| 105|0x000000070af00000, 0x000000070af00000, 0x000000070b000000|  0%| F|  |TAMS 0x000000070af00000, 0x000000070af00000| Untracked 
| 106|0x000000070b000000, 0x000000070b000000, 0x000000070b100000|  0%| F|  |TAMS 0x000000070b000000, 0x000000070b000000| Untracked 
| 107|0x000000070b100000, 0x000000070b100000, 0x000000070b200000|  0%| F|  |TAMS 0x000000070b100000, 0x000000070b100000| Untracked 
| 108|0x000000070b200000, 0x000000070b200000, 0x000000070b300000|  0%| F|  |TAMS 0x000000070b200000, 0x000000070b200000| Untracked 
| 109|0x000000070b300000, 0x000000070b300000, 0x000000070b400000|  0%| F|  |TAMS 0x000000070b300000, 0x000000070b300000| Untracked 
| 110|0x000000070b400000, 0x000000070b400000, 0x000000070b500000|  0%| F|  |TAMS 0x000000070b400000, 0x000000070b400000| Untracked 
| 111|0x000000070b500000, 0x000000070b500000, 0x000000070b600000|  0%| F|  |TAMS 0x000000070b500000, 0x000000070b500000| Untracked 
| 112|0x000000070b600000, 0x000000070b600000, 0x000000070b700000|  0%| F|  |TAMS 0x000000070b600000, 0x000000070b600000| Untracked 
| 113|0x000000070b700000, 0x000000070b700000, 0x000000070b800000|  0%| F|  |TAMS 0x000000070b700000, 0x000000070b700000| Untracked 
| 114|0x000000070b800000, 0x000000070b800000, 0x000000070b900000|  0%| F|  |TAMS 0x000000070b800000, 0x000000070b800000| Untracked 
| 115|0x000000070b900000, 0x000000070b900000, 0x000000070ba00000|  0%| F|  |TAMS 0x000000070b900000, 0x000000070b900000| Untracked 
| 116|0x000000070ba00000, 0x000000070ba00000, 0x000000070bb00000|  0%| F|  |TAMS 0x000000070ba00000, 0x000000070ba00000| Untracked 
| 117|0x000000070bb00000, 0x000000070bb00000, 0x000000070bc00000|  0%| F|  |TAMS 0x000000070bb00000, 0x000000070bb00000| Untracked 
| 118|0x000000070bc00000, 0x000000070bce3100, 0x000000070bd00000| 88%| S|CS|TAMS 0x000000070bc00000, 0x000000070bc00000| Complete 
| 119|0x000000070bd00000, 0x000000070be00000, 0x000000070be00000|100%| S|CS|TAMS 0x000000070bd00000, 0x000000070bd00000| Complete 
| 120|0x000000070be00000, 0x000000070bf00000, 0x000000070bf00000|100%| S|CS|TAMS 0x000000070be00000, 0x000000070be00000| Complete 
| 121|0x000000070bf00000, 0x000000070c000000, 0x000000070c000000|100%| S|CS|TAMS 0x000000070bf00000, 0x000000070bf00000| Complete 
| 122|0x000000070c000000, 0x000000070c100000, 0x000000070c100000|100%| S|CS|TAMS 0x000000070c000000, 0x000000070c000000| Complete 
| 123|0x000000070c100000, 0x000000070c200000, 0x000000070c200000|100%| S|CS|TAMS 0x000000070c100000, 0x000000070c100000| Complete 
| 124|0x000000070c200000, 0x000000070c300000, 0x000000070c300000|100%| S|CS|TAMS 0x000000070c200000, 0x000000070c200000| Complete 
| 125|0x000000070c300000, 0x000000070c400000, 0x000000070c400000|100%| S|CS|TAMS 0x000000070c300000, 0x000000070c300000| Complete 
| 126|0x000000070c400000, 0x000000070c500000, 0x000000070c500000|100%| S|CS|TAMS 0x000000070c400000, 0x000000070c400000| Complete 
| 127|0x000000070c500000, 0x000000070c600000, 0x000000070c600000|100%| S|CS|TAMS 0x000000070c500000, 0x000000070c500000| Complete 
| 128|0x000000070c600000, 0x000000070c700000, 0x000000070c700000|100%| S|CS|TAMS 0x000000070c600000, 0x000000070c600000| Complete 
| 129|0x000000070c700000, 0x000000070c800000, 0x000000070c800000|100%| S|CS|TAMS 0x000000070c700000, 0x000000070c700000| Complete 
| 130|0x000000070c800000, 0x000000070c900000, 0x000000070c900000|100%| S|CS|TAMS 0x000000070c800000, 0x000000070c800000| Complete 
| 131|0x000000070c900000, 0x000000070ca00000, 0x000000070ca00000|100%| S|CS|TAMS 0x000000070c900000, 0x000000070c900000| Complete 
| 132|0x000000070ca00000, 0x000000070cb00000, 0x000000070cb00000|100%| S|CS|TAMS 0x000000070ca00000, 0x000000070ca00000| Complete 
| 133|0x000000070cb00000, 0x000000070cc00000, 0x000000070cc00000|100%| S|CS|TAMS 0x000000070cb00000, 0x000000070cb00000| Complete 
| 134|0x000000070cc00000, 0x000000070cc00000, 0x000000070cd00000|  0%| F|  |TAMS 0x000000070cc00000, 0x000000070cc00000| Untracked 
| 135|0x000000070cd00000, 0x000000070cd00000, 0x000000070ce00000|  0%| F|  |TAMS 0x000000070cd00000, 0x000000070cd00000| Untracked 
| 136|0x000000070ce00000, 0x000000070ce00000, 0x000000070cf00000|  0%| F|  |TAMS 0x000000070ce00000, 0x000000070ce00000| Untracked 
| 137|0x000000070cf00000, 0x000000070cf00000, 0x000000070d000000|  0%| F|  |TAMS 0x000000070cf00000, 0x000000070cf00000| Untracked 
| 138|0x000000070d000000, 0x000000070d000000, 0x000000070d100000|  0%| F|  |TAMS 0x000000070d000000, 0x000000070d000000| Untracked 
| 139|0x000000070d100000, 0x000000070d100000, 0x000000070d200000|  0%| F|  |TAMS 0x000000070d100000, 0x000000070d100000| Untracked 
| 140|0x000000070d200000, 0x000000070d200000, 0x000000070d300000|  0%| F|  |TAMS 0x000000070d200000, 0x000000070d200000| Untracked 
| 141|0x000000070d300000, 0x000000070d300000, 0x000000070d400000|  0%| F|  |TAMS 0x000000070d300000, 0x000000070d300000| Untracked 
| 142|0x000000070d400000, 0x000000070d400000, 0x000000070d500000|  0%| F|  |TAMS 0x000000070d400000, 0x000000070d400000| Untracked 
| 143|0x000000070d500000, 0x000000070d500000, 0x000000070d600000|  0%| F|  |TAMS 0x000000070d500000, 0x000000070d500000| Untracked 
| 144|0x000000070d600000, 0x000000070d600000, 0x000000070d700000|  0%| F|  |TAMS 0x000000070d600000, 0x000000070d600000| Untracked 
| 145|0x000000070d700000, 0x000000070d700000, 0x000000070d800000|  0%| F|  |TAMS 0x000000070d700000, 0x000000070d700000| Untracked 
| 146|0x000000070d800000, 0x000000070d800000, 0x000000070d900000|  0%| F|  |TAMS 0x000000070d800000, 0x000000070d800000| Untracked 
| 147|0x000000070d900000, 0x000000070d900000, 0x000000070da00000|  0%| F|  |TAMS 0x000000070d900000, 0x000000070d900000| Untracked 
| 148|0x000000070da00000, 0x000000070da00000, 0x000000070db00000|  0%| F|  |TAMS 0x000000070da00000, 0x000000070da00000| Untracked 
| 149|0x000000070db00000, 0x000000070db00000, 0x000000070dc00000|  0%| F|  |TAMS 0x000000070db00000, 0x000000070db00000| Untracked 
| 150|0x000000070dc00000, 0x000000070dc00000, 0x000000070dd00000|  0%| F|  |TAMS 0x000000070dc00000, 0x000000070dc00000| Untracked 
| 151|0x000000070dd00000, 0x000000070dd00000, 0x000000070de00000|  0%| F|  |TAMS 0x000000070dd00000, 0x000000070dd00000| Untracked 
| 152|0x000000070de00000, 0x000000070de00000, 0x000000070df00000|  0%| F|  |TAMS 0x000000070de00000, 0x000000070de00000| Untracked 
| 153|0x000000070df00000, 0x000000070df00000, 0x000000070e000000|  0%| F|  |TAMS 0x000000070df00000, 0x000000070df00000| Untracked 
| 154|0x000000070e000000, 0x000000070e000000, 0x000000070e100000|  0%| F|  |TAMS 0x000000070e000000, 0x000000070e000000| Untracked 
| 155|0x000000070e100000, 0x000000070e100000, 0x000000070e200000|  0%| F|  |TAMS 0x000000070e100000, 0x000000070e100000| Untracked 
| 156|0x000000070e200000, 0x000000070e200000, 0x000000070e300000|  0%| F|  |TAMS 0x000000070e200000, 0x000000070e200000| Untracked 
| 157|0x000000070e300000, 0x000000070e300000, 0x000000070e400000|  0%| F|  |TAMS 0x000000070e300000, 0x000000070e300000| Untracked 
| 158|0x000000070e400000, 0x000000070e400000, 0x000000070e500000|  0%| F|  |TAMS 0x000000070e400000, 0x000000070e400000| Untracked 
| 159|0x000000070e500000, 0x000000070e500000, 0x000000070e600000|  0%| F|  |TAMS 0x000000070e500000, 0x000000070e500000| Untracked 
| 160|0x000000070e600000, 0x000000070e600000, 0x000000070e700000|  0%| F|  |TAMS 0x000000070e600000, 0x000000070e600000| Untracked 
| 161|0x000000070e700000, 0x000000070e700000, 0x000000070e800000|  0%| F|  |TAMS 0x000000070e700000, 0x000000070e700000| Untracked 
| 162|0x000000070e800000, 0x000000070e800000, 0x000000070e900000|  0%| F|  |TAMS 0x000000070e800000, 0x000000070e800000| Untracked 
| 163|0x000000070e900000, 0x000000070e900000, 0x000000070ea00000|  0%| F|  |TAMS 0x000000070e900000, 0x000000070e900000| Untracked 
| 164|0x000000070ea00000, 0x000000070ea00000, 0x000000070eb00000|  0%| F|  |TAMS 0x000000070ea00000, 0x000000070ea00000| Untracked 
| 165|0x000000070eb00000, 0x000000070eb00000, 0x000000070ec00000|  0%| F|  |TAMS 0x000000070eb00000, 0x000000070eb00000| Untracked 
| 166|0x000000070ec00000, 0x000000070ec00000, 0x000000070ed00000|  0%| F|  |TAMS 0x000000070ec00000, 0x000000070ec00000| Untracked 
| 167|0x000000070ed00000, 0x000000070ed00000, 0x000000070ee00000|  0%| F|  |TAMS 0x000000070ed00000, 0x000000070ed00000| Untracked 
| 168|0x000000070ee00000, 0x000000070ee00000, 0x000000070ef00000|  0%| F|  |TAMS 0x000000070ee00000, 0x000000070ee00000| Untracked 
| 169|0x000000070ef00000, 0x000000070ef00000, 0x000000070f000000|  0%| F|  |TAMS 0x000000070ef00000, 0x000000070ef00000| Untracked 
| 170|0x000000070f000000, 0x000000070f000000, 0x000000070f100000|  0%| F|  |TAMS 0x000000070f000000, 0x000000070f000000| Untracked 
| 171|0x000000070f100000, 0x000000070f100000, 0x000000070f200000|  0%| F|  |TAMS 0x000000070f100000, 0x000000070f100000| Untracked 
| 172|0x000000070f200000, 0x000000070f200000, 0x000000070f300000|  0%| F|  |TAMS 0x000000070f200000, 0x000000070f200000| Untracked 
| 173|0x000000070f300000, 0x000000070f300000, 0x000000070f400000|  0%| F|  |TAMS 0x000000070f300000, 0x000000070f300000| Untracked 
| 174|0x000000070f400000, 0x000000070f400000, 0x000000070f500000|  0%| F|  |TAMS 0x000000070f400000, 0x000000070f400000| Untracked 
| 175|0x000000070f500000, 0x000000070f500000, 0x000000070f600000|  0%| F|  |TAMS 0x000000070f500000, 0x000000070f500000| Untracked 
| 176|0x000000070f600000, 0x000000070f600000, 0x000000070f700000|  0%| F|  |TAMS 0x000000070f600000, 0x000000070f600000| Untracked 
| 177|0x000000070f700000, 0x000000070f700000, 0x000000070f800000|  0%| F|  |TAMS 0x000000070f700000, 0x000000070f700000| Untracked 
| 178|0x000000070f800000, 0x000000070f800000, 0x000000070f900000|  0%| F|  |TAMS 0x000000070f800000, 0x000000070f800000| Untracked 
| 179|0x000000070f900000, 0x000000070f900000, 0x000000070fa00000|  0%| F|  |TAMS 0x000000070f900000, 0x000000070f900000| Untracked 
| 180|0x000000070fa00000, 0x000000070fa00000, 0x000000070fb00000|  0%| F|  |TAMS 0x000000070fa00000, 0x000000070fa00000| Untracked 
| 181|0x000000070fb00000, 0x000000070fb00000, 0x000000070fc00000|  0%| F|  |TAMS 0x000000070fb00000, 0x000000070fb00000| Untracked 
| 182|0x000000070fc00000, 0x000000070fc00000, 0x000000070fd00000|  0%| F|  |TAMS 0x000000070fc00000, 0x000000070fc00000| Untracked 
| 183|0x000000070fd00000, 0x000000070fd00000, 0x000000070fe00000|  0%| F|  |TAMS 0x000000070fd00000, 0x000000070fd00000| Untracked 
| 184|0x000000070fe00000, 0x000000070fe00000, 0x000000070ff00000|  0%| F|  |TAMS 0x000000070fe00000, 0x000000070fe00000| Untracked 
| 185|0x000000070ff00000, 0x000000070ff00000, 0x0000000710000000|  0%| F|  |TAMS 0x000000070ff00000, 0x000000070ff00000| Untracked 
| 186|0x0000000710000000, 0x0000000710000000, 0x0000000710100000|  0%| F|  |TAMS 0x0000000710000000, 0x0000000710000000| Untracked 
| 187|0x0000000710100000, 0x0000000710100000, 0x0000000710200000|  0%| F|  |TAMS 0x0000000710100000, 0x0000000710100000| Untracked 
| 188|0x0000000710200000, 0x0000000710200000, 0x0000000710300000|  0%| F|  |TAMS 0x0000000710200000, 0x0000000710200000| Untracked 
| 189|0x0000000710300000, 0x0000000710300000, 0x0000000710400000|  0%| F|  |TAMS 0x0000000710300000, 0x0000000710300000| Untracked 
| 190|0x0000000710400000, 0x0000000710400000, 0x0000000710500000|  0%| F|  |TAMS 0x0000000710400000, 0x0000000710400000| Untracked 
| 191|0x0000000710500000, 0x0000000710500000, 0x0000000710600000|  0%| F|  |TAMS 0x0000000710500000, 0x0000000710500000| Untracked 
| 192|0x0000000710600000, 0x0000000710600000, 0x0000000710700000|  0%| F|  |TAMS 0x0000000710600000, 0x0000000710600000| Untracked 
| 193|0x0000000710700000, 0x0000000710700000, 0x0000000710800000|  0%| F|  |TAMS 0x0000000710700000, 0x0000000710700000| Untracked 
| 194|0x0000000710800000, 0x0000000710800000, 0x0000000710900000|  0%| F|  |TAMS 0x0000000710800000, 0x0000000710800000| Untracked 
| 195|0x0000000710900000, 0x0000000710900000, 0x0000000710a00000|  0%| F|  |TAMS 0x0000000710900000, 0x0000000710900000| Untracked 
| 196|0x0000000710a00000, 0x0000000710a00000, 0x0000000710b00000|  0%| F|  |TAMS 0x0000000710a00000, 0x0000000710a00000| Untracked 
| 197|0x0000000710b00000, 0x0000000710b00000, 0x0000000710c00000|  0%| F|  |TAMS 0x0000000710b00000, 0x0000000710b00000| Untracked 
| 198|0x0000000710c00000, 0x0000000710c00000, 0x0000000710d00000|  0%| F|  |TAMS 0x0000000710c00000, 0x0000000710c00000| Untracked 
| 199|0x0000000710d00000, 0x0000000710d00000, 0x0000000710e00000|  0%| F|  |TAMS 0x0000000710d00000, 0x0000000710d00000| Untracked 
| 200|0x0000000710e00000, 0x0000000710e00000, 0x0000000710f00000|  0%| F|  |TAMS 0x0000000710e00000, 0x0000000710e00000| Untracked 
| 201|0x0000000710f00000, 0x0000000710f00000, 0x0000000711000000|  0%| F|  |TAMS 0x0000000710f00000, 0x0000000710f00000| Untracked 
| 202|0x0000000711000000, 0x0000000711000000, 0x0000000711100000|  0%| F|  |TAMS 0x0000000711000000, 0x0000000711000000| Untracked 
| 203|0x0000000711100000, 0x0000000711100000, 0x0000000711200000|  0%| F|  |TAMS 0x0000000711100000, 0x0000000711100000| Untracked 
| 204|0x0000000711200000, 0x0000000711200000, 0x0000000711300000|  0%| F|  |TAMS 0x0000000711200000, 0x0000000711200000| Untracked 
| 205|0x0000000711300000, 0x0000000711300000, 0x0000000711400000|  0%| F|  |TAMS 0x0000000711300000, 0x0000000711300000| Untracked 
| 206|0x0000000711400000, 0x0000000711400000, 0x0000000711500000|  0%| F|  |TAMS 0x0000000711400000, 0x0000000711400000| Untracked 
| 207|0x0000000711500000, 0x0000000711500000, 0x0000000711600000|  0%| F|  |TAMS 0x0000000711500000, 0x0000000711500000| Untracked 
| 208|0x0000000711600000, 0x0000000711600000, 0x0000000711700000|  0%| F|  |TAMS 0x0000000711600000, 0x0000000711600000| Untracked 
| 209|0x0000000711700000, 0x0000000711700000, 0x0000000711800000|  0%| F|  |TAMS 0x0000000711700000, 0x0000000711700000| Untracked 
| 210|0x0000000711800000, 0x0000000711800000, 0x0000000711900000|  0%| F|  |TAMS 0x0000000711800000, 0x0000000711800000| Untracked 
| 211|0x0000000711900000, 0x0000000711900000, 0x0000000711a00000|  0%| F|  |TAMS 0x0000000711900000, 0x0000000711900000| Untracked 
| 212|0x0000000711a00000, 0x0000000711a00000, 0x0000000711b00000|  0%| F|  |TAMS 0x0000000711a00000, 0x0000000711a00000| Untracked 
| 213|0x0000000711b00000, 0x0000000711b00000, 0x0000000711c00000|  0%| F|  |TAMS 0x0000000711b00000, 0x0000000711b00000| Untracked 
| 214|0x0000000711c00000, 0x0000000711c00000, 0x0000000711d00000|  0%| F|  |TAMS 0x0000000711c00000, 0x0000000711c00000| Untracked 
| 215|0x0000000711d00000, 0x0000000711d00000, 0x0000000711e00000|  0%| F|  |TAMS 0x0000000711d00000, 0x0000000711d00000| Untracked 
| 216|0x0000000711e00000, 0x0000000711e00000, 0x0000000711f00000|  0%| F|  |TAMS 0x0000000711e00000, 0x0000000711e00000| Untracked 
| 217|0x0000000711f00000, 0x0000000711f00000, 0x0000000712000000|  0%| F|  |TAMS 0x0000000711f00000, 0x0000000711f00000| Untracked 
| 218|0x0000000712000000, 0x0000000712000000, 0x0000000712100000|  0%| F|  |TAMS 0x0000000712000000, 0x0000000712000000| Untracked 
| 219|0x0000000712100000, 0x0000000712100000, 0x0000000712200000|  0%| F|  |TAMS 0x0000000712100000, 0x0000000712100000| Untracked 
| 220|0x0000000712200000, 0x0000000712200000, 0x0000000712300000|  0%| F|  |TAMS 0x0000000712200000, 0x0000000712200000| Untracked 
| 221|0x0000000712300000, 0x0000000712300000, 0x0000000712400000|  0%| F|  |TAMS 0x0000000712300000, 0x0000000712300000| Untracked 
| 222|0x0000000712400000, 0x0000000712400000, 0x0000000712500000|  0%| F|  |TAMS 0x0000000712400000, 0x0000000712400000| Untracked 
| 223|0x0000000712500000, 0x0000000712500000, 0x0000000712600000|  0%| F|  |TAMS 0x0000000712500000, 0x0000000712500000| Untracked 
| 224|0x0000000712600000, 0x0000000712600000, 0x0000000712700000|  0%| F|  |TAMS 0x0000000712600000, 0x0000000712600000| Untracked 
| 225|0x0000000712700000, 0x0000000712700000, 0x0000000712800000|  0%| F|  |TAMS 0x0000000712700000, 0x0000000712700000| Untracked 
| 226|0x0000000712800000, 0x0000000712800000, 0x0000000712900000|  0%| F|  |TAMS 0x0000000712800000, 0x0000000712800000| Untracked 
| 227|0x0000000712900000, 0x0000000712900000, 0x0000000712a00000|  0%| F|  |TAMS 0x0000000712900000, 0x0000000712900000| Untracked 
| 228|0x0000000712a00000, 0x0000000712a00000, 0x0000000712b00000|  0%| F|  |TAMS 0x0000000712a00000, 0x0000000712a00000| Untracked 
| 229|0x0000000712b00000, 0x0000000712b00000, 0x0000000712c00000|  0%| F|  |TAMS 0x0000000712b00000, 0x0000000712b00000| Untracked 
| 230|0x0000000712c00000, 0x0000000712c00000, 0x0000000712d00000|  0%| F|  |TAMS 0x0000000712c00000, 0x0000000712c00000| Untracked 
| 231|0x0000000712d00000, 0x0000000712d00000, 0x0000000712e00000|  0%| F|  |TAMS 0x0000000712d00000, 0x0000000712d00000| Untracked 
| 232|0x0000000712e00000, 0x0000000712e00000, 0x0000000712f00000|  0%| F|  |TAMS 0x0000000712e00000, 0x0000000712e00000| Untracked 
| 233|0x0000000712f00000, 0x0000000712f00000, 0x0000000713000000|  0%| F|  |TAMS 0x0000000712f00000, 0x0000000712f00000| Untracked 
| 234|0x0000000713000000, 0x0000000713000000, 0x0000000713100000|  0%| F|  |TAMS 0x0000000713000000, 0x0000000713000000| Untracked 
| 235|0x0000000713100000, 0x0000000713100000, 0x0000000713200000|  0%| F|  |TAMS 0x0000000713100000, 0x0000000713100000| Untracked 
| 236|0x0000000713200000, 0x0000000713200000, 0x0000000713300000|  0%| F|  |TAMS 0x0000000713200000, 0x0000000713200000| Untracked 
| 237|0x0000000713300000, 0x0000000713300000, 0x0000000713400000|  0%| F|  |TAMS 0x0000000713300000, 0x0000000713300000| Untracked 
| 238|0x0000000713400000, 0x0000000713400000, 0x0000000713500000|  0%| F|  |TAMS 0x0000000713400000, 0x0000000713400000| Untracked 
| 239|0x0000000713500000, 0x0000000713500000, 0x0000000713600000|  0%| F|  |TAMS 0x0000000713500000, 0x0000000713500000| Untracked 
| 240|0x0000000713600000, 0x0000000713600000, 0x0000000713700000|  0%| F|  |TAMS 0x0000000713600000, 0x0000000713600000| Untracked 
| 241|0x0000000713700000, 0x0000000713700000, 0x0000000713800000|  0%| F|  |TAMS 0x0000000713700000, 0x0000000713700000| Untracked 
| 242|0x0000000713800000, 0x0000000713800000, 0x0000000713900000|  0%| F|  |TAMS 0x0000000713800000, 0x0000000713800000| Untracked 
| 243|0x0000000713900000, 0x0000000713900000, 0x0000000713a00000|  0%| F|  |TAMS 0x0000000713900000, 0x0000000713900000| Untracked 
| 244|0x0000000713a00000, 0x0000000713a00000, 0x0000000713b00000|  0%| F|  |TAMS 0x0000000713a00000, 0x0000000713a00000| Untracked 
| 245|0x0000000713b00000, 0x0000000713b00000, 0x0000000713c00000|  0%| F|  |TAMS 0x0000000713b00000, 0x0000000713b00000| Untracked 
| 246|0x0000000713c00000, 0x0000000713c00000, 0x0000000713d00000|  0%| F|  |TAMS 0x0000000713c00000, 0x0000000713c00000| Untracked 
| 247|0x0000000713d00000, 0x0000000713d00000, 0x0000000713e00000|  0%| F|  |TAMS 0x0000000713d00000, 0x0000000713d00000| Untracked 
| 248|0x0000000713e00000, 0x0000000713e00000, 0x0000000713f00000|  0%| F|  |TAMS 0x0000000713e00000, 0x0000000713e00000| Untracked 
| 249|0x0000000713f00000, 0x0000000713f00000, 0x0000000714000000|  0%| F|  |TAMS 0x0000000713f00000, 0x0000000713f00000| Untracked 
| 250|0x0000000714000000, 0x0000000714000000, 0x0000000714100000|  0%| F|  |TAMS 0x0000000714000000, 0x0000000714000000| Untracked 
| 251|0x0000000714100000, 0x0000000714100000, 0x0000000714200000|  0%| F|  |TAMS 0x0000000714100000, 0x0000000714100000| Untracked 
| 252|0x0000000714200000, 0x0000000714200000, 0x0000000714300000|  0%| F|  |TAMS 0x0000000714200000, 0x0000000714200000| Untracked 
| 253|0x0000000714300000, 0x0000000714300000, 0x0000000714400000|  0%| F|  |TAMS 0x0000000714300000, 0x0000000714300000| Untracked 
| 254|0x0000000714400000, 0x0000000714400000, 0x0000000714500000|  0%| F|  |TAMS 0x0000000714400000, 0x0000000714400000| Untracked 
| 255|0x0000000714500000, 0x0000000714500000, 0x0000000714600000|  0%| F|  |TAMS 0x0000000714500000, 0x0000000714500000| Untracked 
| 256|0x0000000714600000, 0x0000000714600000, 0x0000000714700000|  0%| F|  |TAMS 0x0000000714600000, 0x0000000714600000| Untracked 
| 257|0x0000000714700000, 0x0000000714700000, 0x0000000714800000|  0%| F|  |TAMS 0x0000000714700000, 0x0000000714700000| Untracked 
| 258|0x0000000714800000, 0x0000000714800000, 0x0000000714900000|  0%| F|  |TAMS 0x0000000714800000, 0x0000000714800000| Untracked 
| 259|0x0000000714900000, 0x0000000714900000, 0x0000000714a00000|  0%| F|  |TAMS 0x0000000714900000, 0x0000000714900000| Untracked 
| 260|0x0000000714a00000, 0x0000000714a00000, 0x0000000714b00000|  0%| F|  |TAMS 0x0000000714a00000, 0x0000000714a00000| Untracked 
| 261|0x0000000714b00000, 0x0000000714b00000, 0x0000000714c00000|  0%| F|  |TAMS 0x0000000714b00000, 0x0000000714b00000| Untracked 
| 262|0x0000000714c00000, 0x0000000714c00000, 0x0000000714d00000|  0%| F|  |TAMS 0x0000000714c00000, 0x0000000714c00000| Untracked 
| 263|0x0000000714d00000, 0x0000000714d00000, 0x0000000714e00000|  0%| F|  |TAMS 0x0000000714d00000, 0x0000000714d00000| Untracked 
| 264|0x0000000714e00000, 0x0000000714e00000, 0x0000000714f00000|  0%| F|  |TAMS 0x0000000714e00000, 0x0000000714e00000| Untracked 
| 265|0x0000000714f00000, 0x0000000714f00000, 0x0000000715000000|  0%| F|  |TAMS 0x0000000714f00000, 0x0000000714f00000| Untracked 
| 266|0x0000000715000000, 0x0000000715000000, 0x0000000715100000|  0%| F|  |TAMS 0x0000000715000000, 0x0000000715000000| Untracked 
| 267|0x0000000715100000, 0x0000000715100000, 0x0000000715200000|  0%| F|  |TAMS 0x0000000715100000, 0x0000000715100000| Untracked 
| 268|0x0000000715200000, 0x0000000715200000, 0x0000000715300000|  0%| F|  |TAMS 0x0000000715200000, 0x0000000715200000| Untracked 
| 269|0x0000000715300000, 0x0000000715300000, 0x0000000715400000|  0%| F|  |TAMS 0x0000000715300000, 0x0000000715300000| Untracked 
| 270|0x0000000715400000, 0x0000000715400000, 0x0000000715500000|  0%| F|  |TAMS 0x0000000715400000, 0x0000000715400000| Untracked 
| 271|0x0000000715500000, 0x0000000715500000, 0x0000000715600000|  0%| F|  |TAMS 0x0000000715500000, 0x0000000715500000| Untracked 
| 272|0x0000000715600000, 0x0000000715600000, 0x0000000715700000|  0%| F|  |TAMS 0x0000000715600000, 0x0000000715600000| Untracked 
| 273|0x0000000715700000, 0x0000000715700000, 0x0000000715800000|  0%| F|  |TAMS 0x0000000715700000, 0x0000000715700000| Untracked 
| 274|0x0000000715800000, 0x0000000715800000, 0x0000000715900000|  0%| F|  |TAMS 0x0000000715800000, 0x0000000715800000| Untracked 
| 275|0x0000000715900000, 0x0000000715900000, 0x0000000715a00000|  0%| F|  |TAMS 0x0000000715900000, 0x0000000715900000| Untracked 
| 276|0x0000000715a00000, 0x0000000715a00000, 0x0000000715b00000|  0%| F|  |TAMS 0x0000000715a00000, 0x0000000715a00000| Untracked 
| 277|0x0000000715b00000, 0x0000000715b00000, 0x0000000715c00000|  0%| F|  |TAMS 0x0000000715b00000, 0x0000000715b00000| Untracked 
| 278|0x0000000715c00000, 0x0000000715c00000, 0x0000000715d00000|  0%| F|  |TAMS 0x0000000715c00000, 0x0000000715c00000| Untracked 
| 279|0x0000000715d00000, 0x0000000715d00000, 0x0000000715e00000|  0%| F|  |TAMS 0x0000000715d00000, 0x0000000715d00000| Untracked 
| 280|0x0000000715e00000, 0x0000000715e00000, 0x0000000715f00000|  0%| F|  |TAMS 0x0000000715e00000, 0x0000000715e00000| Untracked 
| 281|0x0000000715f00000, 0x0000000715f00000, 0x0000000716000000|  0%| F|  |TAMS 0x0000000715f00000, 0x0000000715f00000| Untracked 
| 282|0x0000000716000000, 0x0000000716000000, 0x0000000716100000|  0%| F|  |TAMS 0x0000000716000000, 0x0000000716000000| Untracked 
| 283|0x0000000716100000, 0x00000007161fb4d8, 0x0000000716200000| 98%| E|  |TAMS 0x0000000716100000, 0x0000000716100000| Complete 
| 284|0x0000000716200000, 0x0000000716300000, 0x0000000716300000|100%| E|CS|TAMS 0x0000000716200000, 0x0000000716200000| Complete 
| 285|0x0000000716300000, 0x0000000716400000, 0x0000000716400000|100%| E|CS|TAMS 0x0000000716300000, 0x0000000716300000| Complete 
| 286|0x0000000716400000, 0x0000000716500000, 0x0000000716500000|100%| E|CS|TAMS 0x0000000716400000, 0x0000000716400000| Complete 
| 287|0x0000000716500000, 0x0000000716600000, 0x0000000716600000|100%| E|CS|TAMS 0x0000000716500000, 0x0000000716500000| Complete 
| 288|0x0000000716600000, 0x0000000716700000, 0x0000000716700000|100%| E|CS|TAMS 0x0000000716600000, 0x0000000716600000| Complete 
| 289|0x0000000716700000, 0x0000000716800000, 0x0000000716800000|100%| E|CS|TAMS 0x0000000716700000, 0x0000000716700000| Complete 
| 290|0x0000000716800000, 0x0000000716900000, 0x0000000716900000|100%| E|CS|TAMS 0x0000000716800000, 0x0000000716800000| Complete 
| 291|0x0000000716900000, 0x0000000716a00000, 0x0000000716a00000|100%| E|CS|TAMS 0x0000000716900000, 0x0000000716900000| Complete 
| 292|0x0000000716a00000, 0x0000000716b00000, 0x0000000716b00000|100%| E|CS|TAMS 0x0000000716a00000, 0x0000000716a00000| Complete 
| 293|0x0000000716b00000, 0x0000000716c00000, 0x0000000716c00000|100%| E|CS|TAMS 0x0000000716b00000, 0x0000000716b00000| Complete 
| 294|0x0000000716c00000, 0x0000000716d00000, 0x0000000716d00000|100%| E|CS|TAMS 0x0000000716c00000, 0x0000000716c00000| Complete 
| 295|0x0000000716d00000, 0x0000000716e00000, 0x0000000716e00000|100%| E|CS|TAMS 0x0000000716d00000, 0x0000000716d00000| Complete 
| 296|0x0000000716e00000, 0x0000000716f00000, 0x0000000716f00000|100%| E|CS|TAMS 0x0000000716e00000, 0x0000000716e00000| Complete 
| 297|0x0000000716f00000, 0x0000000717000000, 0x0000000717000000|100%| E|CS|TAMS 0x0000000716f00000, 0x0000000716f00000| Complete 
| 298|0x0000000717000000, 0x0000000717100000, 0x0000000717100000|100%| E|CS|TAMS 0x0000000717000000, 0x0000000717000000| Complete 
| 299|0x0000000717100000, 0x0000000717200000, 0x0000000717200000|100%| E|CS|TAMS 0x0000000717100000, 0x0000000717100000| Complete 
| 300|0x0000000717200000, 0x0000000717300000, 0x0000000717300000|100%| E|CS|TAMS 0x0000000717200000, 0x0000000717200000| Complete 
| 301|0x0000000717300000, 0x0000000717400000, 0x0000000717400000|100%| E|CS|TAMS 0x0000000717300000, 0x0000000717300000| Complete 
| 302|0x0000000717400000, 0x0000000717500000, 0x0000000717500000|100%| E|CS|TAMS 0x0000000717400000, 0x0000000717400000| Complete 

Card table byte_map: [0x000001e918ed0000,0x000001e9196b0000] _byte_map_base: 0x000001e9156ad000

Marking Bits (Prev, Next): (CMBitMap*) 0x000001e97fd14390, (CMBitMap*) 0x000001e97fd14358
 Prev Bits: [0x000001e91dd80000, 0x000001e921c68000)
 Next Bits: [0x000001e919e90000, 0x000001e91dd78000)

Polling page: 0x000001e901410000

Metaspace:

Usage:
  Non-class:     52.02 MB capacity,    51.02 MB ( 98%) used,   827.87 KB (  2%) free+waste,   192.88 KB ( <1%) overhead. 
      Class:      8.19 MB capacity,     7.54 MB ( 92%) used,   567.03 KB (  7%) free+waste,    94.25 KB (  1%) overhead. 
       Both:     60.21 MB capacity,    58.57 MB ( 97%) used,     1.36 MB (  2%) free+waste,   287.12 KB ( <1%) overhead. 

Virtual space:
  Non-class space:       54.00 MB reserved,      52.17 MB ( 97%) committed 
      Class space:        1.00 GB reserved,       8.20 MB ( <1%) committed 
             Both:        1.05 GB reserved,      60.37 MB (  6%) committed 

Chunk freelists:
   Non-Class:  3.62 KB
       Class:  0 bytes
        Both:  3.62 KB

CodeHeap 'non-profiled nmethods': size=120000Kb used=3394Kb max_used=3394Kb free=116606Kb
 bounds [0x000001e910520000, 0x000001e910880000, 0x000001e917a50000]
CodeHeap 'profiled nmethods': size=120000Kb used=11129Kb max_used=11129Kb free=108870Kb
 bounds [0x000001e908ff0000, 0x000001e909ad0000, 0x000001e910520000]
CodeHeap 'non-nmethods': size=5760Kb used=1193Kb max_used=1244Kb free=4566Kb
 bounds [0x000001e908a50000, 0x000001e908cc0000, 0x000001e908ff0000]
 total_blobs=5474 nmethods=4931 adapters=454
 compilation: enabled
              stopped_count=0, restarted_count=0
 full_count=0

Compilation events (10 events):
Event: 3.551 Thread 0x000001e92535a800 nmethod 4924 0x000001e909ac4190 code [0x000001e909ac4380, 0x000001e909ac4748]
Event: 3.551 Thread 0x000001e92535a800 4925       2       org.springframework.core.annotation.AnnotationsScanner::isWithoutHierarchy (112 bytes)
Event: 3.552 Thread 0x000001e92535a800 nmethod 4925 0x000001e909ac4990 code [0x000001e909ac4b60, 0x000001e909ac4f18]
Event: 3.552 Thread 0x000001e92535a800 4926       2       org.springframework.core.annotation.AnnotationsScanner::process (43 bytes)
Event: 3.552 Thread 0x000001e92535a800 nmethod 4926 0x000001e909ac5090 code [0x000001e909ac5260, 0x000001e909ac54c8]
Event: 3.552 Thread 0x000001e92535a800 4927       2       org.springframework.core.MethodIntrospector$$Lambda$1001/0x00000008007bc840::doWith (17 bytes)
Event: 3.552 Thread 0x000001e92535a800 nmethod 4927 0x000001e909ac5610 code [0x000001e909ac57a0, 0x000001e909ac58c8]
Event: 3.552 Thread 0x000001e92535a800 4928       2       org.springframework.core.MethodIntrospector::lambda$selectMethods$0 (65 bytes)
Event: 3.552 Thread 0x000001e92535a800 nmethod 4928 0x000001e909ac5990 code [0x000001e909ac5b60, 0x000001e909ac5d68]
Event: 3.552 Thread 0x000001e92535a800 4929       2       org.springframework.context.event.EventListenerMethodProcessor$$Lambda$1087/0x0000000800815840::inspect (5 bytes)

GC Heap History (10 events):
Event: 0.753 GC heap before
{Heap before GC invocations=1 (full 0):
 garbage-first heap   total 258048K, used 46446K [0x0000000704600000, 0x0000000800000000)
  region size 1024K, 43 young (44032K), 3 survivors (3072K)
 Metaspace       used 20713K, capacity 21184K, committed 21296K, reserved 1069056K
  class space    used 2239K, capacity 2404K, committed 2432K, reserved 1048576K
}
Event: 0.757 GC heap after
{Heap after GC invocations=2 (full 0):
 garbage-first heap   total 258048K, used 8475K [0x0000000704600000, 0x0000000800000000)
  region size 1024K, 5 young (5120K), 5 survivors (5120K)
 Metaspace       used 20713K, capacity 21184K, committed 21296K, reserved 1069056K
  class space    used 2239K, capacity 2404K, committed 2432K, reserved 1048576K
}
Event: 1.041 GC heap before
{Heap before GC invocations=3 (full 0):
 garbage-first heap   total 258048K, used 50459K [0x0000000704600000, 0x0000000800000000)
  region size 1024K, 46 young (47104K), 5 survivors (5120K)
 Metaspace       used 25401K, capacity 25981K, committed 26108K, reserved 1073152K
  class space    used 2848K, capacity 3093K, committed 3148K, reserved 1048576K
}
Event: 1.044 GC heap after
{Heap after GC invocations=4 (full 0):
 garbage-first heap   total 258048K, used 10542K [0x0000000704600000, 0x0000000800000000)
  region size 1024K, 5 young (5120K), 5 survivors (5120K)
 Metaspace       used 25401K, capacity 25981K, committed 26108K, reserved 1073152K
  class space    used 2848K, capacity 3093K, committed 3148K, reserved 1048576K
}
Event: 1.727 GC heap before
{Heap before GC invocations=4 (full 0):
 garbage-first heap   total 258048K, used 76078K [0x0000000704600000, 0x0000000800000000)
  region size 1024K, 69 young (70656K), 5 survivors (5120K)
 Metaspace       used 33641K, capacity 34672K, committed 34812K, reserved 1079296K
  class space    used 3959K, capacity 4361K, committed 4428K, reserved 1048576K
}
Event: 1.731 GC heap after
{Heap after GC invocations=5 (full 0):
 garbage-first heap   total 258048K, used 14002K [0x0000000704600000, 0x0000000800000000)
  region size 1024K, 8 young (8192K), 8 survivors (8192K)
 Metaspace       used 33641K, capacity 34672K, committed 34812K, reserved 1079296K
  class space    used 3959K, capacity 4361K, committed 4428K, reserved 1048576K
}
Event: 1.798 GC heap before
{Heap before GC invocations=5 (full 0):
 garbage-first heap   total 258048K, used 23218K [0x0000000704600000, 0x0000000800000000)
  region size 1024K, 18 young (18432K), 8 survivors (8192K)
 Metaspace       used 34874K, capacity 35859K, committed 35964K, reserved 1081344K
  class space    used 4091K, capacity 4501K, committed 4556K, reserved 1048576K
}
Event: 1.803 GC heap after
{Heap after GC invocations=6 (full 0):
 garbage-first heap   total 310272K, used 14761K [0x0000000704600000, 0x0000000800000000)
  region size 1024K, 9 young (9216K), 9 survivors (9216K)
 Metaspace       used 34874K, capacity 35859K, committed 35964K, reserved 1081344K
  class space    used 4091K, capacity 4501K, committed 4556K, reserved 1048576K
}
Event: 3.434 GC heap before
{Heap before GC invocations=7 (full 0):
 garbage-first heap   total 310272K, used 177577K [0x0000000704600000, 0x0000000800000000)
  region size 1024K, 169 young (173056K), 9 survivors (9216K)
 Metaspace       used 58714K, capacity 60229K, committed 60284K, reserved 1101824K
  class space    used 7511K, capacity 8121K, committed 8140K, reserved 1048576K
}
Event: 3.445 GC heap after
{Heap after GC invocations=8 (full 0):
 garbage-first heap   total 310272K, used 22628K [0x0000000704600000, 0x0000000800000000)
  region size 1024K, 16 young (16384K), 16 survivors (16384K)
 Metaspace       used 58714K, capacity 60229K, committed 60284K, reserved 1101824K
  class space    used 7511K, capacity 8121K, committed 8140K, reserved 1048576K
}

Deoptimization events (10 events):
Event: 3.322 Thread 0x000001e92667f000 Uncommon trap: reason=class_check action=maybe_recompile pc=0x000001e9108179a4 method=org.springframework.core.annotation.AnnotationsScanner.processMethodHierarchy(Ljava/lang/Object;[ILjava/lang/Class;Lorg/springframework/core/annotation/AnnotationsProces
Event: 3.355 Thread 0x000001e92667f000 Uncommon trap: reason=unstable_if action=reinterpret pc=0x000001e91074062c method=org.springframework.core.annotation.AnnotationsScanner.isWithoutHierarchy(Ljava/lang/reflect/AnnotatedElement;Lorg/springframework/core/annotation/MergedAnnotations$SearchSt
Event: 3.357 Thread 0x000001e92667f000 Uncommon trap: reason=unstable_if action=reinterpret pc=0x000001e9105c525c method=java.util.concurrent.ConcurrentHashMap.transfer([Ljava/util/concurrent/ConcurrentHashMap$Node;[Ljava/util/concurrent/ConcurrentHashMap$Node;)V @ 352 c2
Event: 3.362 Thread 0x000001e92667f000 Uncommon trap: reason=unstable_if action=reinterpret pc=0x000001e9107f17b4 method=org.springframework.beans.factory.support.AbstractBeanFactory.isTypeMatch(Ljava/lang/String;Lorg/springframework/core/ResolvableType;Z)Z @ 34 c2
Event: 3.390 Thread 0x000001e92667f000 Uncommon trap: reason=unstable_if action=reinterpret pc=0x000001e9106aa868 method=org.springframework.beans.factory.support.DefaultSingletonBeanRegistry.getSingleton(Ljava/lang/String;Z)Ljava/lang/Object; @ 39 c2
Event: 3.421 Thread 0x000001e92667f000 Uncommon trap: reason=class_check action=maybe_recompile pc=0x000001e9105a0178 method=org.springframework.boot.context.properties.source.ConfigurationPropertyName$Elements.charAt(II)C @ 43 c2
Event: 3.421 Thread 0x000001e92667f000 Uncommon trap: reason=class_check action=maybe_recompile pc=0x000001e9105a0178 method=org.springframework.boot.context.properties.source.ConfigurationPropertyName$Elements.charAt(II)C @ 43 c2
Event: 3.510 Thread 0x000001e92667f000 Uncommon trap: reason=null_check action=make_not_entrant pc=0x000001e910658d24 method=org.springframework.util.ClassUtils.isAssignable(Ljava/lang/Class;Ljava/lang/Class;)Z @ 14 c2
Event: 3.551 Thread 0x000001e92667f000 Uncommon trap: reason=unstable_if action=reinterpret pc=0x000001e910829960 method=org.springframework.core.annotation.AnnotationsScanner.processClassInheritedAnnotations(Ljava/lang/Object;Ljava/lang/Class;Lorg/springframework/core/annotation/MergedAnnotat
Event: 3.551 Thread 0x000001e92667f000 Uncommon trap: reason=unstable_if action=reinterpret pc=0x000001e9107df088 method=org.springframework.core.annotation.AnnotationsScanner.isWithoutHierarchy(Ljava/lang/reflect/AnnotatedElement;Lorg/springframework/core/annotation/MergedAnnotations$SearchSt

Classes redefined (0 events):
No events

Internal exceptions (10 events):
Event: 3.274 Thread 0x000001e92667f000 Exception <a 'java/lang/NoSuchMethodError'{0x000000070d9a1af0}: java.lang.invoke.DirectMethodHandle$Holder.invokeVirtual(Ljava/lang/Object;Ljava/lang/Object;J)V> (0x000000070d9a1af0) thrown at [./open/src/hotspot/share/interpreter/linkResolver.cpp, line 7
Event: 3.308 Thread 0x000001e92667f000 Exception <a 'java/lang/NoSuchMethodError'{0x000000070d6aa838}: java.lang.invoke.DirectMethodHandle$Holder.newInvokeSpecial(Ljava/lang/Object;Ljava/lang/Object;Ljava/lang/Object;Ljava/lang/Object;Ljava/lang/Object;)Ljava/lang/Object;> (0x000000070d6aa838)
Event: 3.365 Thread 0x000001e92667f000 Exception <a 'java/lang/IncompatibleClassChangeError'{0x000000070d13fcc8}: Found class java.lang.Object, but interface was expected> (0x000000070d13fcc8) thrown at [./open/src/hotspot/share/interpreter/linkResolver.cpp, line 838]
Event: 3.480 Thread 0x000001e92667f000 Exception <a 'java/lang/IncompatibleClassChangeError'{0x00000007171d9278}: Found class java.lang.Object, but interface was expected> (0x00000007171d9278) thrown at [./open/src/hotspot/share/interpreter/linkResolver.cpp, line 838]
Event: 3.484 Thread 0x000001e92667f000 Exception <a 'java/lang/NoSuchMethodError'{0x0000000717043c78}: java.lang.invoke.DirectMethodHandle$Holder.invokeSpecial(Ljava/lang/Object;Ljava/lang/Object;Ljava/lang/Object;Ljava/lang/Object;II)Ljava/lang/Object;> (0x0000000717043c78) thrown at [./open/
Event: 3.484 Thread 0x000001e92667f000 Exception <a 'java/lang/NoSuchMethodError'{0x0000000717047020}: java.lang.invoke.Invokers$Holder.linkToTargetMethod(Ljava/lang/Object;Ljava/lang/Object;IILjava/lang/Object;)Ljava/lang/Object;> (0x0000000717047020) thrown at [./open/src/hotspot/share/inter
Event: 3.488 Thread 0x000001e92667f000 Exception <a 'java/lang/IncompatibleClassChangeError'{0x00000007170933f8}: Found class java.lang.Object, but interface was expected> (0x00000007170933f8) thrown at [./open/src/hotspot/share/interpreter/linkResolver.cpp, line 838]
Event: 3.510 Thread 0x000001e92667f000 Implicit null exception at 0x000001e910658ada to 0x000001e910658d10
Event: 3.513 Thread 0x000001e92667f000 Exception <a 'java/lang/ClassNotFoundException'{0x0000000716d359a8}: java/lang/ObjectCustomizer> (0x0000000716d359a8) thrown at [./open/src/hotspot/share/classfile/systemDictionary.cpp, line 226]
Event: 3.513 Thread 0x000001e92667f000 Exception <a 'java/lang/ClassNotFoundException'{0x0000000716d48390}: com/project/tobe/entity/PriceCustomizer> (0x0000000716d48390) thrown at [./open/src/hotspot/share/classfile/systemDictionary.cpp, line 226]

Events (10 events):
Event: 3.551 loading class org/springframework/context/event/EventListener
Event: 3.551 loading class org/springframework/context/event/EventListener done
Event: 3.551 loading class org/springframework/core/MethodIntrospector$MetadataLookup
Event: 3.551 loading class org/springframework/core/MethodIntrospector$MetadataLookup done
Event: 3.551 Thread 0x000001e92667f000 Uncommon trap: trap_request=0xffffff4d fr.pc=0x000001e910829960 relative=0x0000000000004bc0
Event: 3.551 Thread 0x000001e92667f000 DEOPT PACKING pc=0x000001e910829960 sp=0x000000bd14afded0
Event: 3.551 Thread 0x000001e92667f000 DEOPT UNPACKING pc=0x000001e908a768af sp=0x000000bd14afde18 mode 2
Event: 3.551 Thread 0x000001e92667f000 Uncommon trap: trap_request=0xffffff4d fr.pc=0x000001e9107df088 relative=0x0000000000000588
Event: 3.551 Thread 0x000001e92667f000 DEOPT PACKING pc=0x000001e9107df088 sp=0x000000bd14afdad0
Event: 3.551 Thread 0x000001e92667f000 DEOPT UNPACKING pc=0x000001e908a768af sp=0x000000bd14afda90 mode 2


Dynamic libraries:
0x00007ff7410d0000 - 0x00007ff7410e0000 	C:\Program Files\Java\jdk-11\bin\java.exe
0x00007fff54870000 - 0x00007fff54a87000 	C:\windows\SYSTEM32\ntdll.dll
0x00007fff527c0000 - 0x00007fff52884000 	C:\windows\System32\KERNEL32.DLL
0x00007fff51ff0000 - 0x00007fff5239d000 	C:\windows\System32\KERNELBASE.dll
0x00007fff52480000 - 0x00007fff52591000 	C:\windows\System32\ucrtbase.dll
0x00007fff487c0000 - 0x00007fff487db000 	C:\Program Files\Java\jdk-11\bin\VCRUNTIME140.dll
0x00007fff48b10000 - 0x00007fff48b29000 	C:\Program Files\Java\jdk-11\bin\jli.dll
0x00007fff532a0000 - 0x00007fff53352000 	C:\windows\System32\ADVAPI32.dll
0x00007fff53d40000 - 0x00007fff53de7000 	C:\windows\System32\msvcrt.dll
0x00007fff53c00000 - 0x00007fff53ca9000 	C:\windows\System32\sechost.dll
0x00007fff523d0000 - 0x00007fff523f8000 	C:\windows\System32\bcrypt.dll
0x00007fff54690000 - 0x00007fff547a4000 	C:\windows\System32\RPCRT4.dll
0x00007fff53fc0000 - 0x00007fff5416e000 	C:\windows\System32\USER32.dll
0x00007fff523a0000 - 0x00007fff523c6000 	C:\windows\System32\win32u.dll
0x00007fff35510000 - 0x00007fff357a3000 	C:\windows\WinSxS\amd64_microsoft.windows.common-controls_6595b64144ccf1df_6.0.22621.3672_none_2713b9d173822955\COMCTL32.dll
0x00007fff526f0000 - 0x00007fff52719000 	C:\windows\System32\GDI32.dll
0x00007fff51ed0000 - 0x00007fff51fe9000 	C:\windows\System32\gdi32full.dll
0x00007fff51d70000 - 0x00007fff51e0a000 	C:\windows\System32\msvcp_win.dll
0x00007fff47710000 - 0x00007fff4771a000 	C:\windows\SYSTEM32\VERSION.dll
0x00007fff52770000 - 0x00007fff527a1000 	C:\windows\System32\IMM32.DLL
0x00007fff4e9d0000 - 0x00007fff4e9dc000 	C:\Program Files\Java\jdk-11\bin\vcruntime140_1.dll
0x00007fff334e0000 - 0x00007fff3356e000 	C:\Program Files\Java\jdk-11\bin\msvcp140.dll
0x00007fff121d0000 - 0x00007fff12d2e000 	C:\Program Files\Java\jdk-11\bin\server\jvm.dll
0x00007fff54500000 - 0x00007fff54508000 	C:\windows\System32\PSAPI.DLL
0x00007fff3b8d0000 - 0x00007fff3b8d9000 	C:\windows\SYSTEM32\WSOCK32.dll
0x00007fff414a0000 - 0x00007fff414d4000 	C:\windows\SYSTEM32\WINMM.dll
0x00007fff547b0000 - 0x00007fff54821000 	C:\windows\System32\WS2_32.dll
0x00007fff50bd0000 - 0x00007fff50be8000 	C:\windows\SYSTEM32\kernel.appcore.dll
0x00007fff4e3a0000 - 0x00007fff4e3b0000 	C:\Program Files\Java\jdk-11\bin\verify.dll
0x00007fff3bfc0000 - 0x00007fff3c1f2000 	C:\windows\SYSTEM32\DBGHELP.DLL
0x00007fff54170000 - 0x00007fff544fd000 	C:\windows\System32\combase.dll
0x00007fff52610000 - 0x00007fff526e7000 	C:\windows\System32\OLEAUT32.dll
0x00007fff3b920000 - 0x00007fff3b952000 	C:\windows\SYSTEM32\dbgcore.DLL
0x00007fff52400000 - 0x00007fff5247b000 	C:\windows\System32\bcryptPrimitives.dll
0x00007fff482f0000 - 0x00007fff48318000 	C:\Program Files\Java\jdk-11\bin\java.dll
0x00007fff4ac60000 - 0x00007fff4ac6a000 	C:\Program Files\Java\jdk-11\bin\jimage.dll
0x00007fff482d0000 - 0x00007fff482e7000 	C:\Program Files\Java\jdk-11\bin\zip.dll
0x00007fff53390000 - 0x00007fff53bf8000 	C:\windows\System32\SHELL32.dll
0x00007fff4fa90000 - 0x00007fff5038e000 	C:\windows\SYSTEM32\windows.storage.dll
0x00007fff4f950000 - 0x00007fff4fa8f000 	C:\windows\SYSTEM32\wintypes.dll
0x00007fff52f80000 - 0x00007fff53079000 	C:\windows\System32\SHCORE.dll
0x00007fff53240000 - 0x00007fff5329e000 	C:\windows\System32\shlwapi.dll
0x00007fff51ac0000 - 0x00007fff51ae1000 	C:\windows\SYSTEM32\profapi.dll
0x00007fff47c50000 - 0x00007fff47c69000 	C:\Program Files\Java\jdk-11\bin\net.dll
0x00007fff4d240000 - 0x00007fff4d376000 	C:\windows\SYSTEM32\WINHTTP.dll
0x00007fff510d0000 - 0x00007fff51139000 	C:\windows\system32\mswsock.dll
0x00007fff46b50000 - 0x00007fff46b62000 	C:\Program Files\Java\jdk-11\bin\nio.dll
0x00007fff4aa10000 - 0x00007fff4aa19000 	C:\Program Files\Java\jdk-11\bin\management.dll
0x00007fff48d00000 - 0x00007fff48d0b000 	C:\Program Files\Java\jdk-11\bin\management_ext.dll
0x00007fff36980000 - 0x00007fff36997000 	C:\windows\system32\napinsp.dll
0x00007fff36940000 - 0x00007fff3695b000 	C:\windows\system32\pnrpnsp.dll
0x00007fff506b0000 - 0x00007fff507a8000 	C:\windows\SYSTEM32\DNSAPI.dll
0x00007fff50630000 - 0x00007fff5065d000 	C:\windows\SYSTEM32\IPHLPAPI.DLL
0x00007fff53360000 - 0x00007fff53369000 	C:\windows\System32\NSI.dll
0x00007fff36920000 - 0x00007fff36931000 	C:\windows\System32\winrnr.dll
0x00007fff36850000 - 0x00007fff36865000 	C:\windows\system32\wshbth.dll
0x00007fff36820000 - 0x00007fff36847000 	C:\windows\system32\nlansp_c.dll
0x00007fff4a990000 - 0x00007fff4a99a000 	C:\Windows\System32\rasadhlp.dll
0x00007fff4bd40000 - 0x00007fff4bdc3000 	C:\windows\System32\fwpuclnt.dll
0x00007fff51420000 - 0x00007fff5143b000 	C:\windows\SYSTEM32\CRYPTSP.dll
0x00007fff50bf0000 - 0x00007fff50c25000 	C:\windows\system32\rsaenh.dll
0x00007fff51170000 - 0x00007fff51198000 	C:\windows\SYSTEM32\USERENV.dll
0x00007fff51400000 - 0x00007fff5140c000 	C:\windows\SYSTEM32\CRYPTBASE.dll
0x00007fff4e9e0000 - 0x00007fff4e9f9000 	C:\windows\SYSTEM32\dhcpcsvc6.DLL
0x00007fff4e3b0000 - 0x00007fff4e3cf000 	C:\windows\SYSTEM32\dhcpcsvc.DLL
0x00007fff3a500000 - 0x00007fff3a527000 	C:\Program Files\Java\jdk-11\bin\sunec.dll
0x00007fff482c0000 - 0x00007fff482ce000 	C:\Program Files\Java\jdk-11\bin\sunmscapi.dll
0x00007fff51b90000 - 0x00007fff51cf7000 	C:\windows\System32\CRYPT32.dll
0x00007fff51540000 - 0x00007fff5156e000 	C:\windows\SYSTEM32\ncrypt.dll
0x00007fff51500000 - 0x00007fff51537000 	C:\windows\SYSTEM32\NTASN1.dll

dbghelp: loaded successfully - version: 4.0.5 - missing functions: none
symbol engine: initialized successfully - sym options: 0x614 - pdb path: .;C:\Program Files\Java\jdk-11\bin;C:\windows\SYSTEM32;C:\windows\WinSxS\amd64_microsoft.windows.common-controls_6595b64144ccf1df_6.0.22621.3672_none_2713b9d173822955;C:\Program Files\Java\jdk-11\bin\server

VM Arguments:
jvm_args: -Dfile.encoding=UTF-8 -Duser.country=KR -Duser.language=ko -Duser.variant 
java_command: com.project.tobe.TobeApplication
java_class_path (initial): C:\Users\user\Desktop\SharedOne\build\classes\java\main;C:\Users\user\Desktop\SharedOne\build\resources\main;C:\Users\user\.gradle\caches\modules-2\files-2.1\org.springframework.boot\spring-boot-devtools\2.7.18\5712c8ec27cd0fec5e9de494bac71a07fa404ac4\spring-boot-devtools-2.7.18.jar;C:\Users\user\.gradle\caches\modules-2\files-2.1\org.springframework.boot\spring-boot-starter-data-jdbc\2.7.18\f962199e375647a60b5b3dc4590388b10b69f6d2\spring-boot-starter-data-jdbc-2.7.18.jar;C:\Users\user\.gradle\caches\modules-2\files-2.1\org.springframework.boot\spring-boot-starter-data-jpa\2.7.18\ffc6aa225da2a9987238ad88ae4550e5ee68da61\spring-boot-starter-data-jpa-2.7.18.jar;C:\Users\user\.gradle\caches\modules-2\files-2.1\org.springframework.boot\spring-boot-starter-thymeleaf\2.7.18\c87a27e30720c43372ceb0476b5b00c6f5296df3\spring-boot-starter-thymeleaf-2.7.18.jar;C:\Users\user\.gradle\caches\modules-2\files-2.1\org.springframework.boot\spring-boot-starter-web\2.7.18\dd62ea85098187b4604e78dc15a7ff87dba173d\spring-boot-starter-web-2.7.18.jar;C:\Users\user\.gradle\caches\modules-2\files-2.1\org.postgresql\postgresql\42.7.2\86ed42574cd68662b05d3b00432a34e9a34cb12c\postgresql-42.7.2.jar;C:\Users\user\.gradle\caches\modules-2\files-2.1\org.bgee.log4jdbc-log4j2\log4jdbc-log4j2-jdbc4.1\1.16\ce7cd831b2e3e5d428e659a6fdae0fb6b89f3cc7\log4jdbc-log4j2-jdbc4.1-1.16.jar;C:\Users\user\.gradle\caches\modules-2\files-2.1\org.springframework.boot\spring-boot-starter-jdbc\2.7.18\693aef24c422fbaa4ebb85db0f4491772edcd3dc\spring-boot-starter-jdbc-2.7.18.jar;C:\Users\user\.gradle\caches\modules-2\files-2.1\org.springframework.boot\spring-boot-starter-aop\2.7.18\8669fae56877e44bd26e35f641e0233bebe9239c\spring-boot-starter-aop-2.7.18.jar;C:\Users\user\.gradle\caches\modules-2\files-2.1\org.springframework.boot\spring-boot-starter-json\2.7.18\b6d9ed5cae0c1929a9e561bf4799a3dc93a10db1\spring-boot-starter-json-2.7.18.jar;C:\Users\user\.gradle\caches\modules-2\files-2.1\org.springfr
Launcher Type: SUN_STANDARD

[Global flags]
     intx CICompilerCount                          = 4                                         {product} {ergonomic}
     uint ConcGCThreads                            = 3                                         {product} {ergonomic}
     uint G1ConcRefinementThreads                  = 10                                        {product} {ergonomic}
   size_t G1HeapRegionSize                         = 1048576                                   {product} {ergonomic}
    uintx GCDrainStackTargetSize                   = 64                                        {product} {ergonomic}
   size_t InitialHeapSize                          = 264241152                                 {product} {ergonomic}
   size_t MarkStackSize                            = 4194304                                   {product} {ergonomic}
   size_t MaxHeapSize                              = 4221566976                                {product} {ergonomic}
   size_t MaxNewSize                               = 2532311040                                {product} {ergonomic}
   size_t MinHeapDeltaBytes                        = 1048576                                   {product} {ergonomic}
    uintx NonNMethodCodeHeapSize                   = 5836300                                {pd product} {ergonomic}
    uintx NonProfiledCodeHeapSize                  = 122910970                              {pd product} {ergonomic}
    uintx ProfiledCodeHeapSize                     = 122910970                              {pd product} {ergonomic}
    uintx ReservedCodeCacheSize                    = 251658240                              {pd product} {ergonomic}
     bool SegmentedCodeCache                       = true                                      {product} {ergonomic}
     bool UseCompressedClassPointers               = true                                 {lp64_product} {ergonomic}
     bool UseCompressedOops                        = true                                 {lp64_product} {ergonomic}
     bool UseG1GC                                  = true                                      {product} {ergonomic}
     bool UseLargePagesIndividualAllocation        = false                                  {pd product} {ergonomic}

Logging:
Log output configuration:
 #0: stdout all=warning uptime,level,tags
 #1: stderr all=off uptime,level,tags

Environment Variables:
PATH=C:\oraclexe\app\oracle\product\11.2.0\server\bin;C:\Program Files\Common Files\Oracle\Java\javapath;C:\windows\system32;C:\windows;C:\windows\System32\Wbem;C:\windows\System32\WindowsPowerShell\v1.0\;C:\windows\System32\OpenSSH\;C:\Program Files\Bandizip\;C:\Program Files\Git\cmd;C:\Program Files\nodejs\;C:\Users\user\AppData\Local\Microsoft\WindowsApps;C:\Users\user\AppData\Local\Programs\Microsoft VS Code\bin;C:\Program Files\JetBrains\IntelliJ IDEA Community Edition 2024.1.4\bin;;C:\Program Files\JetBrains\IntelliJ IDEA 2024.1.4\bin;;C:\Users\user\AppData\Roaming\npm
USERNAME=user
OS=Windows_NT
PROCESSOR_IDENTIFIER=Intel64 Family 6 Model 151 Stepping 2, GenuineIntel



---------------  S Y S T E M  ---------------

OS: Windows 11 , 64 bit Build 22621 (10.0.22621.3958)
Hyper-V role detected

CPU:total 12 (initial active 12) (6 cores per cpu, 2 threads per core) family 6 model 151 stepping 2 microcode 0x1e, cmov, cx8, fxsr, mmx, sse, sse2, sse3, ssse3, sse4.1, sse4.2, popcnt, avx, avx2, aes, clmul, erms, 3dnowpref, lzcnt, ht, tsc, tscinvbit, bmi1, bmi2, adx, sha, fma

Memory: 4k page, system-wide physical 16098M (4401M free)
TotalPageFile size 65250M (AvailPageFile size 7M)
current process WorkingSet (physical memory assigned to process): 402M, peak: 405M
current process commit charge ("private bytes"): 560M, peak: 563M

vm_info: Java HotSpot(TM) 64-Bit Server VM (11.0.23+7-LTS-222) for windows-amd64 JRE (11.0.23+7-LTS-222), built on Mar 11 2024 22:13:52 by "mach5one" with MS VC++ 17.6 (VS2022)

END.
