#
# There is insufficient memory for the Java Runtime Environment to continue.
# Native memory allocation (mmap) failed to map 65536 bytes for Failed to commit area from 0x0000029400060000 to 0x0000029400070000 of length 65536.
# Possible reasons:
#   The system is out of physical RAM or swap space
#   The process is running with CompressedOops enabled, and the Java Heap may be blocking the growth of the native heap
# Possible solutions:
#   Reduce memory load on the system
#   Increase physical memory or swap space
#   Check if swap backing store is full
#   Decrease Java heap size (-Xmx/-Xms)
#   Decrease number of Java threads
#   Decrease Java thread stack sizes (-Xss)
#   Set larger code cache with -XX:ReservedCodeCacheSize=
# This output file may be truncated or incomplete.
#
#  Out of Memory Error (./open/src/hotspot/os/windows/os_windows.cpp:3298), pid=8824, tid=10736
#
# JRE version:  (11.0.23+7) (build )
# Java VM: Java HotSpot(TM) 64-Bit Server VM (11.0.23+7-LTS-222, mixed mode, sharing, tiered, compressed oops, g1 gc, windows-amd64)
# No core dump will be written. Minidumps are not enabled by default on client versions of Windows
#

---------------  S U M M A R Y ------------

Command Line: 

Host: 12th Gen Intel(R) Core(TM) i5-12400, 12 cores, 15G,  Windows 11 , 64 bit Build 22621 (10.0.22621.3958)
Time: Fri Sep  6 00:52:13 2024  Windows 11 , 64 bit Build 22621 (10.0.22621.3958) elapsed time: 0.012626 seconds (0d 0h 0m 0s)

---------------  T H R E A D  ---------------

Current thread (0x0000029460318800):  JavaThread "Unknown thread" [_thread_in_vm, id=10736, stack(0x000000df21a00000,0x000000df21b00000)]

Stack: [0x000000df21a00000,0x000000df21b00000]
Native frames: (J=compiled Java code, j=interpreted, Vv=VM code, C=native code)
V  [jvm.dll+0x65524a]
V  [jvm.dll+0x79646f]
V  [jvm.dll+0x797b39]
V  [jvm.dll+0x7981e3]
V  [jvm.dll+0x254ee5]
V  [jvm.dll+0x6525a9]
V  [jvm.dll+0x6473c5]
V  [jvm.dll+0x30f59d]
V  [jvm.dll+0x30f402]
V  [jvm.dll+0x3142a0]
V  [jvm.dll+0x357704]
V  [jvm.dll+0x357152]
V  [jvm.dll+0x2ea6c8]
V  [jvm.dll+0x2eb7e5]
V  [jvm.dll+0x76f9a7]
V  [jvm.dll+0x77128f]
V  [jvm.dll+0x364859]
V  [jvm.dll+0x75431f]
V  [jvm.dll+0x3d5c77]
V  [jvm.dll+0x3d7da1]
C  [jli.dll+0x52e7]
C  [ucrtbase.dll+0x29333]
C  [KERNEL32.DLL+0x1257d]
C  [ntdll.dll+0x5af28]


---------------  P R O C E S S  ---------------

Threads class SMR info:
_java_thread_list=0x000002945e1758d0, length=0, elements={
}

Java Threads: ( => current thread )

Other Threads:
  0x000002946032c800 GCTaskThread "GC Thread#0" [stack: 0x000000df21b00000,0x000000df21c00000] [id=13724]
  0x0000029460385000 ConcurrentGCThread "G1 Main Marker" [stack: 0x000000df21c00000,0x000000df21d00000] [id=13616]
  0x0000029460386800 ConcurrentGCThread "G1 Conc#0" [stack: 0x000000df21d00000,0x000000df21e00000] [id=13520]

[error occurred during error reporting (printing all threads), id 0xc0000005, EXCEPTION_ACCESS_VIOLATION (0xc0000005) at pc=0x00007fff124cad87]

VM state:not at safepoint (not fully initialized)

VM Mutex/Monitor currently owned by a thread:  ([mutex/lock_event])
[0x0000029460314e60] Heap_lock - owner thread: 0x0000029460318800

Heap address: 0x0000000704600000, size: 4026 MB, Compressed Oops mode: Non-zero based: 0x0000000704600000
Narrow klass base: 0x0000000000000000, Narrow klass shift: 0

GC Heap History (0 events):
No events

Deoptimization events (0 events):
No events

Classes redefined (0 events):
No events

Internal exceptions (0 events):
No events

Events (0 events):
No events


Dynamic libraries:
0x00007ff7410d0000 - 0x00007ff7410e0000 	C:\Program Files\Java\jdk-11\bin\java.exe
0x00007fff54870000 - 0x00007fff54a87000 	C:\windows\SYSTEM32\ntdll.dll
0x00007fff527c0000 - 0x00007fff52884000 	C:\windows\System32\KERNEL32.DLL
0x00007fff51ff0000 - 0x00007fff5239d000 	C:\windows\System32\KERNELBASE.dll
0x00007fff52480000 - 0x00007fff52591000 	C:\windows\System32\ucrtbase.dll
0x00007fff48b10000 - 0x00007fff48b29000 	C:\Program Files\Java\jdk-11\bin\jli.dll
0x00007fff532a0000 - 0x00007fff53352000 	C:\windows\System32\ADVAPI32.dll
0x00007fff487c0000 - 0x00007fff487db000 	C:\Program Files\Java\jdk-11\bin\VCRUNTIME140.dll
0x00007fff53d40000 - 0x00007fff53de7000 	C:\windows\System32\msvcrt.dll
0x00007fff53c00000 - 0x00007fff53ca9000 	C:\windows\System32\sechost.dll
0x00007fff523d0000 - 0x00007fff523f8000 	C:\windows\System32\bcrypt.dll
0x00007fff54690000 - 0x00007fff547a4000 	C:\windows\System32\RPCRT4.dll
0x00007fff53fc0000 - 0x00007fff5416e000 	C:\windows\System32\USER32.dll
0x00007fff523a0000 - 0x00007fff523c6000 	C:\windows\System32\win32u.dll
0x00007fff35510000 - 0x00007fff357a3000 	C:\windows\WinSxS\amd64_microsoft.windows.common-controls_6595b64144ccf1df_6.0.22621.3672_none_2713b9d173822955\COMCTL32.dll
0x00007fff526f0000 - 0x00007fff52719000 	C:\windows\System32\GDI32.dll
0x00007fff51ed0000 - 0x00007fff51fe9000 	C:\windows\System32\gdi32full.dll
0x00007fff51d70000 - 0x00007fff51e0a000 	C:\windows\System32\msvcp_win.dll
0x00007fff47710000 - 0x00007fff4771a000 	C:\windows\SYSTEM32\VERSION.dll
0x00007fff52770000 - 0x00007fff527a1000 	C:\windows\System32\IMM32.DLL
0x00007fff4e9d0000 - 0x00007fff4e9dc000 	C:\Program Files\Java\jdk-11\bin\vcruntime140_1.dll
0x00007fff334e0000 - 0x00007fff3356e000 	C:\Program Files\Java\jdk-11\bin\msvcp140.dll
0x00007fff121d0000 - 0x00007fff12d2e000 	C:\Program Files\Java\jdk-11\bin\server\jvm.dll
0x00007fff54500000 - 0x00007fff54508000 	C:\windows\System32\PSAPI.DLL
0x00007fff3b8d0000 - 0x00007fff3b8d9000 	C:\windows\SYSTEM32\WSOCK32.dll
0x00007fff547b0000 - 0x00007fff54821000 	C:\windows\System32\WS2_32.dll
0x00007fff414a0000 - 0x00007fff414d4000 	C:\windows\SYSTEM32\WINMM.dll
0x00007fff50bd0000 - 0x00007fff50be8000 	C:\windows\SYSTEM32\kernel.appcore.dll
0x00007fff4e3a0000 - 0x00007fff4e3b0000 	C:\Program Files\Java\jdk-11\bin\verify.dll
0x00007fff3bfc0000 - 0x00007fff3c1f2000 	C:\windows\SYSTEM32\DBGHELP.DLL
0x00007fff54170000 - 0x00007fff544fd000 	C:\windows\System32\combase.dll
0x00007fff52610000 - 0x00007fff526e7000 	C:\windows\System32\OLEAUT32.dll
0x00007fff3b920000 - 0x00007fff3b952000 	C:\windows\SYSTEM32\dbgcore.DLL
0x00007fff52400000 - 0x00007fff5247b000 	C:\windows\System32\bcryptPrimitives.dll
0x00007fff482f0000 - 0x00007fff48318000 	C:\Program Files\Java\jdk-11\bin\java.dll
0x00007fff4ac60000 - 0x00007fff4ac6a000 	C:\Program Files\Java\jdk-11\bin\jimage.dll
0x00007fff482d0000 - 0x00007fff482e7000 	C:\Program Files\Java\jdk-11\bin\zip.dll

dbghelp: loaded successfully - version: 4.0.5 - missing functions: none
symbol engine: initialized successfully - sym options: 0x614 - pdb path: .;C:\Program Files\Java\jdk-11\bin;C:\windows\SYSTEM32;C:\windows\WinSxS\amd64_microsoft.windows.common-controls_6595b64144ccf1df_6.0.22621.3672_none_2713b9d173822955;C:\Program Files\Java\jdk-11\bin\server

VM Arguments:
java_command: <unknown>
java_class_path (initial): <not set>
Launcher Type: SUN_STANDARD

[Global flags]
     intx CICompilerCount                          = 4                                         {product} {ergonomic}
     uint ConcGCThreads                            = 3                                         {product} {ergonomic}
     uint G1ConcRefinementThreads                  = 10                                        {product} {ergonomic}
   size_t G1HeapRegionSize                         = 1048576                                   {product} {ergonomic}
    uintx GCDrainStackTargetSize                   = 64                                        {product} {ergonomic}
   size_t InitialHeapSize                          = 264241152                                 {product} {ergonomic}
   size_t MarkStackSize                            = 4194304                                   {product} {ergonomic}
   size_t MaxHeapSize                              = 4221566976                                {product} {ergonomic}
   size_t MinHeapDeltaBytes                        = 1048576                                   {product} {ergonomic}
    uintx NonNMethodCodeHeapSize                   = 5836300                                {pd product} {ergonomic}
    uintx NonProfiledCodeHeapSize                  = 122910970                              {pd product} {ergonomic}
    uintx ProfiledCodeHeapSize                     = 122910970                              {pd product} {ergonomic}
    uintx ReservedCodeCacheSize                    = 251658240                              {pd product} {ergonomic}
     bool SegmentedCodeCache                       = true                                      {product} {ergonomic}
     bool UseCompressedClassPointers               = true                                 {lp64_product} {ergonomic}
     bool UseCompressedOops                        = true                                 {lp64_product} {ergonomic}
     bool UseG1GC                                  = true                                      {product} {ergonomic}
     bool UseLargePagesIndividualAllocation        = false                                  {pd product} {ergonomic}

Logging:
Log output configuration:
 #0: stdout all=warning uptime,level,tags
 #1: stderr all=off uptime,level,tags

Environment Variables:
PATH=C:\Users\user\Desktop\SharedOne\node_modules\.bin;C:\Users\user\Desktop\node_modules\.bin;C:\Users\user\node_modules\.bin;C:\Users\node_modules\.bin;C:\node_modules\.bin;C:\Program Files\nodejs\node_modules\npm\node_modules\@npmcli\run-script\lib\node-gyp-bin;C:\oraclexe\app\oracle\product\11.2.0\server\bin;C:\Program Files\Common Files\Oracle\Java\javapath;C:\windows\system32;C:\windows;C:\windows\System32\Wbem;C:\windows\System32\WindowsPowerShell\v1.0\;C:\windows\System32\OpenSSH\;C:\Program Files\Bandizip\;C:\Program Files\Git\cmd;C:\Program Files\nodejs\;C:\Users\user\AppData\Local\Microsoft\WindowsApps;C:\Users\user\AppData\Local\Programs\Microsoft VS Code\bin;C:\Program Files\JetBrains\IntelliJ IDEA Community Edition 2024.1.4\bin;;C:\Program Files\JetBrains\IntelliJ IDEA 2024.1.4\bin;;C:\Users\user\AppData\Roaming\npm
USERNAME=user
OS=Windows_NT
PROCESSOR_IDENTIFIER=Intel64 Family 6 Model 151 Stepping 2, GenuineIntel



---------------  S Y S T E M  ---------------

OS: Windows 11 , 64 bit Build 22621 (10.0.22621.3958)
Hyper-V role detected

CPU:total 12 (initial active 12) (6 cores per cpu, 2 threads per core) family 6 model 151 stepping 2 microcode 0x1e, cmov, cx8, fxsr, mmx, sse, sse2, sse3, ssse3, sse4.1, sse4.2, popcnt, avx, avx2, aes, clmul, erms, 3dnowpref, lzcnt, ht, tsc, tscinvbit, bmi1, bmi2, adx, sha, fma

Memory: 4k page, system-wide physical 16098M (4681M free)
TotalPageFile size 65250M (AvailPageFile size 3M)
current process WorkingSet (physical memory assigned to process): 15M, peak: 15M
current process commit charge ("private bytes"): 321M, peak: 321M

vm_info: Java HotSpot(TM) 64-Bit Server VM (11.0.23+7-LTS-222) for windows-amd64 JRE (11.0.23+7-LTS-222), built on Mar 11 2024 22:13:52 by "mach5one" with MS VC++ 17.6 (VS2022)

END.
