#
# There is insufficient memory for the Java Runtime Environment to continue.
# Native memory allocation (malloc) failed to allocate 1790096 bytes for Chunk::new
# Possible reasons:
#   The system is out of physical RAM or swap space
#   The process is running with CompressedOops enabled, and the Java Heap may be blocking the growth of the native heap
# Possible solutions:
#   Reduce memory load on the system
#   Increase physical memory or swap space
#   Check if swap backing store is full
#   Decrease Java heap size (-Xmx/-Xms)
#   Decrease number of Java threads
#   Decrease Java thread stack sizes (-Xss)
#   Set larger code cache with -XX:ReservedCodeCacheSize=
#   JVM is running with Unscaled Compressed Oops mode in which the Java heap is
#     placed in the first 4GB address space. The Java Heap base address is the
#     maximum limit for the native heap growth. Please use -XX:HeapBaseMinAddress
#     to set the Java Heap base and to place the Java Heap above 4GB virtual address.
# This output file may be truncated or incomplete.
#
#  Out of Memory Error (./open/src/hotspot/share/memory/arena.cpp:197), pid=3948, tid=30400
#
# JRE version: Java(TM) SE Runtime Environment 18.9 (11.0.23+7) (build 11.0.23+7-LTS-222)
# Java VM: Java HotSpot(TM) 64-Bit Server VM 18.9 (11.0.23+7-LTS-222, mixed mode, tiered, compressed oops, g1 gc, windows-amd64)
# No core dump will be written. Minidumps are not enabled by default on client versions of Windows
#

---------------  S U M M A R Y ------------

Command Line: --add-opens=java.base/java.util=ALL-UNNAMED --add-opens=java.base/java.lang=ALL-UNNAMED --add-opens=java.base/java.lang.invoke=ALL-UNNAMED --add-opens=java.prefs/java.util.prefs=ALL-UNNAMED --add-opens=java.base/java.nio.charset=ALL-UNNAMED --add-opens=java.base/java.net=ALL-UNNAMED --add-opens=java.base/java.util.concurrent.atomic=ALL-UNNAMED -XX:MaxMetaspaceSize=384m -XX:+HeapDumpOnOutOfMemoryError -Xms256m -Xmx512m -Dfile.encoding=x-windows-949 -Duser.country=KR -Duser.language=ko -Duser.variant -javaagent:C:\Users\user\.gradle\wrapper\dists\gradle-8.8-bin\dl7vupf4psengwqhwktix4v1\gradle-8.8\lib\agents\gradle-instrumentation-agent-8.8.jar org.gradle.launcher.daemon.bootstrap.GradleDaemon 8.8

Host: 12th Gen Intel(R) Core(TM) i5-12400, 12 cores, 15G,  Windows 11 , 64 bit Build 22621 (10.0.22621.3958)
Time: Fri Sep  6 16:47:06 2024  Windows 11 , 64 bit Build 22621 (10.0.22621.3958) elapsed time: 8.817788 seconds (0d 0h 0m 8s)

---------------  T H R E A D  ---------------

Current thread (0x000001ded3362800):  JavaThread "C2 CompilerThread0" daemon [_thread_in_native, id=30400, stack(0x0000005e9db00000,0x0000005e9dc00000)]


Current CompileTask:
C2:   8817 8544   !   4       com.sun.beans.TypeResolver::resolve (261 bytes)

Stack: [0x0000005e9db00000,0x0000005e9dc00000]
Native frames: (J=compiled Java code, j=interpreted, Vv=VM code, C=native code)
V  [jvm.dll+0x65524a]
V  [jvm.dll+0x79646f]
V  [jvm.dll+0x797b39]
V  [jvm.dll+0x7981e3]
V  [jvm.dll+0x254ee5]
V  [jvm.dll+0xb310c]
V  [jvm.dll+0xb371c]
V  [jvm.dll+0x35ed01]
V  [jvm.dll+0x1a1054]
V  [jvm.dll+0x20efad]
V  [jvm.dll+0x20de2d]
V  [jvm.dll+0x18b291]
V  [jvm.dll+0x21def4]
V  [jvm.dll+0x21c21c]
V  [jvm.dll+0x75a5f1]
V  [jvm.dll+0x752ef4]
V  [jvm.dll+0x6540f5]
C  [ucrtbase.dll+0x29333]
C  [KERNEL32.DLL+0x1257d]
C  [ntdll.dll+0x5af28]


---------------  P R O C E S S  ---------------

Threads class SMR info:
_java_thread_list=0x000001ded346f9a0, length=122, elements={
0x000001deb7eef000, 0x000001ded2aec000, 0x000001ded2aec800, 0x000001ded335e000,
0x000001ded3360000, 0x000001ded3361800, 0x000001ded3362800, 0x000001ded3369000,
0x000001ded3372800, 0x000001ded3491800, 0x000001ded497c000, 0x000001ded5496000,
0x000001ded3d00000, 0x000001ded54ea800, 0x000001ded53e2800, 0x000001ded4c4b800,
0x000001ded4745800, 0x000001ded45b4000, 0x000001ded5414800, 0x000001ded55e1800,
0x000001ded5825800, 0x000001ded5824800, 0x000001ded5824000, 0x000001ded5826000,
0x000001ded5823000, 0x000001ded5827000, 0x000001ded5822000, 0x000001ded5828800,
0x000001ded5828000, 0x000001ded7aad000, 0x000001ded7aa7000, 0x000001ded7aad800,
0x000001ded7aa8000, 0x000001ded7aae800, 0x000001ded7aab000, 0x000001ded7aac000,
0x000001ded7aa8800, 0x000001ded7aa9800, 0x000001ded7ab0000, 0x000001ded7aaf800,
0x000001ded7aaa800, 0x000001ded7ab4000, 0x000001ded7ab1800, 0x000001ded7ab3800,
0x000001ded7ab2800, 0x000001ded921a800, 0x000001ded921d800, 0x000001ded921c000,
0x000001ded921b800, 0x000001ded921d000, 0x000001ded921f800, 0x000001ded921e800,
0x000001ded9219800, 0x000001ded9223800, 0x000001ded9224800, 0x000001ded9225000,
0x000001ded9226000, 0x000001ded9221000, 0x000001ded9220000, 0x000001ded3502800,
0x000001ded9222000, 0x000001ded9227800, 0x000001ded9228800, 0x000001ded9222800,
0x000001ded9226800, 0x000001dedaa61000, 0x000001dedaa5d000, 0x000001dedaa63800,
0x000001dedaa5e800, 0x000001dedaa63000, 0x000001dedaa5e000, 0x000001dedaa64800,
0x000001dedaa65000, 0x000001dedaa5f800, 0x000001dedaa66000, 0x000001dedaa60800,
0x000001dedaa67000, 0x000001dedaa67800, 0x000001dedaa62000, 0x000001dedaa6b000,
0x000001dedaa68800, 0x000001dedaa69800, 0x000001dedaa6a000, 0x000001dedaa6b800,
0x000001ded8a48800, 0x000001ded8a49800, 0x000001ded8a47800, 0x000001ded8a43800,
0x000001ded8a4a000, 0x000001ded8a45000, 0x000001ded8a44800, 0x000001ded8a47000,
0x000001ded8a4b000, 0x000001ded95e2800, 0x000001ded8a46000, 0x000001ded8a4d800,
0x000001ded8a51800, 0x000001ded8a50000, 0x000001ded8a4c800, 0x000001ded8a52800,
0x000001ded8a4e000, 0x000001ded8a4f000, 0x000001ded8a50800, 0x000001ded7d02000,
0x000001ded7d04800, 0x000001ded7d08800, 0x000001ded7d07000, 0x000001ded7d03800,
0x000001ded7d06000, 0x000001ded7d08000, 0x000001ded7d03000, 0x000001ded7d05800,
0x000001ded7d0f000, 0x000001ded7d0e800, 0x000001ded7d0c800, 0x000001ded7d0d800,
0x000001ded7d0b000, 0x000001ded7d09800, 0x000001ded7d0c000, 0x000001ded7d10000,
0x000001ded7d0a800, 0x000001ded7d11000
}

Java Threads: ( => current thread )
  0x000001deb7eef000 JavaThread "main" [_thread_blocked, id=24896, stack(0x0000005e9cf00000,0x0000005e9d000000)]
  0x000001ded2aec000 JavaThread "Reference Handler" daemon [_thread_blocked, id=20584, stack(0x0000005e9d600000,0x0000005e9d700000)]
  0x000001ded2aec800 JavaThread "Finalizer" daemon [_thread_blocked, id=4668, stack(0x0000005e9d700000,0x0000005e9d800000)]
  0x000001ded335e000 JavaThread "Signal Dispatcher" daemon [_thread_blocked, id=31684, stack(0x0000005e9d800000,0x0000005e9d900000)]
  0x000001ded3360000 JavaThread "Attach Listener" daemon [_thread_blocked, id=21528, stack(0x0000005e9d900000,0x0000005e9da00000)]
  0x000001ded3361800 JavaThread "Service Thread" daemon [_thread_blocked, id=31628, stack(0x0000005e9da00000,0x0000005e9db00000)]
=>0x000001ded3362800 JavaThread "C2 CompilerThread0" daemon [_thread_in_native, id=30400, stack(0x0000005e9db00000,0x0000005e9dc00000)]
  0x000001ded3369000 JavaThread "C1 CompilerThread0" daemon [_thread_blocked, id=21984, stack(0x0000005e9dc00000,0x0000005e9dd00000)]
  0x000001ded3372800 JavaThread "Sweeper thread" daemon [_thread_blocked, id=5204, stack(0x0000005e9dd00000,0x0000005e9de00000)]
  0x000001ded3491800 JavaThread "Common-Cleaner" daemon [_thread_blocked, id=24572, stack(0x0000005e9de00000,0x0000005e9df00000)]
  0x000001ded497c000 JavaThread "Daemon health stats" [_thread_blocked, id=23208, stack(0x0000005e9e700000,0x0000005e9e800000)]
  0x000001ded5496000 JavaThread "Incoming local TCP Connector on port 61264" [_thread_in_native, id=15816, stack(0x0000005e9e800000,0x0000005e9e900000)]
  0x000001ded3d00000 JavaThread "Daemon periodic checks" [_thread_blocked, id=16992, stack(0x0000005e9e900000,0x0000005e9ea00000)]
  0x000001ded54ea800 JavaThread "Daemon" [_thread_blocked, id=7704, stack(0x0000005e9ea00000,0x0000005e9eb00000)]
  0x000001ded53e2800 JavaThread "Handler for socket connection from /127.0.0.1:61264 to /127.0.0.1:61265" [_thread_in_native, id=18244, stack(0x0000005e9eb00000,0x0000005e9ec00000)]
  0x000001ded4c4b800 JavaThread "Cancel handler" [_thread_blocked, id=19756, stack(0x0000005e9ec00000,0x0000005e9ed00000)]
  0x000001ded4745800 JavaThread "Daemon worker" [_thread_blocked, id=8752, stack(0x0000005e9ed00000,0x0000005e9ee00000)]
  0x000001ded45b4000 JavaThread "Asynchronous log dispatcher for DefaultDaemonConnection: socket connection from /127.0.0.1:61264 to /127.0.0.1:61265" [_thread_blocked, id=1352, stack(0x0000005e9ee00000,0x0000005e9ef00000)]
  0x000001ded5414800 JavaThread "Stdin handler" [_thread_blocked, id=4576, stack(0x0000005e9ef00000,0x0000005e9f000000)]
  0x000001ded55e1800 JavaThread "Daemon client event forwarder" [_thread_blocked, id=33564, stack(0x0000005e9f000000,0x0000005e9f100000)]
  0x000001ded5825800 JavaThread "Cache worker for journal cache (C:\Users\user\.gradle\caches\journal-1)" [_thread_blocked, id=19844, stack(0x0000005e9f700000,0x0000005e9f800000)]
  0x000001ded5824800 JavaThread "File lock request listener" [_thread_in_native, id=9344, stack(0x0000005e9f800000,0x0000005e9f900000)]
  0x000001ded5824000 JavaThread "Cache worker for file hash cache (C:\Users\user\.gradle\caches\8.8\fileHashes)" [_thread_blocked, id=23920, stack(0x0000005e9f900000,0x0000005e9fa00000)]
  0x000001ded5826000 JavaThread "Cache worker for file hash cache (C:\Users\user\Desktop\SharedOne\.gradle\8.8\fileHashes)" [_thread_blocked, id=6740, stack(0x0000005e9fa00000,0x0000005e9fb00000)]
  0x000001ded5823000 JavaThread "File watcher server" daemon [_thread_in_native, id=29372, stack(0x0000005e9fb00000,0x0000005e9fc00000)]
  0x000001ded5827000 JavaThread "File watcher consumer" daemon [_thread_blocked, id=9568, stack(0x0000005e9fc00000,0x0000005e9fd00000)]
  0x000001ded5822000 JavaThread "jar transforms" [_thread_blocked, id=15520, stack(0x0000005e9fd00000,0x0000005e9fe00000)]
  0x000001ded5828800 JavaThread "jar transforms Thread 2" [_thread_blocked, id=28468, stack(0x0000005e9fe00000,0x0000005e9ff00000)]
  0x000001ded5828000 JavaThread "jar transforms Thread 3" [_thread_blocked, id=20000, stack(0x0000005e9ff00000,0x0000005ea0000000)]
  0x000001ded7aad000 JavaThread "jar transforms Thread 4" [_thread_blocked, id=28244, stack(0x0000005ea0000000,0x0000005ea0100000)]
  0x000001ded7aa7000 JavaThread "jar transforms Thread 5" [_thread_blocked, id=33416, stack(0x0000005ea0100000,0x0000005ea0200000)]
  0x000001ded7aad800 JavaThread "jar transforms Thread 6" [_thread_blocked, id=7756, stack(0x0000005ea0200000,0x0000005ea0300000)]
  0x000001ded7aa8000 JavaThread "jar transforms Thread 7" [_thread_blocked, id=5856, stack(0x0000005ea0300000,0x0000005ea0400000)]
  0x000001ded7aae800 JavaThread "jar transforms Thread 8" [_thread_blocked, id=18348, stack(0x0000005ea0400000,0x0000005ea0500000)]
  0x000001ded7aab000 JavaThread "jar transforms Thread 9" [_thread_blocked, id=25452, stack(0x0000005ea0500000,0x0000005ea0600000)]
  0x000001ded7aac000 JavaThread "jar transforms Thread 10" [_thread_blocked, id=16072, stack(0x0000005ea0600000,0x0000005ea0700000)]
  0x000001ded7aa8800 JavaThread "jar transforms Thread 11" [_thread_blocked, id=22608, stack(0x0000005ea0700000,0x0000005ea0800000)]
  0x000001ded7aa9800 JavaThread "Cache worker for checksums cache (C:\Users\user\Desktop\SharedOne\.gradle\8.8\checksums)" [_thread_blocked, id=8852, stack(0x0000005ea0800000,0x0000005ea0900000)]
  0x000001ded7ab0000 JavaThread "Cache worker for file content cache (C:\Users\user\.gradle\caches\8.8\fileContent)" [_thread_blocked, id=13796, stack(0x0000005ea0900000,0x0000005ea0a00000)]
  0x000001ded7aaf800 JavaThread "Cache worker for cache directory md-rule (C:\Users\user\.gradle\caches\8.8\md-rule)" [_thread_blocked, id=22864, stack(0x0000005ea0a00000,0x0000005ea0b00000)]
  0x000001ded7aaa800 JavaThread "Cache worker for cache directory md-supplier (C:\Users\user\.gradle\caches\8.8\md-supplier)" [_thread_blocked, id=20136, stack(0x0000005ea0b00000,0x0000005ea0c00000)]
  0x000001ded7ab4000 JavaThread "jar transforms Thread 12" [_thread_blocked, id=3112, stack(0x0000005ea0c00000,0x0000005ea0d00000)]
  0x000001ded7ab1800 JavaThread "Unconstrained build operations" [_thread_blocked, id=29700, stack(0x0000005ea0d00000,0x0000005ea0e00000)]
  0x000001ded7ab3800 JavaThread "Unconstrained build operations Thread 2" [_thread_blocked, id=32292, stack(0x0000005ea0e00000,0x0000005ea0f00000)]
  0x000001ded7ab2800 JavaThread "Unconstrained build operations Thread 3" [_thread_blocked, id=6972, stack(0x0000005ea0f00000,0x0000005ea1000000)]
  0x000001ded921a800 JavaThread "Unconstrained build operations Thread 4" [_thread_blocked, id=32652, stack(0x0000005ea1000000,0x0000005ea1100000)]
  0x000001ded921d800 JavaThread "Unconstrained build operations Thread 5" [_thread_blocked, id=26956, stack(0x0000005ea1100000,0x0000005ea1200000)]
  0x000001ded921c000 JavaThread "Unconstrained build operations Thread 6" [_thread_blocked, id=1096, stack(0x0000005ea1200000,0x0000005ea1300000)]
  0x000001ded921b800 JavaThread "Unconstrained build operations Thread 7" [_thread_blocked, id=19340, stack(0x0000005ea1300000,0x0000005ea1400000)]
  0x000001ded921d000 JavaThread "Unconstrained build operations Thread 8" [_thread_blocked, id=28680, stack(0x0000005ea1400000,0x0000005ea1500000)]
  0x000001ded921f800 JavaThread "Unconstrained build operations Thread 9" [_thread_blocked, id=18016, stack(0x0000005ea1500000,0x0000005ea1600000)]
  0x000001ded921e800 JavaThread "Unconstrained build operations Thread 10" [_thread_blocked, id=26920, stack(0x0000005ea1600000,0x0000005ea1700000)]
  0x000001ded9219800 JavaThread "Unconstrained build operations Thread 11" [_thread_blocked, id=14716, stack(0x0000005ea1700000,0x0000005ea1800000)]
  0x000001ded9223800 JavaThread "Unconstrained build operations Thread 12" [_thread_blocked, id=14124, stack(0x0000005ea1800000,0x0000005ea1900000)]
  0x000001ded9224800 JavaThread "Unconstrained build operations Thread 13" [_thread_blocked, id=22680, stack(0x0000005ea1900000,0x0000005ea1a00000)]
  0x000001ded9225000 JavaThread "Unconstrained build operations Thread 14" [_thread_blocked, id=1248, stack(0x0000005ea1a00000,0x0000005ea1b00000)]
  0x000001ded9226000 JavaThread "Unconstrained build operations Thread 15" [_thread_blocked, id=26952, stack(0x0000005ea1b00000,0x0000005ea1c00000)]
  0x000001ded9221000 JavaThread "Unconstrained build operations Thread 16" [_thread_blocked, id=28760, stack(0x0000005ea1c00000,0x0000005ea1d00000)]
  0x000001ded9220000 JavaThread "Cache worker for Build Output Cleanup Cache (C:\Users\user\Desktop\SharedOne\.gradle\buildOutputCleanup)" [_thread_blocked, id=6352, stack(0x0000005ea1d00000,0x0000005ea1e00000)]
  0x000001ded3502800 JavaThread "C2 CompilerThread1" daemon [_thread_in_native, id=23632, stack(0x0000005e9df00000,0x0000005e9e000000)]
  0x000001ded9222000 JavaThread "Unconstrained build operations Thread 17" [_thread_blocked, id=27324, stack(0x0000005e9e100000,0x0000005e9e200000)]
  0x000001ded9227800 JavaThread "Unconstrained build operations Thread 18" [_thread_blocked, id=20856, stack(0x0000005ea1f00000,0x0000005ea2000000)]
  0x000001ded9228800 JavaThread "Unconstrained build operations Thread 19" [_thread_blocked, id=2228, stack(0x0000005ea2000000,0x0000005ea2100000)]
  0x000001ded9222800 JavaThread "Unconstrained build operations Thread 20" [_thread_blocked, id=26260, stack(0x0000005ea2100000,0x0000005ea2200000)]
  0x000001ded9226800 JavaThread "Unconstrained build operations Thread 21" [_thread_blocked, id=21104, stack(0x0000005ea2200000,0x0000005ea2300000)]
  0x000001dedaa61000 JavaThread "Unconstrained build operations Thread 22" [_thread_blocked, id=13584, stack(0x0000005ea2300000,0x0000005ea2400000)]
  0x000001dedaa5d000 JavaThread "Unconstrained build operations Thread 23" [_thread_blocked, id=17812, stack(0x0000005ea2400000,0x0000005ea2500000)]
  0x000001dedaa63800 JavaThread "Unconstrained build operations Thread 24" [_thread_blocked, id=29332, stack(0x0000005ea2500000,0x0000005ea2600000)]
  0x000001dedaa5e800 JavaThread "Unconstrained build operations Thread 25" [_thread_blocked, id=24996, stack(0x0000005ea2600000,0x0000005ea2700000)]
  0x000001dedaa63000 JavaThread "Unconstrained build operations Thread 26" [_thread_blocked, id=27488, stack(0x0000005ea2700000,0x0000005ea2800000)]
  0x000001dedaa5e000 JavaThread "Unconstrained build operations Thread 27" [_thread_blocked, id=7688, stack(0x0000005ea2800000,0x0000005ea2900000)]
  0x000001dedaa64800 JavaThread "Unconstrained build operations Thread 28" [_thread_blocked, id=14964, stack(0x0000005ea2900000,0x0000005ea2a00000)]
  0x000001dedaa65000 JavaThread "Unconstrained build operations Thread 29" [_thread_blocked, id=11076, stack(0x0000005ea2a00000,0x0000005ea2b00000)]
  0x000001dedaa5f800 JavaThread "Unconstrained build operations Thread 30" [_thread_blocked, id=25784, stack(0x0000005ea2b00000,0x0000005ea2c00000)]
  0x000001dedaa66000 JavaThread "Unconstrained build operations Thread 31" [_thread_blocked, id=29272, stack(0x0000005ea2c00000,0x0000005ea2d00000)]
  0x000001dedaa60800 JavaThread "Unconstrained build operations Thread 32" [_thread_blocked, id=26340, stack(0x0000005ea2d00000,0x0000005ea2e00000)]
  0x000001dedaa67000 JavaThread "Unconstrained build operations Thread 33" [_thread_blocked, id=15388, stack(0x0000005ea2e00000,0x0000005ea2f00000)]
  0x000001dedaa67800 JavaThread "Unconstrained build operations Thread 34" [_thread_blocked, id=2764, stack(0x0000005ea2f00000,0x0000005ea3000000)]
  0x000001dedaa62000 JavaThread "Unconstrained build operations Thread 35" [_thread_blocked, id=1988, stack(0x0000005ea3000000,0x0000005ea3100000)]
  0x000001dedaa6b000 JavaThread "Unconstrained build operations Thread 36" [_thread_blocked, id=1964, stack(0x0000005ea3100000,0x0000005ea3200000)]
  0x000001dedaa68800 JavaThread "Unconstrained build operations Thread 37" [_thread_blocked, id=5576, stack(0x0000005ea3200000,0x0000005ea3300000)]
  0x000001dedaa69800 JavaThread "Unconstrained build operations Thread 38" [_thread_blocked, id=26140, stack(0x0000005ea3300000,0x0000005ea3400000)]
  0x000001dedaa6a000 JavaThread "Unconstrained build operations Thread 39" [_thread_blocked, id=12208, stack(0x0000005ea3400000,0x0000005ea3500000)]
  0x000001dedaa6b800 JavaThread "Unconstrained build operations Thread 40" [_thread_blocked, id=32700, stack(0x0000005ea3500000,0x0000005ea3600000)]
  0x000001ded8a48800 JavaThread "Unconstrained build operations Thread 41" [_thread_blocked, id=32716, stack(0x0000005ea3600000,0x0000005ea3700000)]
  0x000001ded8a49800 JavaThread "Unconstrained build operations Thread 42" [_thread_blocked, id=25656, stack(0x0000005ea3700000,0x0000005ea3800000)]
  0x000001ded8a47800 JavaThread "Unconstrained build operations Thread 43" [_thread_blocked, id=28560, stack(0x0000005ea3800000,0x0000005ea3900000)]
  0x000001ded8a43800 JavaThread "Unconstrained build operations Thread 44" [_thread_blocked, id=3208, stack(0x0000005ea3900000,0x0000005ea3a00000)]
  0x000001ded8a4a000 JavaThread "Unconstrained build operations Thread 45" [_thread_blocked, id=13076, stack(0x0000005ea3a00000,0x0000005ea3b00000)]
  0x000001ded8a45000 JavaThread "Unconstrained build operations Thread 46" [_thread_blocked, id=19196, stack(0x0000005ea3b00000,0x0000005ea3c00000)]
  0x000001ded8a44800 JavaThread "Unconstrained build operations Thread 47" [_thread_blocked, id=11784, stack(0x0000005ea3c00000,0x0000005ea3d00000)]
  0x000001ded8a47000 JavaThread "Unconstrained build operations Thread 48" [_thread_blocked, id=14580, stack(0x0000005ea3d00000,0x0000005ea3e00000)]
  0x000001ded8a4b000 JavaThread "Unconstrained build operations Thread 49" [_thread_blocked, id=27448, stack(0x0000005ea3e00000,0x0000005ea3f00000)]
  0x000001ded95e2800 JavaThread "C2 CompilerThread2" daemon [_thread_in_native, id=5116, stack(0x0000005ea3f00000,0x0000005ea4000000)]
  0x000001ded8a46000 JavaThread "Memory manager" [_thread_blocked, id=28304, stack(0x0000005ea4000000,0x0000005ea4100000)]
  0x000001ded8a4d800 JavaThread "included builds" [_thread_blocked, id=33548, stack(0x0000005ea4100000,0x0000005ea4200000)]
  0x000001ded8a51800 JavaThread "Execution worker" [_thread_blocked, id=1568, stack(0x0000005ea4200000,0x0000005ea4300000)]
  0x000001ded8a50000 JavaThread "Execution worker Thread 2" [_thread_blocked, id=25628, stack(0x0000005ea4300000,0x0000005ea4400000)]
  0x000001ded8a4c800 JavaThread "Execution worker Thread 3" [_thread_blocked, id=17608, stack(0x0000005ea4400000,0x0000005ea4500000)]
  0x000001ded8a52800 JavaThread "Execution worker Thread 4" [_thread_blocked, id=16064, stack(0x0000005ea4500000,0x0000005ea4600000)]
  0x000001ded8a4e000 JavaThread "Execution worker Thread 5" [_thread_blocked, id=25988, stack(0x0000005ea4600000,0x0000005ea4700000)]
  0x000001ded8a4f000 JavaThread "Execution worker Thread 6" [_thread_blocked, id=25388, stack(0x0000005ea4700000,0x0000005ea4800000)]
  0x000001ded8a50800 JavaThread "Execution worker Thread 7" [_thread_blocked, id=13652, stack(0x0000005ea4800000,0x0000005ea4900000)]
  0x000001ded7d02000 JavaThread "Execution worker Thread 8" [_thread_blocked, id=5284, stack(0x0000005ea4900000,0x0000005ea4a00000)]
  0x000001ded7d04800 JavaThread "Execution worker Thread 9" [_thread_blocked, id=29468, stack(0x0000005ea4a00000,0x0000005ea4b00000)]
  0x000001ded7d08800 JavaThread "Execution worker Thread 10" [_thread_blocked, id=14784, stack(0x0000005ea4b00000,0x0000005ea4c00000)]
  0x000001ded7d07000 JavaThread "Execution worker Thread 11" [_thread_blocked, id=14952, stack(0x0000005ea4c00000,0x0000005ea4d00000)]
  0x000001ded7d03800 JavaThread "Cache worker for execution history cache (C:\Users\user\Desktop\SharedOne\.gradle\8.8\executionHistory)" [_thread_blocked, id=33036, stack(0x0000005ea4d00000,0x0000005ea4e00000)]
  0x000001ded7d06000 JavaThread "ForkJoinPool.commonPool-worker-19" daemon [_thread_blocked, id=27660, stack(0x0000005ea4e00000,0x0000005ea4f00000)]
  0x000001ded7d08000 JavaThread "ForkJoinPool.commonPool-worker-5" daemon [_thread_blocked, id=7396, stack(0x0000005ea4f00000,0x0000005ea5000000)]
  0x000001ded7d03000 JavaThread "ForkJoinPool.commonPool-worker-23" daemon [_thread_blocked, id=28520, stack(0x0000005ea5000000,0x0000005ea5100000)]
  0x000001ded7d05800 JavaThread "ForkJoinPool.commonPool-worker-9" daemon [_thread_in_Java, id=31136, stack(0x0000005ea5100000,0x0000005ea5200000)]
  0x000001ded7d0f000 JavaThread "ForkJoinPool.commonPool-worker-27" daemon [_thread_blocked, id=3568, stack(0x0000005ea5200000,0x0000005ea5300000)]
  0x000001ded7d0e800 JavaThread "ForkJoinPool.commonPool-worker-31" daemon [_thread_blocked, id=32416, stack(0x0000005ea5300000,0x0000005ea5400000)]
  0x000001ded7d0c800 JavaThread "ForkJoinPool.commonPool-worker-13" daemon [_thread_blocked, id=23700, stack(0x0000005ea5400000,0x0000005ea5500000)]
  0x000001ded7d0d800 JavaThread "ForkJoinPool.commonPool-worker-21" daemon [_thread_blocked, id=30716, stack(0x0000005ea5500000,0x0000005ea5600000)]
  0x000001ded7d0b000 JavaThread "ForkJoinPool.commonPool-worker-3" daemon [_thread_blocked, id=18476, stack(0x0000005ea5600000,0x0000005ea5700000)]
  0x000001ded7d09800 JavaThread "ForkJoinPool.commonPool-worker-17" daemon [_thread_blocked, id=26288, stack(0x0000005ea5700000,0x0000005ea5800000)]
  0x000001ded7d0c000 JavaThread "ForkJoinPool.commonPool-worker-7" daemon [_thread_blocked, id=20476, stack(0x0000005ea5800000,0x0000005ea5900000)]
  0x000001ded7d10000 JavaThread "Exec process" daemon [_thread_blocked, id=1616, stack(0x0000005ea5900000,0x0000005ea5a00000)]
  0x000001ded7d0a800 JavaThread "Exec process Thread 2" daemon [_thread_blocked, id=31808, stack(0x0000005ea5a00000,0x0000005ea5b00000)]
  0x000001ded7d11000 JavaThread "Exec process Thread 3" daemon [_thread_blocked, id=19068, stack(0x0000005ea5b00000,0x0000005ea5c00000)]

Other Threads:
  0x000001ded2ac5800 VMThread "VM Thread" [stack: 0x0000005e9d500000,0x0000005e9d600000] [id=26616]
  0x000001ded36ce000 WatcherThread [stack: 0x0000005e9e000000,0x0000005e9e100000] [id=20284]
  0x000001deb7f06000 GCTaskThread "GC Thread#0" [stack: 0x0000005e9d000000,0x0000005e9d100000] [id=25828]
  0x000001ded43dc800 GCTaskThread "GC Thread#1" [stack: 0x0000005e9e200000,0x0000005e9e300000] [id=29324]
  0x000001ded4672800 GCTaskThread "GC Thread#2" [stack: 0x0000005e9e300000,0x0000005e9e400000] [id=15368]
  0x000001ded3e1a800 GCTaskThread "GC Thread#3" [stack: 0x0000005e9e400000,0x0000005e9e500000] [id=28804]
  0x000001ded3e1b000 GCTaskThread "GC Thread#4" [stack: 0x0000005e9e500000,0x0000005e9e600000] [id=8120]
  0x000001ded456c800 GCTaskThread "GC Thread#5" [stack: 0x0000005e9e600000,0x0000005e9e700000] [id=30132]
  0x000001ded58f7000 GCTaskThread "GC Thread#6" [stack: 0x0000005e9f100000,0x0000005e9f200000] [id=10696]
  0x000001ded59aa800 GCTaskThread "GC Thread#7" [stack: 0x0000005e9f200000,0x0000005e9f300000] [id=22992]
  0x000001ded59ab800 GCTaskThread "GC Thread#8" [stack: 0x0000005e9f300000,0x0000005e9f400000] [id=32712]
  0x000001ded59ac000 GCTaskThread "GC Thread#9" [stack: 0x0000005e9f400000,0x0000005e9f500000] [id=13292]
  0x000001deb7f18000 ConcurrentGCThread "G1 Main Marker" [stack: 0x0000005e9d100000,0x0000005e9d200000] [id=25644]
  0x000001deb7f1b800 ConcurrentGCThread "G1 Conc#0" [stack: 0x0000005e9d200000,0x0000005e9d300000] [id=15912]
  0x000001ded59f1000 ConcurrentGCThread "G1 Conc#1" [stack: 0x0000005e9f500000,0x0000005e9f600000] [id=5180]
  0x000001ded598c800 ConcurrentGCThread "G1 Conc#2" [stack: 0x0000005e9f600000,0x0000005e9f700000] [id=25400]
  0x000001deb7fbe800 ConcurrentGCThread "G1 Refine#0" [stack: 0x0000005e9d300000,0x0000005e9d400000] [id=25560]
  0x000001ded2958800 ConcurrentGCThread "G1 Young RemSet Sampling" [stack: 0x0000005e9d400000,0x0000005e9d500000] [id=28396]

Threads with active compile tasks:
C2 CompilerThread0     8849 8544   !   4       com.sun.beans.TypeResolver::resolve (261 bytes)
C2 CompilerThread2     8849 8613       4       groovy.lang.MetaClassImpl::inheritInterfaceNewMetaMethods (195 bytes)

VM state:not at safepoint (normal execution)

VM Mutex/Monitor currently owned by a thread: None

Heap address: 0x00000000e0000000, size: 512 MB, Compressed Oops mode: 32-bit
Narrow klass base: 0x0000000000000000, Narrow klass shift: 3
Compressed class space size: 394264576 Address: 0x0000000100000000

Heap:
 garbage-first heap   total 262144K, used 216433K [0x00000000e0000000, 0x0000000100000000)
  region size 1024K, 138 young (141312K), 16 survivors (16384K)
 Metaspace       used 81811K, capacity 85164K, committed 85288K, reserved 458752K
  class space    used 11060K, capacity 12295K, committed 12336K, reserved 385024K
Heap Regions: E=young(eden), S=young(survivor), O=old, HS=humongous(starts), HC=humongous(continues), CS=collection set, F=free, A=archive, TAMS=top-at-mark-start (previous, next)
|   0|0x00000000e0000000, 0x00000000e0100000, 0x00000000e0100000|100%|HS|  |TAMS 0x00000000e0100000, 0x00000000e0000000| Complete 
|   1|0x00000000e0100000, 0x00000000e0200000, 0x00000000e0200000|100%|HC|  |TAMS 0x00000000e0200000, 0x00000000e0100000| Complete 
|   2|0x00000000e0200000, 0x00000000e0300000, 0x00000000e0300000|100%|HC|  |TAMS 0x00000000e0300000, 0x00000000e0200000| Complete 
|   3|0x00000000e0300000, 0x00000000e0400000, 0x00000000e0400000|100%|HC|  |TAMS 0x00000000e0400000, 0x00000000e0300000| Complete 
|   4|0x00000000e0400000, 0x00000000e0500000, 0x00000000e0500000|100%| O|  |TAMS 0x00000000e0500000, 0x00000000e0400000| Untracked 
|   5|0x00000000e0500000, 0x00000000e0600000, 0x00000000e0600000|100%| O|  |TAMS 0x00000000e0600000, 0x00000000e0500000| Untracked 
|   6|0x00000000e0600000, 0x00000000e0700000, 0x00000000e0700000|100%| O|  |TAMS 0x00000000e0700000, 0x00000000e0600000| Untracked 
|   7|0x00000000e0700000, 0x00000000e0800000, 0x00000000e0800000|100%| O|  |TAMS 0x00000000e0800000, 0x00000000e0700000| Untracked 
|   8|0x00000000e0800000, 0x00000000e0900000, 0x00000000e0900000|100%|HS|  |TAMS 0x00000000e0900000, 0x00000000e0800000| Complete 
|   9|0x00000000e0900000, 0x00000000e0a00000, 0x00000000e0a00000|100%| O|  |TAMS 0x00000000e0a00000, 0x00000000e0900000| Untracked 
|  10|0x00000000e0a00000, 0x00000000e0b00000, 0x00000000e0b00000|100%| O|  |TAMS 0x00000000e0b00000, 0x00000000e0a00000| Untracked 
|  11|0x00000000e0b00000, 0x00000000e0c00000, 0x00000000e0c00000|100%| O|  |TAMS 0x00000000e0c00000, 0x00000000e0b00000| Untracked 
|  12|0x00000000e0c00000, 0x00000000e0d00000, 0x00000000e0d00000|100%| O|  |TAMS 0x00000000e0d00000, 0x00000000e0c00000| Untracked 
|  13|0x00000000e0d00000, 0x00000000e0e00000, 0x00000000e0e00000|100%| O|  |TAMS 0x00000000e0e00000, 0x00000000e0d00000| Untracked 
|  14|0x00000000e0e00000, 0x00000000e0f00000, 0x00000000e0f00000|100%| O|  |TAMS 0x00000000e0f00000, 0x00000000e0e00000| Untracked 
|  15|0x00000000e0f00000, 0x00000000e1000000, 0x00000000e1000000|100%| O|  |TAMS 0x00000000e1000000, 0x00000000e0f00000| Untracked 
|  16|0x00000000e1000000, 0x00000000e1100000, 0x00000000e1100000|100%| O|  |TAMS 0x00000000e1100000, 0x00000000e1000000| Untracked 
|  17|0x00000000e1100000, 0x00000000e1200000, 0x00000000e1200000|100%| O|  |TAMS 0x00000000e1200000, 0x00000000e1100000| Untracked 
|  18|0x00000000e1200000, 0x00000000e1300000, 0x00000000e1300000|100%| O|  |TAMS 0x00000000e1300000, 0x00000000e1200000| Untracked 
|  19|0x00000000e1300000, 0x00000000e1400000, 0x00000000e1400000|100%| O|  |TAMS 0x00000000e1400000, 0x00000000e1300000| Untracked 
|  20|0x00000000e1400000, 0x00000000e1500000, 0x00000000e1500000|100%|HS|  |TAMS 0x00000000e1500000, 0x00000000e1400000| Complete 
|  21|0x00000000e1500000, 0x00000000e1600000, 0x00000000e1600000|100%|HC|  |TAMS 0x00000000e1600000, 0x00000000e1500000| Complete 
|  22|0x00000000e1600000, 0x00000000e1700000, 0x00000000e1700000|100%|HC|  |TAMS 0x00000000e1700000, 0x00000000e1600000| Complete 
|  23|0x00000000e1700000, 0x00000000e1800000, 0x00000000e1800000|100%|HC|  |TAMS 0x00000000e1800000, 0x00000000e1700000| Complete 
|  24|0x00000000e1800000, 0x00000000e1900000, 0x00000000e1900000|100%|HC|  |TAMS 0x00000000e1900000, 0x00000000e1800000| Complete 
|  25|0x00000000e1900000, 0x00000000e1a00000, 0x00000000e1a00000|100%|HS|  |TAMS 0x00000000e1a00000, 0x00000000e1900000| Complete 
|  26|0x00000000e1a00000, 0x00000000e1b00000, 0x00000000e1b00000|100%|HC|  |TAMS 0x00000000e1b00000, 0x00000000e1a00000| Complete 
|  27|0x00000000e1b00000, 0x00000000e1c00000, 0x00000000e1c00000|100%|HC|  |TAMS 0x00000000e1c00000, 0x00000000e1b00000| Complete 
|  28|0x00000000e1c00000, 0x00000000e1d00000, 0x00000000e1d00000|100%|HS|  |TAMS 0x00000000e1d00000, 0x00000000e1c00000| Complete 
|  29|0x00000000e1d00000, 0x00000000e1e00000, 0x00000000e1e00000|100%|HC|  |TAMS 0x00000000e1e00000, 0x00000000e1d00000| Complete 
|  30|0x00000000e1e00000, 0x00000000e1f00000, 0x00000000e1f00000|100%|HC|  |TAMS 0x00000000e1f00000, 0x00000000e1e00000| Complete 
|  31|0x00000000e1f00000, 0x00000000e2000000, 0x00000000e2000000|100%|HS|  |TAMS 0x00000000e2000000, 0x00000000e1f00000| Complete 
|  32|0x00000000e2000000, 0x00000000e2100000, 0x00000000e2100000|100%|HC|  |TAMS 0x00000000e2100000, 0x00000000e2000000| Complete 
|  33|0x00000000e2100000, 0x00000000e2200000, 0x00000000e2200000|100%|HC|  |TAMS 0x00000000e2200000, 0x00000000e2100000| Complete 
|  34|0x00000000e2200000, 0x00000000e2300000, 0x00000000e2300000|100%|HC|  |TAMS 0x00000000e2300000, 0x00000000e2200000| Complete 
|  35|0x00000000e2300000, 0x00000000e2400000, 0x00000000e2400000|100%|HC|  |TAMS 0x00000000e2400000, 0x00000000e2300000| Complete 
|  36|0x00000000e2400000, 0x00000000e2500000, 0x00000000e2500000|100%|HS|  |TAMS 0x00000000e2500000, 0x00000000e2400000| Complete 
|  37|0x00000000e2500000, 0x00000000e2600000, 0x00000000e2600000|100%|HC|  |TAMS 0x00000000e2600000, 0x00000000e2500000| Complete 
|  38|0x00000000e2600000, 0x00000000e2700000, 0x00000000e2700000|100%|HC|  |TAMS 0x00000000e2700000, 0x00000000e2600000| Complete 
|  39|0x00000000e2700000, 0x00000000e2800000, 0x00000000e2800000|100%|HC|  |TAMS 0x00000000e2800000, 0x00000000e2700000| Complete 
|  40|0x00000000e2800000, 0x00000000e2900000, 0x00000000e2900000|100%|HC|  |TAMS 0x00000000e2900000, 0x00000000e2800000| Complete 
|  41|0x00000000e2900000, 0x00000000e2a00000, 0x00000000e2a00000|100%| O|  |TAMS 0x00000000e2a00000, 0x00000000e2900000| Untracked 
|  42|0x00000000e2a00000, 0x00000000e2b00000, 0x00000000e2b00000|100%| O|  |TAMS 0x00000000e2b00000, 0x00000000e2a00000| Untracked 
|  43|0x00000000e2b00000, 0x00000000e2c00000, 0x00000000e2c00000|100%| O|  |TAMS 0x00000000e2c00000, 0x00000000e2b00000| Untracked 
|  44|0x00000000e2c00000, 0x00000000e2d00000, 0x00000000e2d00000|100%| O|  |TAMS 0x00000000e2d00000, 0x00000000e2c00000| Untracked 
|  45|0x00000000e2d00000, 0x00000000e2e00000, 0x00000000e2e00000|100%| O|  |TAMS 0x00000000e2e00000, 0x00000000e2d00000| Untracked 
|  46|0x00000000e2e00000, 0x00000000e2f00000, 0x00000000e2f00000|100%| O|  |TAMS 0x00000000e2f00000, 0x00000000e2e00000| Untracked 
|  47|0x00000000e2f00000, 0x00000000e3000000, 0x00000000e3000000|100%| O|  |TAMS 0x00000000e3000000, 0x00000000e2f00000| Untracked 
|  48|0x00000000e3000000, 0x00000000e3100000, 0x00000000e3100000|100%| O|  |TAMS 0x00000000e3100000, 0x00000000e3000000| Untracked 
|  49|0x00000000e3100000, 0x00000000e3200000, 0x00000000e3200000|100%| O|  |TAMS 0x00000000e3200000, 0x00000000e3100000| Untracked 
|  50|0x00000000e3200000, 0x00000000e3300000, 0x00000000e3300000|100%| O|  |TAMS 0x00000000e3300000, 0x00000000e3200000| Untracked 
|  51|0x00000000e3300000, 0x00000000e3400000, 0x00000000e3400000|100%| O|  |TAMS 0x00000000e3400000, 0x00000000e3300000| Untracked 
|  52|0x00000000e3400000, 0x00000000e3500000, 0x00000000e3500000|100%| O|  |TAMS 0x00000000e3500000, 0x00000000e3400000| Untracked 
|  53|0x00000000e3500000, 0x00000000e3600000, 0x00000000e3600000|100%| O|  |TAMS 0x00000000e3600000, 0x00000000e3500000| Untracked 
|  54|0x00000000e3600000, 0x00000000e3700000, 0x00000000e3700000|100%| O|  |TAMS 0x00000000e3664c00, 0x00000000e3600000| Untracked 
|  55|0x00000000e3700000, 0x00000000e3800000, 0x00000000e3800000|100%| O|  |TAMS 0x00000000e3700000, 0x00000000e3700000| Untracked 
|  56|0x00000000e3800000, 0x00000000e3900000, 0x00000000e3900000|100%| O|  |TAMS 0x00000000e3800000, 0x00000000e3800000| Untracked 
|  57|0x00000000e3900000, 0x00000000e3a00000, 0x00000000e3a00000|100%| O|  |TAMS 0x00000000e3900000, 0x00000000e3900000| Untracked 
|  58|0x00000000e3a00000, 0x00000000e3b00000, 0x00000000e3b00000|100%| O|  |TAMS 0x00000000e3a00000, 0x00000000e3a00000| Untracked 
|  59|0x00000000e3b00000, 0x00000000e3c00000, 0x00000000e3c00000|100%| O|  |TAMS 0x00000000e3b00000, 0x00000000e3b00000| Untracked 
|  60|0x00000000e3c00000, 0x00000000e3d00000, 0x00000000e3d00000|100%| O|  |TAMS 0x00000000e3c00000, 0x00000000e3c00000| Untracked 
|  61|0x00000000e3d00000, 0x00000000e3de7200, 0x00000000e3e00000| 90%| O|  |TAMS 0x00000000e3d00000, 0x00000000e3d00000| Untracked 
|  62|0x00000000e3e00000, 0x00000000e3f00000, 0x00000000e3f00000|100%|HS|  |TAMS 0x00000000e3e00000, 0x00000000e3e00000| Complete 
|  63|0x00000000e3f00000, 0x00000000e4000000, 0x00000000e4000000|100%|HC|  |TAMS 0x00000000e3f00000, 0x00000000e3f00000| Complete 
|  64|0x00000000e4000000, 0x00000000e4100000, 0x00000000e4100000|100%|HC|  |TAMS 0x00000000e4000000, 0x00000000e4000000| Complete 
|  65|0x00000000e4100000, 0x00000000e4200000, 0x00000000e4200000|100%|HS|  |TAMS 0x00000000e4100000, 0x00000000e4100000| Complete 
|  66|0x00000000e4200000, 0x00000000e4300000, 0x00000000e4300000|100%|HC|  |TAMS 0x00000000e4200000, 0x00000000e4200000| Complete 
|  67|0x00000000e4300000, 0x00000000e4400000, 0x00000000e4400000|100%|HC|  |TAMS 0x00000000e4300000, 0x00000000e4300000| Complete 
|  68|0x00000000e4400000, 0x00000000e4500000, 0x00000000e4500000|100%|HC|  |TAMS 0x00000000e4400000, 0x00000000e4400000| Complete 
|  69|0x00000000e4500000, 0x00000000e4600000, 0x00000000e4600000|100%|HC|  |TAMS 0x00000000e4500000, 0x00000000e4500000| Complete 
|  70|0x00000000e4600000, 0x00000000e4700000, 0x00000000e4700000|100%|HS|  |TAMS 0x00000000e4600000, 0x00000000e4600000| Complete 
|  71|0x00000000e4700000, 0x00000000e4800000, 0x00000000e4800000|100%|HC|  |TAMS 0x00000000e4700000, 0x00000000e4700000| Complete 
|  72|0x00000000e4800000, 0x00000000e4900000, 0x00000000e4900000|100%|HC|  |TAMS 0x00000000e4800000, 0x00000000e4800000| Complete 
|  73|0x00000000e4900000, 0x00000000e4a00000, 0x00000000e4a00000|100%|HS|  |TAMS 0x00000000e4900000, 0x00000000e4900000| Complete 
|  74|0x00000000e4a00000, 0x00000000e4b00000, 0x00000000e4b00000|100%|HC|  |TAMS 0x00000000e4a00000, 0x00000000e4a00000| Complete 
|  75|0x00000000e4b00000, 0x00000000e4c00000, 0x00000000e4c00000|100%|HC|  |TAMS 0x00000000e4b00000, 0x00000000e4b00000| Complete 
|  76|0x00000000e4c00000, 0x00000000e4c00000, 0x00000000e4d00000|  0%| F|  |TAMS 0x00000000e4c00000, 0x00000000e4c00000| Untracked 
|  77|0x00000000e4d00000, 0x00000000e4d00000, 0x00000000e4e00000|  0%| F|  |TAMS 0x00000000e4d00000, 0x00000000e4d00000| Untracked 
|  78|0x00000000e4e00000, 0x00000000e4e00000, 0x00000000e4f00000|  0%| F|  |TAMS 0x00000000e4e00000, 0x00000000e4e00000| Untracked 
|  79|0x00000000e4f00000, 0x00000000e4f00000, 0x00000000e5000000|  0%| F|  |TAMS 0x00000000e4f00000, 0x00000000e4f00000| Untracked 
|  80|0x00000000e5000000, 0x00000000e5000000, 0x00000000e5100000|  0%| F|  |TAMS 0x00000000e5000000, 0x00000000e5000000| Untracked 
|  81|0x00000000e5100000, 0x00000000e5100000, 0x00000000e5200000|  0%| F|  |TAMS 0x00000000e5100000, 0x00000000e5100000| Untracked 
|  82|0x00000000e5200000, 0x00000000e5200000, 0x00000000e5300000|  0%| F|  |TAMS 0x00000000e5200000, 0x00000000e5200000| Untracked 
|  83|0x00000000e5300000, 0x00000000e5300000, 0x00000000e5400000|  0%| F|  |TAMS 0x00000000e5300000, 0x00000000e5300000| Untracked 
|  84|0x00000000e5400000, 0x00000000e5400000, 0x00000000e5500000|  0%| F|  |TAMS 0x00000000e5400000, 0x00000000e5400000| Untracked 
|  85|0x00000000e5500000, 0x00000000e5500000, 0x00000000e5600000|  0%| F|  |TAMS 0x00000000e5500000, 0x00000000e5500000| Untracked 
|  86|0x00000000e5600000, 0x00000000e5600000, 0x00000000e5700000|  0%| F|  |TAMS 0x00000000e5600000, 0x00000000e5600000| Untracked 
|  87|0x00000000e5700000, 0x00000000e5700000, 0x00000000e5800000|  0%| F|  |TAMS 0x00000000e5700000, 0x00000000e5700000| Untracked 
|  88|0x00000000e5800000, 0x00000000e58754d0, 0x00000000e5900000| 45%| S|CS|TAMS 0x00000000e5800000, 0x00000000e5800000| Complete 
|  89|0x00000000e5900000, 0x00000000e5900000, 0x00000000e5a00000|  0%| F|  |TAMS 0x00000000e5900000, 0x00000000e5900000| Untracked 
|  90|0x00000000e5a00000, 0x00000000e5a00000, 0x00000000e5b00000|  0%| F|  |TAMS 0x00000000e5a00000, 0x00000000e5a00000| Untracked 
|  91|0x00000000e5b00000, 0x00000000e5b00000, 0x00000000e5c00000|  0%| F|  |TAMS 0x00000000e5b00000, 0x00000000e5b00000| Untracked 
|  92|0x00000000e5c00000, 0x00000000e5c00000, 0x00000000e5d00000|  0%| F|  |TAMS 0x00000000e5c00000, 0x00000000e5c00000| Untracked 
|  93|0x00000000e5d00000, 0x00000000e5d00000, 0x00000000e5e00000|  0%| F|  |TAMS 0x00000000e5d00000, 0x00000000e5d00000| Untracked 
|  94|0x00000000e5e00000, 0x00000000e5e00000, 0x00000000e5f00000|  0%| F|  |TAMS 0x00000000e5e00000, 0x00000000e5e00000| Untracked 
|  95|0x00000000e5f00000, 0x00000000e5f00000, 0x00000000e6000000|  0%| F|  |TAMS 0x00000000e5f00000, 0x00000000e5f00000| Untracked 
|  96|0x00000000e6000000, 0x00000000e6000000, 0x00000000e6100000|  0%| F|  |TAMS 0x00000000e6000000, 0x00000000e6000000| Untracked 
|  97|0x00000000e6100000, 0x00000000e6100000, 0x00000000e6200000|  0%| F|  |TAMS 0x00000000e6100000, 0x00000000e6100000| Untracked 
|  98|0x00000000e6200000, 0x00000000e6200000, 0x00000000e6300000|  0%| F|  |TAMS 0x00000000e6200000, 0x00000000e6200000| Untracked 
|  99|0x00000000e6300000, 0x00000000e6300000, 0x00000000e6400000|  0%| F|  |TAMS 0x00000000e6300000, 0x00000000e6300000| Untracked 
| 100|0x00000000e6400000, 0x00000000e6400000, 0x00000000e6500000|  0%| F|  |TAMS 0x00000000e6400000, 0x00000000e6400000| Untracked 
| 101|0x00000000e6500000, 0x00000000e6500000, 0x00000000e6600000|  0%| F|  |TAMS 0x00000000e6500000, 0x00000000e6500000| Untracked 
| 102|0x00000000e6600000, 0x00000000e6600000, 0x00000000e6700000|  0%| F|  |TAMS 0x00000000e6600000, 0x00000000e6600000| Untracked 
| 103|0x00000000e6700000, 0x00000000e6700000, 0x00000000e6800000|  0%| F|  |TAMS 0x00000000e6700000, 0x00000000e6700000| Untracked 
| 104|0x00000000e6800000, 0x00000000e6800000, 0x00000000e6900000|  0%| F|  |TAMS 0x00000000e6800000, 0x00000000e6800000| Untracked 
| 105|0x00000000e6900000, 0x00000000e6a00000, 0x00000000e6a00000|100%| S|CS|TAMS 0x00000000e6900000, 0x00000000e6900000| Complete 
| 106|0x00000000e6a00000, 0x00000000e6b00000, 0x00000000e6b00000|100%| S|CS|TAMS 0x00000000e6a00000, 0x00000000e6a00000| Complete 
| 107|0x00000000e6b00000, 0x00000000e6c00000, 0x00000000e6c00000|100%| S|CS|TAMS 0x00000000e6b00000, 0x00000000e6b00000| Complete 
| 108|0x00000000e6c00000, 0x00000000e6d00000, 0x00000000e6d00000|100%| S|CS|TAMS 0x00000000e6c00000, 0x00000000e6c00000| Complete 
| 109|0x00000000e6d00000, 0x00000000e6e00000, 0x00000000e6e00000|100%| S|CS|TAMS 0x00000000e6d00000, 0x00000000e6d00000| Complete 
| 110|0x00000000e6e00000, 0x00000000e6f00000, 0x00000000e6f00000|100%| S|CS|TAMS 0x00000000e6e00000, 0x00000000e6e00000| Complete 
| 111|0x00000000e6f00000, 0x00000000e7000000, 0x00000000e7000000|100%| S|CS|TAMS 0x00000000e6f00000, 0x00000000e6f00000| Complete 
| 112|0x00000000e7000000, 0x00000000e7100000, 0x00000000e7100000|100%| S|CS|TAMS 0x00000000e7000000, 0x00000000e7000000| Complete 
| 113|0x00000000e7100000, 0x00000000e7200000, 0x00000000e7200000|100%| S|CS|TAMS 0x00000000e7100000, 0x00000000e7100000| Complete 
| 114|0x00000000e7200000, 0x00000000e7300000, 0x00000000e7300000|100%| S|CS|TAMS 0x00000000e7200000, 0x00000000e7200000| Complete 
| 115|0x00000000e7300000, 0x00000000e7400000, 0x00000000e7400000|100%| S|CS|TAMS 0x00000000e7300000, 0x00000000e7300000| Complete 
| 116|0x00000000e7400000, 0x00000000e7500000, 0x00000000e7500000|100%| S|CS|TAMS 0x00000000e7400000, 0x00000000e7400000| Complete 
| 117|0x00000000e7500000, 0x00000000e7600000, 0x00000000e7600000|100%| S|CS|TAMS 0x00000000e7500000, 0x00000000e7500000| Complete 
| 118|0x00000000e7600000, 0x00000000e7700000, 0x00000000e7700000|100%| S|CS|TAMS 0x00000000e7600000, 0x00000000e7600000| Complete 
| 119|0x00000000e7700000, 0x00000000e7800000, 0x00000000e7800000|100%| S|CS|TAMS 0x00000000e7700000, 0x00000000e7700000| Complete 
| 120|0x00000000e7800000, 0x00000000e7800000, 0x00000000e7900000|  0%| F|  |TAMS 0x00000000e7800000, 0x00000000e7800000| Untracked 
| 121|0x00000000e7900000, 0x00000000e7900000, 0x00000000e7a00000|  0%| F|  |TAMS 0x00000000e7900000, 0x00000000e7900000| Untracked 
| 122|0x00000000e7a00000, 0x00000000e7a00000, 0x00000000e7b00000|  0%| F|  |TAMS 0x00000000e7a00000, 0x00000000e7a00000| Untracked 
| 123|0x00000000e7b00000, 0x00000000e7b00000, 0x00000000e7c00000|  0%| F|  |TAMS 0x00000000e7b00000, 0x00000000e7b00000| Untracked 
| 124|0x00000000e7c00000, 0x00000000e7c00000, 0x00000000e7d00000|  0%| F|  |TAMS 0x00000000e7c00000, 0x00000000e7c00000| Untracked 
| 125|0x00000000e7d00000, 0x00000000e7d00000, 0x00000000e7e00000|  0%| F|  |TAMS 0x00000000e7d00000, 0x00000000e7d00000| Untracked 
| 126|0x00000000e7e00000, 0x00000000e7e00000, 0x00000000e7f00000|  0%| F|  |TAMS 0x00000000e7e00000, 0x00000000e7e00000| Untracked 
| 127|0x00000000e7f00000, 0x00000000e7f00000, 0x00000000e8000000|  0%| F|  |TAMS 0x00000000e7f00000, 0x00000000e7f00000| Untracked 
| 128|0x00000000e8000000, 0x00000000e8000000, 0x00000000e8100000|  0%| F|  |TAMS 0x00000000e8000000, 0x00000000e8000000| Untracked 
| 129|0x00000000e8100000, 0x00000000e8100000, 0x00000000e8200000|  0%| F|  |TAMS 0x00000000e8100000, 0x00000000e8100000| Untracked 
| 130|0x00000000e8200000, 0x00000000e8200000, 0x00000000e8300000|  0%| F|  |TAMS 0x00000000e8200000, 0x00000000e8200000| Untracked 
| 131|0x00000000e8300000, 0x00000000e8300000, 0x00000000e8400000|  0%| F|  |TAMS 0x00000000e8300000, 0x00000000e8300000| Untracked 
| 132|0x00000000e8400000, 0x00000000e8400000, 0x00000000e8500000|  0%| F|  |TAMS 0x00000000e8400000, 0x00000000e8400000| Untracked 
| 133|0x00000000e8500000, 0x00000000e8500000, 0x00000000e8600000|  0%| F|  |TAMS 0x00000000e8500000, 0x00000000e8500000| Untracked 
| 134|0x00000000e8600000, 0x00000000e86a90d8, 0x00000000e8700000| 66%| E|  |TAMS 0x00000000e8600000, 0x00000000e8600000| Complete 
| 135|0x00000000e8700000, 0x00000000e8800000, 0x00000000e8800000|100%| E|CS|TAMS 0x00000000e8700000, 0x00000000e8700000| Complete 
| 136|0x00000000e8800000, 0x00000000e8900000, 0x00000000e8900000|100%| E|CS|TAMS 0x00000000e8800000, 0x00000000e8800000| Complete 
| 137|0x00000000e8900000, 0x00000000e8a00000, 0x00000000e8a00000|100%| E|CS|TAMS 0x00000000e8900000, 0x00000000e8900000| Complete 
| 138|0x00000000e8a00000, 0x00000000e8b00000, 0x00000000e8b00000|100%| E|CS|TAMS 0x00000000e8a00000, 0x00000000e8a00000| Complete 
| 139|0x00000000e8b00000, 0x00000000e8c00000, 0x00000000e8c00000|100%| E|CS|TAMS 0x00000000e8b00000, 0x00000000e8b00000| Complete 
| 140|0x00000000e8c00000, 0x00000000e8d00000, 0x00000000e8d00000|100%| E|CS|TAMS 0x00000000e8c00000, 0x00000000e8c00000| Complete 
| 141|0x00000000e8d00000, 0x00000000e8e00000, 0x00000000e8e00000|100%| E|CS|TAMS 0x00000000e8d00000, 0x00000000e8d00000| Complete 
| 142|0x00000000e8e00000, 0x00000000e8f00000, 0x00000000e8f00000|100%| E|CS|TAMS 0x00000000e8e00000, 0x00000000e8e00000| Complete 
| 143|0x00000000e8f00000, 0x00000000e9000000, 0x00000000e9000000|100%| E|CS|TAMS 0x00000000e8f00000, 0x00000000e8f00000| Complete 
| 144|0x00000000e9000000, 0x00000000e9100000, 0x00000000e9100000|100%| E|CS|TAMS 0x00000000e9000000, 0x00000000e9000000| Complete 
| 145|0x00000000e9100000, 0x00000000e9200000, 0x00000000e9200000|100%| E|CS|TAMS 0x00000000e9100000, 0x00000000e9100000| Complete 
| 146|0x00000000e9200000, 0x00000000e9300000, 0x00000000e9300000|100%| E|CS|TAMS 0x00000000e9200000, 0x00000000e9200000| Complete 
| 147|0x00000000e9300000, 0x00000000e9400000, 0x00000000e9400000|100%| E|CS|TAMS 0x00000000e9300000, 0x00000000e9300000| Complete 
| 148|0x00000000e9400000, 0x00000000e9500000, 0x00000000e9500000|100%| E|CS|TAMS 0x00000000e9400000, 0x00000000e9400000| Complete 
| 149|0x00000000e9500000, 0x00000000e9600000, 0x00000000e9600000|100%| E|CS|TAMS 0x00000000e9500000, 0x00000000e9500000| Complete 
| 150|0x00000000e9600000, 0x00000000e9700000, 0x00000000e9700000|100%| E|CS|TAMS 0x00000000e9600000, 0x00000000e9600000| Complete 
| 151|0x00000000e9700000, 0x00000000e9800000, 0x00000000e9800000|100%| E|CS|TAMS 0x00000000e9700000, 0x00000000e9700000| Complete 
| 152|0x00000000e9800000, 0x00000000e9900000, 0x00000000e9900000|100%| E|CS|TAMS 0x00000000e9800000, 0x00000000e9800000| Complete 
| 153|0x00000000e9900000, 0x00000000e9a00000, 0x00000000e9a00000|100%| E|CS|TAMS 0x00000000e9900000, 0x00000000e9900000| Complete 
| 154|0x00000000e9a00000, 0x00000000e9b00000, 0x00000000e9b00000|100%| E|CS|TAMS 0x00000000e9a00000, 0x00000000e9a00000| Complete 
| 155|0x00000000e9b00000, 0x00000000e9c00000, 0x00000000e9c00000|100%| E|CS|TAMS 0x00000000e9b00000, 0x00000000e9b00000| Complete 
| 156|0x00000000e9c00000, 0x00000000e9d00000, 0x00000000e9d00000|100%| E|CS|TAMS 0x00000000e9c00000, 0x00000000e9c00000| Complete 
| 157|0x00000000e9d00000, 0x00000000e9e00000, 0x00000000e9e00000|100%| E|CS|TAMS 0x00000000e9d00000, 0x00000000e9d00000| Complete 
| 158|0x00000000e9e00000, 0x00000000e9f00000, 0x00000000e9f00000|100%| E|CS|TAMS 0x00000000e9e00000, 0x00000000e9e00000| Complete 
| 159|0x00000000e9f00000, 0x00000000ea000000, 0x00000000ea000000|100%| E|CS|TAMS 0x00000000e9f00000, 0x00000000e9f00000| Complete 
| 160|0x00000000ea000000, 0x00000000ea100000, 0x00000000ea100000|100%| E|CS|TAMS 0x00000000ea000000, 0x00000000ea000000| Complete 
| 161|0x00000000ea100000, 0x00000000ea200000, 0x00000000ea200000|100%| E|CS|TAMS 0x00000000ea100000, 0x00000000ea100000| Complete 
| 162|0x00000000ea200000, 0x00000000ea300000, 0x00000000ea300000|100%| E|CS|TAMS 0x00000000ea200000, 0x00000000ea200000| Complete 
| 163|0x00000000ea300000, 0x00000000ea400000, 0x00000000ea400000|100%| E|CS|TAMS 0x00000000ea300000, 0x00000000ea300000| Complete 
| 164|0x00000000ea400000, 0x00000000ea500000, 0x00000000ea500000|100%| E|CS|TAMS 0x00000000ea400000, 0x00000000ea400000| Complete 
| 165|0x00000000ea500000, 0x00000000ea600000, 0x00000000ea600000|100%| E|CS|TAMS 0x00000000ea500000, 0x00000000ea500000| Complete 
| 166|0x00000000ea600000, 0x00000000ea700000, 0x00000000ea700000|100%| E|CS|TAMS 0x00000000ea600000, 0x00000000ea600000| Complete 
| 167|0x00000000ea700000, 0x00000000ea800000, 0x00000000ea800000|100%| E|CS|TAMS 0x00000000ea700000, 0x00000000ea700000| Complete 
| 168|0x00000000ea800000, 0x00000000ea900000, 0x00000000ea900000|100%| E|CS|TAMS 0x00000000ea800000, 0x00000000ea800000| Complete 
| 169|0x00000000ea900000, 0x00000000eaa00000, 0x00000000eaa00000|100%| E|CS|TAMS 0x00000000ea900000, 0x00000000ea900000| Complete 
| 170|0x00000000eaa00000, 0x00000000eab00000, 0x00000000eab00000|100%| E|CS|TAMS 0x00000000eaa00000, 0x00000000eaa00000| Complete 
| 171|0x00000000eab00000, 0x00000000eac00000, 0x00000000eac00000|100%| E|CS|TAMS 0x00000000eab00000, 0x00000000eab00000| Complete 
| 172|0x00000000eac00000, 0x00000000ead00000, 0x00000000ead00000|100%| E|CS|TAMS 0x00000000eac00000, 0x00000000eac00000| Complete 
| 173|0x00000000ead00000, 0x00000000eae00000, 0x00000000eae00000|100%| E|CS|TAMS 0x00000000ead00000, 0x00000000ead00000| Complete 
| 174|0x00000000eae00000, 0x00000000eaf00000, 0x00000000eaf00000|100%| E|CS|TAMS 0x00000000eae00000, 0x00000000eae00000| Complete 
| 175|0x00000000eaf00000, 0x00000000eb000000, 0x00000000eb000000|100%| E|CS|TAMS 0x00000000eaf00000, 0x00000000eaf00000| Complete 
| 176|0x00000000eb000000, 0x00000000eb100000, 0x00000000eb100000|100%| E|CS|TAMS 0x00000000eb000000, 0x00000000eb000000| Complete 
| 177|0x00000000eb100000, 0x00000000eb200000, 0x00000000eb200000|100%| E|CS|TAMS 0x00000000eb100000, 0x00000000eb100000| Complete 
| 178|0x00000000eb200000, 0x00000000eb300000, 0x00000000eb300000|100%| E|CS|TAMS 0x00000000eb200000, 0x00000000eb200000| Complete 
| 179|0x00000000eb300000, 0x00000000eb400000, 0x00000000eb400000|100%| E|CS|TAMS 0x00000000eb300000, 0x00000000eb300000| Complete 
| 180|0x00000000eb400000, 0x00000000eb500000, 0x00000000eb500000|100%| E|CS|TAMS 0x00000000eb400000, 0x00000000eb400000| Complete 
| 181|0x00000000eb500000, 0x00000000eb600000, 0x00000000eb600000|100%| E|CS|TAMS 0x00000000eb500000, 0x00000000eb500000| Complete 
| 182|0x00000000eb600000, 0x00000000eb700000, 0x00000000eb700000|100%| E|CS|TAMS 0x00000000eb600000, 0x00000000eb600000| Complete 
| 183|0x00000000eb700000, 0x00000000eb800000, 0x00000000eb800000|100%| E|CS|TAMS 0x00000000eb700000, 0x00000000eb700000| Complete 
| 184|0x00000000eb800000, 0x00000000eb900000, 0x00000000eb900000|100%| E|CS|TAMS 0x00000000eb800000, 0x00000000eb800000| Complete 
| 185|0x00000000eb900000, 0x00000000eba00000, 0x00000000eba00000|100%| E|CS|TAMS 0x00000000eb900000, 0x00000000eb900000| Complete 
| 186|0x00000000eba00000, 0x00000000ebb00000, 0x00000000ebb00000|100%| E|CS|TAMS 0x00000000eba00000, 0x00000000eba00000| Complete 
| 187|0x00000000ebb00000, 0x00000000ebc00000, 0x00000000ebc00000|100%| E|CS|TAMS 0x00000000ebb00000, 0x00000000ebb00000| Complete 
| 188|0x00000000ebc00000, 0x00000000ebd00000, 0x00000000ebd00000|100%| E|CS|TAMS 0x00000000ebc00000, 0x00000000ebc00000| Complete 
| 189|0x00000000ebd00000, 0x00000000ebe00000, 0x00000000ebe00000|100%| E|CS|TAMS 0x00000000ebd00000, 0x00000000ebd00000| Complete 
| 190|0x00000000ebe00000, 0x00000000ebf00000, 0x00000000ebf00000|100%| E|CS|TAMS 0x00000000ebe00000, 0x00000000ebe00000| Complete 
| 191|0x00000000ebf00000, 0x00000000ec000000, 0x00000000ec000000|100%| E|CS|TAMS 0x00000000ebf00000, 0x00000000ebf00000| Complete 
| 192|0x00000000ec000000, 0x00000000ec100000, 0x00000000ec100000|100%| E|CS|TAMS 0x00000000ec000000, 0x00000000ec000000| Complete 
| 193|0x00000000ec100000, 0x00000000ec200000, 0x00000000ec200000|100%| E|CS|TAMS 0x00000000ec100000, 0x00000000ec100000| Complete 
| 194|0x00000000ec200000, 0x00000000ec300000, 0x00000000ec300000|100%| E|CS|TAMS 0x00000000ec200000, 0x00000000ec200000| Complete 
| 195|0x00000000ec300000, 0x00000000ec400000, 0x00000000ec400000|100%| E|CS|TAMS 0x00000000ec300000, 0x00000000ec300000| Complete 
| 196|0x00000000ec400000, 0x00000000ec500000, 0x00000000ec500000|100%| E|CS|TAMS 0x00000000ec400000, 0x00000000ec400000| Complete 
| 197|0x00000000ec500000, 0x00000000ec600000, 0x00000000ec600000|100%| E|CS|TAMS 0x00000000ec500000, 0x00000000ec500000| Complete 
| 198|0x00000000ec600000, 0x00000000ec700000, 0x00000000ec700000|100%| E|CS|TAMS 0x00000000ec600000, 0x00000000ec600000| Complete 
| 199|0x00000000ec700000, 0x00000000ec800000, 0x00000000ec800000|100%| E|CS|TAMS 0x00000000ec700000, 0x00000000ec700000| Complete 
| 200|0x00000000ec800000, 0x00000000ec900000, 0x00000000ec900000|100%| E|CS|TAMS 0x00000000ec800000, 0x00000000ec800000| Complete 
| 201|0x00000000ec900000, 0x00000000eca00000, 0x00000000eca00000|100%| E|CS|TAMS 0x00000000ec900000, 0x00000000ec900000| Complete 
| 202|0x00000000eca00000, 0x00000000ecb00000, 0x00000000ecb00000|100%| E|CS|TAMS 0x00000000eca00000, 0x00000000eca00000| Complete 
| 203|0x00000000ecb00000, 0x00000000ecc00000, 0x00000000ecc00000|100%| E|CS|TAMS 0x00000000ecb00000, 0x00000000ecb00000| Complete 
| 204|0x00000000ecc00000, 0x00000000ecd00000, 0x00000000ecd00000|100%| E|CS|TAMS 0x00000000ecc00000, 0x00000000ecc00000| Complete 
| 205|0x00000000ecd00000, 0x00000000ece00000, 0x00000000ece00000|100%| E|CS|TAMS 0x00000000ecd00000, 0x00000000ecd00000| Complete 
| 206|0x00000000ece00000, 0x00000000ecf00000, 0x00000000ecf00000|100%| E|CS|TAMS 0x00000000ece00000, 0x00000000ece00000| Complete 
| 207|0x00000000ecf00000, 0x00000000ed000000, 0x00000000ed000000|100%| E|CS|TAMS 0x00000000ecf00000, 0x00000000ecf00000| Complete 
| 208|0x00000000ed000000, 0x00000000ed100000, 0x00000000ed100000|100%| E|CS|TAMS 0x00000000ed000000, 0x00000000ed000000| Complete 
| 209|0x00000000ed100000, 0x00000000ed200000, 0x00000000ed200000|100%| E|CS|TAMS 0x00000000ed100000, 0x00000000ed100000| Complete 
| 210|0x00000000ed200000, 0x00000000ed300000, 0x00000000ed300000|100%| E|CS|TAMS 0x00000000ed200000, 0x00000000ed200000| Complete 
| 211|0x00000000ed300000, 0x00000000ed400000, 0x00000000ed400000|100%| E|CS|TAMS 0x00000000ed300000, 0x00000000ed300000| Complete 
| 212|0x00000000ed400000, 0x00000000ed500000, 0x00000000ed500000|100%| E|CS|TAMS 0x00000000ed400000, 0x00000000ed400000| Complete 
| 213|0x00000000ed500000, 0x00000000ed600000, 0x00000000ed600000|100%| E|CS|TAMS 0x00000000ed500000, 0x00000000ed500000| Complete 
| 214|0x00000000ed600000, 0x00000000ed700000, 0x00000000ed700000|100%| E|CS|TAMS 0x00000000ed600000, 0x00000000ed600000| Complete 
| 215|0x00000000ed700000, 0x00000000ed800000, 0x00000000ed800000|100%| E|CS|TAMS 0x00000000ed700000, 0x00000000ed700000| Complete 
| 216|0x00000000ed800000, 0x00000000ed900000, 0x00000000ed900000|100%| E|  |TAMS 0x00000000ed800000, 0x00000000ed800000| Complete 
| 217|0x00000000ed900000, 0x00000000eda00000, 0x00000000eda00000|100%| E|CS|TAMS 0x00000000ed900000, 0x00000000ed900000| Complete 
| 218|0x00000000eda00000, 0x00000000edb00000, 0x00000000edb00000|100%| E|CS|TAMS 0x00000000eda00000, 0x00000000eda00000| Complete 
| 219|0x00000000edb00000, 0x00000000edc00000, 0x00000000edc00000|100%| E|CS|TAMS 0x00000000edb00000, 0x00000000edb00000| Complete 
| 220|0x00000000edc00000, 0x00000000edd00000, 0x00000000edd00000|100%| E|CS|TAMS 0x00000000edc00000, 0x00000000edc00000| Complete 
| 221|0x00000000edd00000, 0x00000000ede00000, 0x00000000ede00000|100%| E|CS|TAMS 0x00000000edd00000, 0x00000000edd00000| Complete 
| 222|0x00000000ede00000, 0x00000000edf00000, 0x00000000edf00000|100%| E|CS|TAMS 0x00000000ede00000, 0x00000000ede00000| Complete 
| 223|0x00000000edf00000, 0x00000000ee000000, 0x00000000ee000000|100%| E|CS|TAMS 0x00000000edf00000, 0x00000000edf00000| Complete 
| 224|0x00000000ee000000, 0x00000000ee100000, 0x00000000ee100000|100%| E|CS|TAMS 0x00000000ee000000, 0x00000000ee000000| Complete 
| 225|0x00000000ee100000, 0x00000000ee200000, 0x00000000ee200000|100%| E|CS|TAMS 0x00000000ee100000, 0x00000000ee100000| Complete 
| 226|0x00000000ee200000, 0x00000000ee300000, 0x00000000ee300000|100%| E|CS|TAMS 0x00000000ee200000, 0x00000000ee200000| Complete 
| 227|0x00000000ee300000, 0x00000000ee400000, 0x00000000ee400000|100%| E|CS|TAMS 0x00000000ee300000, 0x00000000ee300000| Complete 
| 228|0x00000000ee400000, 0x00000000ee500000, 0x00000000ee500000|100%| E|CS|TAMS 0x00000000ee400000, 0x00000000ee400000| Complete 
| 229|0x00000000ee500000, 0x00000000ee600000, 0x00000000ee600000|100%| E|CS|TAMS 0x00000000ee500000, 0x00000000ee500000| Complete 
| 230|0x00000000ee600000, 0x00000000ee700000, 0x00000000ee700000|100%| E|CS|TAMS 0x00000000ee600000, 0x00000000ee600000| Complete 
| 231|0x00000000ee700000, 0x00000000ee800000, 0x00000000ee800000|100%| E|CS|TAMS 0x00000000ee700000, 0x00000000ee700000| Complete 
| 232|0x00000000ee800000, 0x00000000ee900000, 0x00000000ee900000|100%| E|CS|TAMS 0x00000000ee800000, 0x00000000ee800000| Complete 
| 233|0x00000000ee900000, 0x00000000eea00000, 0x00000000eea00000|100%| E|CS|TAMS 0x00000000ee900000, 0x00000000ee900000| Complete 
| 234|0x00000000eea00000, 0x00000000eeb00000, 0x00000000eeb00000|100%| E|CS|TAMS 0x00000000eea00000, 0x00000000eea00000| Complete 
| 235|0x00000000eeb00000, 0x00000000eec00000, 0x00000000eec00000|100%| E|CS|TAMS 0x00000000eeb00000, 0x00000000eeb00000| Complete 
| 236|0x00000000eec00000, 0x00000000eed00000, 0x00000000eed00000|100%| E|CS|TAMS 0x00000000eec00000, 0x00000000eec00000| Complete 
| 237|0x00000000eed00000, 0x00000000eee00000, 0x00000000eee00000|100%| E|CS|TAMS 0x00000000eed00000, 0x00000000eed00000| Complete 
| 238|0x00000000eee00000, 0x00000000eef00000, 0x00000000eef00000|100%| E|CS|TAMS 0x00000000eee00000, 0x00000000eee00000| Complete 
| 239|0x00000000eef00000, 0x00000000ef000000, 0x00000000ef000000|100%| E|CS|TAMS 0x00000000eef00000, 0x00000000eef00000| Complete 
| 240|0x00000000ef000000, 0x00000000ef100000, 0x00000000ef100000|100%| E|CS|TAMS 0x00000000ef000000, 0x00000000ef000000| Complete 
| 241|0x00000000ef100000, 0x00000000ef200000, 0x00000000ef200000|100%| E|CS|TAMS 0x00000000ef100000, 0x00000000ef100000| Complete 
| 242|0x00000000ef200000, 0x00000000ef300000, 0x00000000ef300000|100%| E|CS|TAMS 0x00000000ef200000, 0x00000000ef200000| Complete 
| 243|0x00000000ef300000, 0x00000000ef400000, 0x00000000ef400000|100%| E|CS|TAMS 0x00000000ef300000, 0x00000000ef300000| Complete 
| 244|0x00000000ef400000, 0x00000000ef500000, 0x00000000ef500000|100%| E|CS|TAMS 0x00000000ef400000, 0x00000000ef400000| Complete 
| 245|0x00000000ef500000, 0x00000000ef600000, 0x00000000ef600000|100%| E|CS|TAMS 0x00000000ef500000, 0x00000000ef500000| Complete 
| 246|0x00000000ef600000, 0x00000000ef700000, 0x00000000ef700000|100%| E|CS|TAMS 0x00000000ef600000, 0x00000000ef600000| Complete 
| 247|0x00000000ef700000, 0x00000000ef800000, 0x00000000ef800000|100%| E|CS|TAMS 0x00000000ef700000, 0x00000000ef700000| Complete 
| 248|0x00000000ef800000, 0x00000000ef900000, 0x00000000ef900000|100%| E|CS|TAMS 0x00000000ef800000, 0x00000000ef800000| Complete 
| 249|0x00000000ef900000, 0x00000000efa00000, 0x00000000efa00000|100%| E|CS|TAMS 0x00000000ef900000, 0x00000000ef900000| Complete 
| 250|0x00000000efa00000, 0x00000000efb00000, 0x00000000efb00000|100%| E|CS|TAMS 0x00000000efa00000, 0x00000000efa00000| Complete 
| 251|0x00000000efb00000, 0x00000000efc00000, 0x00000000efc00000|100%| E|CS|TAMS 0x00000000efb00000, 0x00000000efb00000| Complete 
| 252|0x00000000efc00000, 0x00000000efd00000, 0x00000000efd00000|100%| E|CS|TAMS 0x00000000efc00000, 0x00000000efc00000| Complete 
| 253|0x00000000efd00000, 0x00000000efe00000, 0x00000000efe00000|100%| E|CS|TAMS 0x00000000efd00000, 0x00000000efd00000| Complete 
| 254|0x00000000efe00000, 0x00000000eff00000, 0x00000000eff00000|100%| E|CS|TAMS 0x00000000efe00000, 0x00000000efe00000| Complete 
| 255|0x00000000eff00000, 0x00000000f0000000, 0x00000000f0000000|100%| E|CS|TAMS 0x00000000eff00000, 0x00000000eff00000| Complete 

Card table byte_map: [0x000001decec40000,0x000001deced40000] _byte_map_base: 0x000001dece540000

Marking Bits (Prev, Next): (CMBitMap*) 0x000001deb7f141d0, (CMBitMap*) 0x000001deb7f14198
 Prev Bits: [0x000001decf640000, 0x000001decfe40000)
 Next Bits: [0x000001decee40000, 0x000001decf640000)

Polling page: 0x000001deb5e20000

Metaspace:

Usage:
  Non-class:     71.23 MB capacity,    69.15 MB ( 97%) used,     1.76 MB (  2%) free+waste,   327.69 KB ( <1%) overhead. 
      Class:     12.04 MB capacity,    10.81 MB ( 90%) used,     1.07 MB (  9%) free+waste,   163.31 KB (  1%) overhead. 
       Both:     83.27 MB capacity,    79.96 MB ( 96%) used,     2.84 MB (  3%) free+waste,   491.00 KB ( <1%) overhead. 

Virtual space:
  Non-class space:       72.00 MB reserved,      71.24 MB ( 99%) committed 
      Class space:      376.00 MB reserved,      12.17 MB (  3%) committed 
             Both:      448.00 MB reserved,      83.41 MB ( 19%) committed 

Chunk freelists:
   Non-Class:  1.38 KB
       Class:  2.62 KB
        Both:  4.00 KB

CodeHeap 'non-profiled nmethods': size=120000Kb used=5666Kb max_used=5666Kb free=114333Kb
 bounds [0x000001dec70b0000, 0x000001dec7640000, 0x000001dece5e0000]
CodeHeap 'profiled nmethods': size=120000Kb used=18401Kb max_used=18401Kb free=101599Kb
 bounds [0x000001debfb80000, 0x000001dec0d80000, 0x000001dec70b0000]
CodeHeap 'non-nmethods': size=5760Kb used=2278Kb max_used=2382Kb free=3481Kb
 bounds [0x000001debf5e0000, 0x000001debf850000, 0x000001debfb80000]
 total_blobs=9530 nmethods=8645 adapters=796
 compilation: enabled
              stopped_count=0, restarted_count=0
 full_count=0

Compilation events (10 events):
Event: 8.664 Thread 0x000001ded3369000 8663   !   3       java.nio.DirectByteBuffer::compact (99 bytes)
Event: 8.665 Thread 0x000001ded3369000 nmethod 8663 0x000001dec0d75090 code [0x000001dec0d752c0, 0x000001dec0d75968]
Event: 8.666 Thread 0x000001ded3369000 8664       3       java.util.concurrent.locks.AbstractQueuedSynchronizer$ConditionObject::await (98 bytes)
Event: 8.666 Thread 0x000001ded3369000 nmethod 8664 0x000001dec0d75c90 code [0x000001dec0d75fa0, 0x000001dec0d77178]
Event: 8.668 Thread 0x000001ded3369000 8665       3       java.lang.ProcessEnvironment$CheckedEntry::getKey (5 bytes)
Event: 8.669 Thread 0x000001ded3369000 nmethod 8665 0x000001dec0d77890 code [0x000001dec0d77a40, 0x000001dec0d77d48]
Event: 8.669 Thread 0x000001ded3369000 8666       3       java.lang.ProcessEnvironment$CheckedEntry::getKey (13 bytes)
Event: 8.669 Thread 0x000001ded3369000 nmethod 8666 0x000001dec0d77e90 code [0x000001dec0d78040, 0x000001dec0d782e8]
Event: 8.725 Thread 0x000001ded3369000 8669       1       java.lang.ThreadGroup::getMaxPriority (5 bytes)
Event: 8.726 Thread 0x000001ded3369000 nmethod 8669 0x000001dec761a410 code [0x000001dec761a5a0, 0x000001dec761a658]

GC Heap History (10 events):
Event: 3.446 GC heap before
{Heap before GC invocations=7 (full 0):
 garbage-first heap   total 262144K, used 188563K [0x00000000e0000000, 0x0000000100000000)
  region size 1024K, 153 young (156672K), 7 survivors (7168K)
 Metaspace       used 47590K, capacity 49068K, committed 49200K, reserved 428032K
  class space    used 6267K, capacity 6848K, committed 6960K, reserved 385024K
}
Event: 3.453 GC heap after
{Heap after GC invocations=8 (full 0):
 garbage-first heap   total 262144K, used 42835K [0x00000000e0000000, 0x0000000100000000)
  region size 1024K, 15 young (15360K), 15 survivors (15360K)
 Metaspace       used 47590K, capacity 49068K, committed 49200K, reserved 428032K
  class space    used 6267K, capacity 6848K, committed 6960K, reserved 385024K
}
Event: 4.242 GC heap before
{Heap before GC invocations=8 (full 0):
 garbage-first heap   total 262144K, used 198483K [0x00000000e0000000, 0x0000000100000000)
  region size 1024K, 153 young (156672K), 15 survivors (15360K)
 Metaspace       used 56599K, capacity 58767K, committed 58928K, reserved 436224K
  class space    used 7638K, capacity 8420K, committed 8496K, reserved 385024K
}
Event: 4.248 GC heap after
{Heap after GC invocations=9 (full 0):
 garbage-first heap   total 262144K, used 64346K [0x00000000e0000000, 0x0000000100000000)
  region size 1024K, 17 young (17408K), 17 survivors (17408K)
 Metaspace       used 56599K, capacity 58767K, committed 58928K, reserved 436224K
  class space    used 7638K, capacity 8420K, committed 8496K, reserved 385024K
}
Event: 4.299 GC heap before
{Heap before GC invocations=9 (full 0):
 garbage-first heap   total 262144K, used 73562K [0x00000000e0000000, 0x0000000100000000)
  region size 1024K, 27 young (27648K), 17 survivors (17408K)
 Metaspace       used 57557K, capacity 59663K, committed 59816K, reserved 436224K
  class space    used 7778K, capacity 8548K, committed 8624K, reserved 385024K
}
Event: 4.305 GC heap after
{Heap after GC invocations=10 (full 0):
 garbage-first heap   total 262144K, used 65170K [0x00000000e0000000, 0x0000000100000000)
  region size 1024K, 10 young (10240K), 10 survivors (10240K)
 Metaspace       used 57557K, capacity 59663K, committed 59816K, reserved 436224K
  class space    used 7778K, capacity 8548K, committed 8624K, reserved 385024K
}
Event: 7.085 GC heap before
{Heap before GC invocations=11 (full 0):
 garbage-first heap   total 262144K, used 209554K [0x00000000e0000000, 0x0000000100000000)
  region size 1024K, 151 young (154624K), 10 survivors (10240K)
 Metaspace       used 70899K, capacity 73435K, committed 73640K, reserved 448512K
  class space    used 9439K, capacity 10355K, committed 10416K, reserved 385024K
}
Event: 7.090 GC heap after
{Heap after GC invocations=12 (full 0):
 garbage-first heap   total 262144K, used 71936K [0x00000000e0000000, 0x0000000100000000)
  region size 1024K, 16 young (16384K), 16 survivors (16384K)
 Metaspace       used 70899K, capacity 73435K, committed 73640K, reserved 448512K
  class space    used 9439K, capacity 10355K, committed 10416K, reserved 385024K
}
Event: 7.893 GC heap before
{Heap before GC invocations=12 (full 0):
 garbage-first heap   total 262144K, used 211200K [0x00000000e0000000, 0x0000000100000000)
  region size 1024K, 152 young (155648K), 16 survivors (16384K)
 Metaspace       used 76091K, capacity 79123K, committed 79400K, reserved 454656K
  class space    used 10176K, capacity 11268K, committed 11312K, reserved 385024K
}
Event: 7.900 GC heap after
{Heap after GC invocations=13 (full 0):
 garbage-first heap   total 262144K, used 79217K [0x00000000e0000000, 0x0000000100000000)
  region size 1024K, 16 young (16384K), 16 survivors (16384K)
 Metaspace       used 76091K, capacity 79123K, committed 79400K, reserved 454656K
  class space    used 10176K, capacity 11268K, committed 11312K, reserved 385024K
}

Deoptimization events (10 events):
Event: 8.473 Thread 0x000001ded4745800 Uncommon trap: reason=unstable_if action=reinterpret pc=0x000001dec7596c5c method=org.objectweb.asm.MethodWriter.visitVarInsn(II)V @ 224 c2
Event: 8.473 Thread 0x000001ded4745800 Uncommon trap: reason=unstable_if action=reinterpret pc=0x000001dec74f06b0 method=org.objectweb.asm.Type.getTypeInternal(Ljava/lang/String;II)Lorg/objectweb/asm/Type; @ 5 c2
Event: 8.473 Thread 0x000001ded4745800 Uncommon trap: reason=unstable_if action=reinterpret pc=0x000001dec74eaccc method=org.objectweb.asm.Frame.accept(Lorg/objectweb/asm/MethodWriter;)V @ 32 c2
Event: 8.584 Thread 0x000001ded4745800 Uncommon trap: reason=bimorphic_or_optimized_type_check action=maybe_recompile pc=0x000001dec75a1954 method=org.codehaus.groovy.vmplugin.v9.Java9.checkCanSetAccessible(Ljava/lang/reflect/AccessibleObject;Ljava/lang/Class;)Z @ 119 c2
Event: 8.636 Thread 0x000001ded4745800 Uncommon trap: reason=unstable_if action=reinterpret pc=0x000001dec7322200 method=java.util.stream.AbstractPipeline.evaluate(Ljava/util/stream/TerminalOp;)Ljava/lang/Object; @ 53 c2
Event: 8.636 Thread 0x000001ded4745800 Uncommon trap: reason=unstable_if action=reinterpret pc=0x000001dec730f988 method=java.util.stream.AbstractPipeline.sourceSpliterator(I)Ljava/util/Spliterator; @ 82 c2
Event: 8.639 Thread 0x000001ded7d06000 Uncommon trap: reason=unstable_if action=reinterpret pc=0x000001dec72acedc method=java.lang.ThreadLocal.get()Ljava/lang/Object; @ 11 c2
Event: 8.639 Thread 0x000001ded7d03000 Uncommon trap: reason=unstable_if action=reinterpret pc=0x000001dec72acedc method=java.lang.ThreadLocal.get()Ljava/lang/Object; @ 11 c2
Event: 8.643 Thread 0x000001ded7d05800 Uncommon trap: reason=unstable_if action=reinterpret pc=0x000001dec72c749c method=java.util.Spliterator.getExactSizeIfKnown()J @ 9 c2
Event: 8.652 Thread 0x000001ded4745800 Uncommon trap: reason=unstable_if action=reinterpret pc=0x000001dec72c6edc method=java.util.HashMap$KeySpliterator.characteristics()I @ 4 c2

Classes redefined (0 events):
No events

Internal exceptions (10 events):
Event: 8.619 Thread 0x000001ded4745800 Exception <a 'java/lang/ClassNotFoundException'{0x00000000e8d707d8}: java/util/LinkedHashMapCustomizer> (0x00000000e8d707d8) thrown at [./open/src/hotspot/share/classfile/systemDictionary.cpp, line 226]
Event: 8.622 Thread 0x000001ded4745800 Exception <a 'java/lang/ClassNotFoundException'{0x00000000e8b2f2c0}: java/util/LinkedListBeanInfo> (0x00000000e8b2f2c0) thrown at [./open/src/hotspot/share/classfile/systemDictionary.cpp, line 226]
Event: 8.622 Thread 0x000001ded4745800 Exception <a 'java/lang/ClassNotFoundException'{0x00000000e8b3c008}: java/util/AbstractSequentialListBeanInfo> (0x00000000e8b3c008) thrown at [./open/src/hotspot/share/classfile/systemDictionary.cpp, line 226]
Event: 8.623 Thread 0x000001ded4745800 Exception <a 'java/lang/ClassNotFoundException'{0x00000000e8b49208}: java/util/AbstractSequentialListCustomizer> (0x00000000e8b49208) thrown at [./open/src/hotspot/share/classfile/systemDictionary.cpp, line 226]
Event: 8.623 Thread 0x000001ded4745800 Exception <a 'java/lang/ClassNotFoundException'{0x00000000e8b5dd88}: java/util/LinkedListCustomizer> (0x00000000e8b5dd88) thrown at [./open/src/hotspot/share/classfile/systemDictionary.cpp, line 226]
Event: 8.639 Thread 0x000001ded7d06000 Implicit null exception at 0x000001dec72acdeb to 0x000001dec72acec8
Event: 8.639 Thread 0x000001ded7d03000 Implicit null exception at 0x000001dec72acdeb to 0x000001dec72acec8
Event: 8.719 Thread 0x000001ded7d10000 Exception <a 'java/lang/NoSuchMethodError'{0x00000000e87da3a0}: java.lang.invoke.DirectMethodHandle$Holder.invokeStatic(Ljava/lang/Object;J)V> (0x00000000e87da3a0) thrown at [./open/src/hotspot/share/interpreter/linkResolver.cpp, line 772]
Event: 8.721 Thread 0x000001ded7d10000 Exception <a 'java/lang/NoSuchMethodError'{0x00000000e87e49b0}: java.lang.invoke.DirectMethodHandle$Holder.invokeStatic(Ljava/lang/Object;Ljava/lang/Object;JLjava/lang/Object;)Ljava/lang/Object;> (0x00000000e87e49b0) thrown at [./open/src/hotspot/share/in
Event: 8.723 Thread 0x000001ded7d10000 Exception <a 'java/lang/NoSuchMethodError'{0x00000000e87e7a90}: java.lang.invoke.DirectMethodHandle$Holder.invokeStaticInit(Ljava/lang/Object;Ljava/lang/Object;JLjava/lang/Object;)Ljava/lang/Object;> (0x00000000e87e7a90) thrown at [./open/src/hotspot/shar

Events (10 events):
Event: 8.721 Executing VM operation: RevokeBias
Event: 8.721 Executing VM operation: RevokeBias done
Event: 8.724 loading class java/lang/ProcessImpl$2
Event: 8.724 loading class java/lang/ProcessImpl$2 done
Event: 8.724 loading class java/lang/Process$PipeInputStream
Event: 8.724 loading class java/lang/Process$PipeInputStream done
Event: 8.725 loading class org/gradle/process/internal/streams/ExecOutputHandleRunner
Event: 8.725 loading class org/gradle/process/internal/streams/ExecOutputHandleRunner done
Event: 8.726 Thread 0x000001ded7d0a800 Thread added: 0x000001ded7d0a800
Event: 8.726 Thread 0x000001ded7d11000 Thread added: 0x000001ded7d11000


Dynamic libraries:
0x00007ff77f940000 - 0x00007ff77f950000 	C:\Program Files\Java\jdk-11\bin\java.exe
0x00007ff954050000 - 0x00007ff954267000 	C:\windows\SYSTEM32\ntdll.dll
0x00007ff952ae0000 - 0x00007ff952ba4000 	C:\windows\System32\KERNEL32.DLL
0x00007ff951450000 - 0x00007ff9517fd000 	C:\windows\System32\KERNELBASE.dll
0x00007ff951bc0000 - 0x00007ff951cd1000 	C:\windows\System32\ucrtbase.dll
0x00007ff94df60000 - 0x00007ff94df79000 	C:\Program Files\Java\jdk-11\bin\jli.dll
0x00007ff94e030000 - 0x00007ff94e04b000 	C:\Program Files\Java\jdk-11\bin\VCRUNTIME140.dll
0x00007ff952bb0000 - 0x00007ff952c62000 	C:\windows\System32\ADVAPI32.dll
0x00007ff952c70000 - 0x00007ff952d17000 	C:\windows\System32\msvcrt.dll
0x00007ff952300000 - 0x00007ff9523a9000 	C:\windows\System32\sechost.dll
0x00007ff951420000 - 0x00007ff951448000 	C:\windows\System32\bcrypt.dll
0x00007ff952510000 - 0x00007ff952624000 	C:\windows\System32\RPCRT4.dll
0x00007ff952db0000 - 0x00007ff952f5e000 	C:\windows\System32\USER32.dll
0x00007ff951370000 - 0x00007ff951396000 	C:\windows\System32\win32u.dll
0x00007ff9537d0000 - 0x00007ff9537f9000 	C:\windows\System32\GDI32.dll
0x00007ff93f680000 - 0x00007ff93f913000 	C:\windows\WinSxS\amd64_microsoft.windows.common-controls_6595b64144ccf1df_6.0.22621.3672_none_2713b9d173822955\COMCTL32.dll
0x00007ff951aa0000 - 0x00007ff951bb9000 	C:\windows\System32\gdi32full.dll
0x00007ff951ce0000 - 0x00007ff951d7a000 	C:\windows\System32\msvcp_win.dll
0x00007ff9404d0000 - 0x00007ff9404da000 	C:\windows\SYSTEM32\VERSION.dll
0x00007ff953da0000 - 0x00007ff953dd1000 	C:\windows\System32\IMM32.DLL
0x00007ff94e560000 - 0x00007ff94e56c000 	C:\Program Files\Java\jdk-11\bin\vcruntime140_1.dll
0x00007ff94da30000 - 0x00007ff94dabe000 	C:\Program Files\Java\jdk-11\bin\msvcp140.dll
0x00007ff903ac0000 - 0x00007ff90461e000 	C:\Program Files\Java\jdk-11\bin\server\jvm.dll
0x00007ff953fa0000 - 0x00007ff953fa8000 	C:\windows\System32\PSAPI.DLL
0x00007ff93eb30000 - 0x00007ff93eb64000 	C:\windows\SYSTEM32\WINMM.dll
0x00007ff93a830000 - 0x00007ff93a839000 	C:\windows\SYSTEM32\WSOCK32.dll
0x00007ff952440000 - 0x00007ff9524b1000 	C:\windows\System32\WS2_32.dll
0x00007ff950450000 - 0x00007ff950468000 	C:\windows\SYSTEM32\kernel.appcore.dll
0x00007ff94e540000 - 0x00007ff94e550000 	C:\Program Files\Java\jdk-11\bin\verify.dll
0x00007ff93e8f0000 - 0x00007ff93eb22000 	C:\windows\SYSTEM32\DBGHELP.DLL
0x00007ff951f10000 - 0x00007ff95229d000 	C:\windows\System32\combase.dll
0x00007ff951d80000 - 0x00007ff951e57000 	C:\windows\System32\OLEAUT32.dll
0x00007ff93c680000 - 0x00007ff93c6b2000 	C:\windows\SYSTEM32\dbgcore.DLL
0x00007ff9513a0000 - 0x00007ff95141b000 	C:\windows\System32\bcryptPrimitives.dll
0x00007ff94daf0000 - 0x00007ff94db18000 	C:\Program Files\Java\jdk-11\bin\java.dll
0x00007ff94def0000 - 0x00007ff94defa000 	C:\Program Files\Java\jdk-11\bin\jimage.dll
0x00007ff94d9d0000 - 0x00007ff94d9de000 	C:\Program Files\Java\jdk-11\bin\instrument.dll
0x00007ff94de10000 - 0x00007ff94de27000 	C:\Program Files\Java\jdk-11\bin\zip.dll
0x00007ff952f60000 - 0x00007ff9537c8000 	C:\windows\System32\SHELL32.dll
0x00007ff94f270000 - 0x00007ff94fb6e000 	C:\windows\SYSTEM32\windows.storage.dll
0x00007ff94f130000 - 0x00007ff94f26f000 	C:\windows\SYSTEM32\wintypes.dll
0x00007ff953ca0000 - 0x00007ff953d99000 	C:\windows\System32\SHCORE.dll
0x00007ff953fb0000 - 0x00007ff95400e000 	C:\windows\System32\shlwapi.dll
0x00007ff9512a0000 - 0x00007ff9512c1000 	C:\windows\SYSTEM32\profapi.dll
0x00007ff94da10000 - 0x00007ff94da29000 	C:\Program Files\Java\jdk-11\bin\net.dll
0x00007ff94c960000 - 0x00007ff94ca96000 	C:\windows\SYSTEM32\WINHTTP.dll
0x00007ff9508b0000 - 0x00007ff950919000 	C:\windows\system32\mswsock.dll
0x00007ff9488b0000 - 0x00007ff9488c2000 	C:\Program Files\Java\jdk-11\bin\nio.dll
0x00007ff942f80000 - 0x00007ff942fa7000 	C:\Users\user\.gradle\native\c067742578af261105cb4f569cf0c3c89f3d7b1fecec35dd04571415982c5e48\windows-amd64\native-platform.dll
0x00007ff939340000 - 0x00007ff939484000 	C:\Users\user\.gradle\native\100fb08df4bc3b14c8652ba06237920a3bd2aa13389f12d3474272988ae205f9\windows-amd64\native-platform-file-events.dll
0x00007ff94aa00000 - 0x00007ff94aa09000 	C:\Program Files\Java\jdk-11\bin\management.dll
0x00007ff948860000 - 0x00007ff94886b000 	C:\Program Files\Java\jdk-11\bin\management_ext.dll
0x00007ff950c00000 - 0x00007ff950c1b000 	C:\windows\SYSTEM32\CRYPTSP.dll
0x00007ff9503b0000 - 0x00007ff9503e5000 	C:\windows\system32\rsaenh.dll
0x00007ff950950000 - 0x00007ff950978000 	C:\windows\SYSTEM32\USERENV.dll
0x00007ff950be0000 - 0x00007ff950bec000 	C:\windows\SYSTEM32\CRYPTBASE.dll
0x00007ff94fe40000 - 0x00007ff94fe6d000 	C:\windows\SYSTEM32\IPHLPAPI.DLL
0x00007ff952d20000 - 0x00007ff952d29000 	C:\windows\System32\NSI.dll
0x00007ff94d6a0000 - 0x00007ff94d6b9000 	C:\windows\SYSTEM32\dhcpcsvc6.DLL
0x00007ff94c180000 - 0x00007ff94c19f000 	C:\windows\SYSTEM32\dhcpcsvc.DLL
0x00007ff94feb0000 - 0x00007ff94ffa8000 	C:\windows\SYSTEM32\DNSAPI.dll
0x00007ff948440000 - 0x00007ff948467000 	C:\Program Files\Java\jdk-11\bin\sunec.dll
0x00007ff948d30000 - 0x00007ff948d3a000 	C:\Windows\System32\rasadhlp.dll
0x00007ff94b6b0000 - 0x00007ff94b733000 	C:\windows\System32\fwpuclnt.dll
0x00007ff948850000 - 0x00007ff94885e000 	C:\Program Files\Java\jdk-11\bin\sunmscapi.dll
0x00007ff951870000 - 0x00007ff9519d7000 	C:\windows\System32\CRYPT32.dll
0x00007ff950d20000 - 0x00007ff950d4e000 	C:\windows\SYSTEM32\ncrypt.dll
0x00007ff950ce0000 - 0x00007ff950d17000 	C:\windows\SYSTEM32\NTASN1.dll

dbghelp: loaded successfully - version: 4.0.5 - missing functions: none
symbol engine: initialized successfully - sym options: 0x614 - pdb path: .;C:\Program Files\Java\jdk-11\bin;C:\windows\SYSTEM32;C:\windows\WinSxS\amd64_microsoft.windows.common-controls_6595b64144ccf1df_6.0.22621.3672_none_2713b9d173822955;C:\Program Files\Java\jdk-11\bin\server;C:\Users\user\.gradle\native\c067742578af261105cb4f569cf0c3c89f3d7b1fecec35dd04571415982c5e48\windows-amd64;C:\Users\user\.gradle\native\100fb08df4bc3b14c8652ba06237920a3bd2aa13389f12d3474272988ae205f9\windows-amd64

VM Arguments:
jvm_args: --add-opens=java.base/java.util=ALL-UNNAMED --add-opens=java.base/java.lang=ALL-UNNAMED --add-opens=java.base/java.lang.invoke=ALL-UNNAMED --add-opens=java.prefs/java.util.prefs=ALL-UNNAMED --add-opens=java.base/java.nio.charset=ALL-UNNAMED --add-opens=java.base/java.net=ALL-UNNAMED --add-opens=java.base/java.util.concurrent.atomic=ALL-UNNAMED -XX:MaxMetaspaceSize=384m -XX:+HeapDumpOnOutOfMemoryError -Xms256m -Xmx512m -Dfile.encoding=x-windows-949 -Duser.country=KR -Duser.language=ko -Duser.variant -javaagent:C:\Users\user\.gradle\wrapper\dists\gradle-8.8-bin\dl7vupf4psengwqhwktix4v1\gradle-8.8\lib\agents\gradle-instrumentation-agent-8.8.jar 
java_command: org.gradle.launcher.daemon.bootstrap.GradleDaemon 8.8
java_class_path (initial): C:\Users\user\.gradle\wrapper\dists\gradle-8.8-bin\dl7vupf4psengwqhwktix4v1\gradle-8.8\lib\gradle-launcher-8.8.jar
Launcher Type: SUN_STANDARD

[Global flags]
     intx CICompilerCount                          = 4                                         {product} {ergonomic}
   size_t CompressedClassSpaceSize                 = 394264576                                 {product} {ergonomic}
     uint ConcGCThreads                            = 3                                         {product} {ergonomic}
     uint G1ConcRefinementThreads                  = 10                                        {product} {ergonomic}
   size_t G1HeapRegionSize                         = 1048576                                   {product} {ergonomic}
    uintx GCDrainStackTargetSize                   = 64                                        {product} {ergonomic}
     bool HeapDumpOnOutOfMemoryError               = true                                   {manageable} {command line}
   size_t InitialHeapSize                          = 268435456                                 {product} {command line}
   size_t MarkStackSize                            = 4194304                                   {product} {ergonomic}
   size_t MaxHeapSize                              = 536870912                                 {product} {command line}
   size_t MaxMetaspaceSize                         = 402653184                                 {product} {command line}
   size_t MaxNewSize                               = 321912832                                 {product} {ergonomic}
   size_t MinHeapDeltaBytes                        = 1048576                                   {product} {ergonomic}
    uintx NonNMethodCodeHeapSize                   = 5836300                                {pd product} {ergonomic}
    uintx NonProfiledCodeHeapSize                  = 122910970                              {pd product} {ergonomic}
    uintx ProfiledCodeHeapSize                     = 122910970                              {pd product} {ergonomic}
    uintx ReservedCodeCacheSize                    = 251658240                              {pd product} {ergonomic}
     bool SegmentedCodeCache                       = true                                      {product} {ergonomic}
     bool UseCompressedClassPointers               = true                                 {lp64_product} {ergonomic}
     bool UseCompressedOops                        = true                                 {lp64_product} {ergonomic}
     bool UseG1GC                                  = true                                      {product} {ergonomic}
     bool UseLargePagesIndividualAllocation        = false                                  {pd product} {ergonomic}

Logging:
Log output configuration:
 #0: stdout all=warning uptime,level,tags
 #1: stderr all=off uptime,level,tags

Environment Variables:
PATH=C:\oraclexe\app\oracle\product\11.2.0\server\bin;;C:\Program Files\Common Files\Oracle\Java\javapath;C:\windows\system32;C:\windows;C:\windows\System32\Wbem;C:\windows\System32\WindowsPowerShell\v1.0\;C:\windows\System32\OpenSSH\;C:\Program Files\Bandizip\;C:\Program Files\Git\cmd;C:\Program Files\nodejs\;C:\Users\user\AppData\Local\Microsoft\WindowsApps;C:\Users\user\AppData\Local\Programs\Microsoft VS Code\bin;C:\Users\user\AppData\Roaming\npm;C:\Program Files (x86)\ESTsoft\ALSee\x64
USERNAME=user
OS=Windows_NT
PROCESSOR_IDENTIFIER=Intel64 Family 6 Model 151 Stepping 2, GenuineIntel



---------------  S Y S T E M  ---------------

OS: Windows 11 , 64 bit Build 22621 (10.0.22621.3958)
Hyper-V role detected

CPU:total 12 (initial active 12) (6 cores per cpu, 2 threads per core) family 6 model 151 stepping 2 microcode 0x1e, cmov, cx8, fxsr, mmx, sse, sse2, sse3, ssse3, sse4.1, sse4.2, popcnt, avx, avx2, aes, clmul, erms, 3dnowpref, lzcnt, ht, tsc, tscinvbit, bmi1, bmi2, adx, sha, fma

Memory: 4k page, system-wide physical 16099M (3843M free)
TotalPageFile size 65251M (AvailPageFile size 90M)
current process WorkingSet (physical memory assigned to process): 497M, peak: 516M
current process commit charge ("private bytes"): 565M, peak: 583M

vm_info: Java HotSpot(TM) 64-Bit Server VM (11.0.23+7-LTS-222) for windows-amd64 JRE (11.0.23+7-LTS-222), built on Mar 11 2024 22:13:52 by "mach5one" with MS VC++ 17.6 (VS2022)

END.
