#
# There is insufficient memory for the Java Runtime Environment to continue.
# Native memory allocation (malloc) failed to allocate 65552 bytes for Chunk::new
# Possible reasons:
#   The system is out of physical RAM or swap space
#   The process is running with CompressedOops enabled, and the Java Heap may be blocking the growth of the native heap
# Possible solutions:
#   Reduce memory load on the system
#   Increase physical memory or swap space
#   Check if swap backing store is full
#   Decrease Java heap size (-Xmx/-Xms)
#   Decrease number of Java threads
#   Decrease Java thread stack sizes (-Xss)
#   Set larger code cache with -XX:ReservedCodeCacheSize=
#   JVM is running with Zero Based Compressed Oops mode in which the Java heap is
#     placed in the first 32GB address space. The Java Heap base address is the
#     maximum limit for the native heap growth. Please use -XX:HeapBaseMinAddress
#     to set the Java Heap base and to place the Java Heap above 32GB virtual address.
# This output file may be truncated or incomplete.
#
#  Out of Memory Error (./open/src/hotspot/share/memory/arena.cpp:197), pid=6284, tid=2324
#
# JRE version: Java(TM) SE Runtime Environment 18.9 (11.0.23+7) (build 11.0.23+7-LTS-222)
# Java VM: Java HotSpot(TM) 64-Bit Server VM 18.9 (11.0.23+7-LTS-222, mixed mode, tiered, compressed oops, g1 gc, windows-amd64)
# No core dump will be written. Minidumps are not enabled by default on client versions of Windows
#

---------------  S U M M A R Y ------------

Command Line: -Dfile.encoding=UTF-8 -Duser.country=KR -Duser.language=ko -Duser.variant com.project.tobe.TobeApplication

Host: 12th Gen Intel(R) Core(TM) i5-12400, 12 cores, 15G,  Windows 11 , 64 bit Build 22621 (10.0.22621.3958)
Time: Fri Sep  6 00:56:08 2024  Windows 11 , 64 bit Build 22621 (10.0.22621.3958) elapsed time: 1.464608 seconds (0d 0h 0m 1s)

---------------  T H R E A D  ---------------

Current thread (0x000001a5dbae0000):  JavaThread "C2 CompilerThread0" daemon [_thread_in_native, id=2324, stack(0x00000088e5100000,0x00000088e5200000)]


Current CompileTask:
C2:   1464 2195  s    4       jdk.internal.jimage.BasicImageReader::findLocation (115 bytes)

Stack: [0x00000088e5100000,0x00000088e5200000]
Native frames: (J=compiled Java code, j=interpreted, Vv=VM code, C=native code)
V  [jvm.dll+0x65524a]
V  [jvm.dll+0x79646f]
V  [jvm.dll+0x797b39]
V  [jvm.dll+0x7981e3]
V  [jvm.dll+0x254ee5]
V  [jvm.dll+0xb310c]
V  [jvm.dll+0xb371c]
V  [jvm.dll+0xb3224]
V  [jvm.dll+0x6350ff]
V  [jvm.dll+0x82643]
V  [jvm.dll+0x682ffe]
V  [jvm.dll+0x345898]
V  [jvm.dll+0x3410df]
V  [jvm.dll+0x109308]
V  [jvm.dll+0x10b102]
V  [jvm.dll+0x33c73b]
V  [jvm.dll+0x53d23b]
V  [jvm.dll+0x5408d0]
V  [jvm.dll+0x52fdfb]
V  [jvm.dll+0x2c52e8]
V  [jvm.dll+0x67213a]
V  [jvm.dll+0x669ab5]
V  [jvm.dll+0x669102]
V  [jvm.dll+0x666ee9]
V  [jvm.dll+0x18db5c]
V  [jvm.dll+0x2c52e8]
V  [jvm.dll+0x67213a]
V  [jvm.dll+0x669ab5]
V  [jvm.dll+0x669102]
V  [jvm.dll+0x666ee9]
V  [jvm.dll+0x18db5c]
V  [jvm.dll+0x2c52e8]
V  [jvm.dll+0x67213a]
V  [jvm.dll+0x669ab5]
V  [jvm.dll+0x669102]
V  [jvm.dll+0x666ee9]
V  [jvm.dll+0x18db5c]
V  [jvm.dll+0x2c52e8]
V  [jvm.dll+0x67213a]
V  [jvm.dll+0x669ab5]
V  [jvm.dll+0x669102]
V  [jvm.dll+0x666ee9]
V  [jvm.dll+0x18db5c]
V  [jvm.dll+0x2c52e8]
V  [jvm.dll+0x67213a]
V  [jvm.dll+0x669ab5]
V  [jvm.dll+0x669102]
V  [jvm.dll+0x666ee9]
V  [jvm.dll+0x18db5c]
V  [jvm.dll+0x20da4f]
V  [jvm.dll+0x18b291]
V  [jvm.dll+0x21def4]
V  [jvm.dll+0x21c21c]
V  [jvm.dll+0x75a5f1]
V  [jvm.dll+0x752ef4]
V  [jvm.dll+0x6540f5]
C  [ucrtbase.dll+0x29333]
C  [KERNEL32.DLL+0x1257d]
C  [ntdll.dll+0x5af28]


---------------  P R O C E S S  ---------------

Threads class SMR info:
_java_thread_list=0x000001a5dcaedee0, length=14, elements={
0x000001a5b8254000, 0x000001a5dba6b000, 0x000001a5dba74000, 0x000001a5dbad9000,
0x000001a5dbadb000, 0x000001a5dbadc800, 0x000001a5dbae0000, 0x000001a5dbae1800,
0x000001a5dbae2800, 0x000001a5dbcb1800, 0x000001a5dbdbe000, 0x000001a5dbe69800,
0x000001a5dc52b800, 0x000001a5dc26c800
}

Java Threads: ( => current thread )
  0x000001a5b8254000 JavaThread "main" [_thread_blocked, id=7272, stack(0x00000088e4500000,0x00000088e4600000)]
  0x000001a5dba6b000 JavaThread "Reference Handler" daemon [_thread_blocked, id=4580, stack(0x00000088e4c00000,0x00000088e4d00000)]
  0x000001a5dba74000 JavaThread "Finalizer" daemon [_thread_blocked, id=3436, stack(0x00000088e4d00000,0x00000088e4e00000)]
  0x000001a5dbad9000 JavaThread "Signal Dispatcher" daemon [_thread_blocked, id=14660, stack(0x00000088e4e00000,0x00000088e4f00000)]
  0x000001a5dbadb000 JavaThread "Attach Listener" daemon [_thread_blocked, id=16628, stack(0x00000088e4f00000,0x00000088e5000000)]
  0x000001a5dbadc800 JavaThread "Service Thread" daemon [_thread_blocked, id=5964, stack(0x00000088e5000000,0x00000088e5100000)]
=>0x000001a5dbae0000 JavaThread "C2 CompilerThread0" daemon [_thread_in_native, id=2324, stack(0x00000088e5100000,0x00000088e5200000)]
  0x000001a5dbae1800 JavaThread "C1 CompilerThread0" daemon [_thread_in_native, id=13188, stack(0x00000088e5200000,0x00000088e5300000)]
  0x000001a5dbae2800 JavaThread "Sweeper thread" daemon [_thread_blocked, id=15992, stack(0x00000088e5300000,0x00000088e5400000)]
  0x000001a5dbcb1800 JavaThread "Common-Cleaner" daemon [_thread_blocked, id=18488, stack(0x00000088e5500000,0x00000088e5600000)]
  0x000001a5dbdbe000 JavaThread "C2 CompilerThread1" daemon [_thread_in_native, id=1124, stack(0x00000088e5600000,0x00000088e5700000)]
  0x000001a5dbe69800 JavaThread "C2 CompilerThread2" daemon [_thread_in_native, id=16808, stack(0x00000088e5700000,0x00000088e5800000)]
  0x000001a5dc52b800 JavaThread "Thread-0" [_thread_blocked, id=8476, stack(0x00000088e5800000,0x00000088e5900000)]
  0x000001a5dc26c800 JavaThread "restartedMain" [_thread_in_native, id=2464, stack(0x00000088e5900000,0x00000088e5a00000)]

Other Threads:
  0x000001a5dba47000 VMThread "VM Thread" [stack: 0x00000088e4b00000,0x00000088e4c00000] [id=17792]
  0x000001a5dbc9d800 WatcherThread [stack: 0x00000088e5400000,0x00000088e5500000] [id=960]
  0x000001a5b826a000 GCTaskThread "GC Thread#0" [stack: 0x00000088e4600000,0x00000088e4700000] [id=18812]
  0x000001a5dc555800 GCTaskThread "GC Thread#1" [stack: 0x00000088e5a00000,0x00000088e5b00000] [id=16516]
  0x000001a5dc556000 GCTaskThread "GC Thread#2" [stack: 0x00000088e5b00000,0x00000088e5c00000] [id=18368]
  0x000001a5dc924800 GCTaskThread "GC Thread#3" [stack: 0x00000088e5c00000,0x00000088e5d00000] [id=848]
  0x000001a5dc842800 GCTaskThread "GC Thread#4" [stack: 0x00000088e5d00000,0x00000088e5e00000] [id=18912]
  0x000001a5dc843800 GCTaskThread "GC Thread#5" [stack: 0x00000088e5e00000,0x00000088e5f00000] [id=12148]
  0x000001a5dd18c000 GCTaskThread "GC Thread#6" [stack: 0x00000088e6000000,0x00000088e6100000] [id=14684]
  0x000001a5dcbdc800 GCTaskThread "GC Thread#7" [stack: 0x00000088e6100000,0x00000088e6200000] [id=320]
  0x000001a5b82c7000 ConcurrentGCThread "G1 Main Marker" [stack: 0x00000088e4700000,0x00000088e4800000] [id=6488]
  0x000001a5b82c8800 ConcurrentGCThread "G1 Conc#0" [stack: 0x00000088e4800000,0x00000088e4900000] [id=14320]
  0x000001a5dcea0000 ConcurrentGCThread "G1 Conc#1" [stack: 0x00000088e6200000,0x00000088e6300000] [id=2560]
  0x000001a5dc89b000 ConcurrentGCThread "G1 Conc#2" [stack: 0x00000088e6300000,0x00000088e6400000] [id=4844]
  0x000001a5db0a3800 ConcurrentGCThread "G1 Refine#0" [stack: 0x00000088e4900000,0x00000088e4a00000] [id=16232]
  0x000001a5db0a5000 ConcurrentGCThread "G1 Young RemSet Sampling" [stack: 0x00000088e4a00000,0x00000088e4b00000] [id=12132]

Threads with active compile tasks:
C2 CompilerThread0     1491 2195  s    4       jdk.internal.jimage.BasicImageReader::findLocation (115 bytes)
C1 CompilerThread0     1491 2257       3       org.springframework.asm.ClassReader::readElementValue (1237 bytes)
C2 CompilerThread1     1491 2170       4       jdk.internal.module.SystemModuleFinders$SystemModuleReader::findImageLocation (42 bytes)
C2 CompilerThread2     1491 2174       4       jdk.internal.module.SystemModuleFinders$SystemModuleReader::find (54 bytes)

VM state:not at safepoint (normal execution)

VM Mutex/Monitor currently owned by a thread: None

Heap address: 0x0000000704600000, size: 4026 MB, Compressed Oops mode: Zero based, Oop shift amount: 3
Narrow klass base: 0x0000000800000000, Narrow klass shift: 0
Compressed class space size: 1073741824 Address: 0x0000000800000000

Heap:
 garbage-first heap   total 258048K, used 45274K [0x0000000704600000, 0x0000000800000000)
  region size 1024K, 42 young (43008K), 5 survivors (5120K)
 Metaspace       used 25116K, capacity 25711K, committed 25776K, reserved 1073152K
  class space    used 2810K, capacity 3043K, committed 3072K, reserved 1048576K
Heap Regions: E=young(eden), S=young(survivor), O=old, HS=humongous(starts), HC=humongous(continues), CS=collection set, F=free, A=archive, TAMS=top-at-mark-start (previous, next)
|   0|0x0000000704600000, 0x0000000704700000, 0x0000000704700000|100%|HS|  |TAMS 0x0000000704700000, 0x0000000704600000| Complete 
|   1|0x0000000704700000, 0x0000000704800000, 0x0000000704800000|100%| O|  |TAMS 0x0000000704800000, 0x0000000704700000| Untracked 
|   2|0x0000000704800000, 0x0000000704900000, 0x0000000704900000|100%| O|  |TAMS 0x0000000704900000, 0x0000000704800000| Untracked 
|   3|0x0000000704900000, 0x000000070495d600, 0x0000000704a00000| 36%| O|  |TAMS 0x000000070495d600, 0x0000000704900000| Untracked 
|   4|0x0000000704a00000, 0x0000000704a00000, 0x0000000704b00000|  0%| F|  |TAMS 0x0000000704a00000, 0x0000000704a00000| Untracked 
|   5|0x0000000704b00000, 0x0000000704b00000, 0x0000000704c00000|  0%| F|  |TAMS 0x0000000704b00000, 0x0000000704b00000| Untracked 
|   6|0x0000000704c00000, 0x0000000704c00000, 0x0000000704d00000|  0%| F|  |TAMS 0x0000000704c00000, 0x0000000704c00000| Untracked 
|   7|0x0000000704d00000, 0x0000000704d00000, 0x0000000704e00000|  0%| F|  |TAMS 0x0000000704d00000, 0x0000000704d00000| Untracked 
|   8|0x0000000704e00000, 0x0000000704e00000, 0x0000000704f00000|  0%| F|  |TAMS 0x0000000704e00000, 0x0000000704e00000| Untracked 
|   9|0x0000000704f00000, 0x0000000704f00000, 0x0000000705000000|  0%| F|  |TAMS 0x0000000704f00000, 0x0000000704f00000| Untracked 
|  10|0x0000000705000000, 0x0000000705000000, 0x0000000705100000|  0%| F|  |TAMS 0x0000000705000000, 0x0000000705000000| Untracked 
|  11|0x0000000705100000, 0x0000000705100000, 0x0000000705200000|  0%| F|  |TAMS 0x0000000705100000, 0x0000000705100000| Untracked 
|  12|0x0000000705200000, 0x0000000705200000, 0x0000000705300000|  0%| F|  |TAMS 0x0000000705200000, 0x0000000705200000| Untracked 
|  13|0x0000000705300000, 0x0000000705300000, 0x0000000705400000|  0%| F|  |TAMS 0x0000000705300000, 0x0000000705300000| Untracked 
|  14|0x0000000705400000, 0x0000000705400000, 0x0000000705500000|  0%| F|  |TAMS 0x0000000705400000, 0x0000000705400000| Untracked 
|  15|0x0000000705500000, 0x0000000705500000, 0x0000000705600000|  0%| F|  |TAMS 0x0000000705500000, 0x0000000705500000| Untracked 
|  16|0x0000000705600000, 0x0000000705600000, 0x0000000705700000|  0%| F|  |TAMS 0x0000000705600000, 0x0000000705600000| Untracked 
|  17|0x0000000705700000, 0x0000000705700000, 0x0000000705800000|  0%| F|  |TAMS 0x0000000705700000, 0x0000000705700000| Untracked 
|  18|0x0000000705800000, 0x0000000705800000, 0x0000000705900000|  0%| F|  |TAMS 0x0000000705800000, 0x0000000705800000| Untracked 
|  19|0x0000000705900000, 0x0000000705900000, 0x0000000705a00000|  0%| F|  |TAMS 0x0000000705900000, 0x0000000705900000| Untracked 
|  20|0x0000000705a00000, 0x0000000705a00000, 0x0000000705b00000|  0%| F|  |TAMS 0x0000000705a00000, 0x0000000705a00000| Untracked 
|  21|0x0000000705b00000, 0x0000000705b00000, 0x0000000705c00000|  0%| F|  |TAMS 0x0000000705b00000, 0x0000000705b00000| Untracked 
|  22|0x0000000705c00000, 0x0000000705c00000, 0x0000000705d00000|  0%| F|  |TAMS 0x0000000705c00000, 0x0000000705c00000| Untracked 
|  23|0x0000000705d00000, 0x0000000705d00000, 0x0000000705e00000|  0%| F|  |TAMS 0x0000000705d00000, 0x0000000705d00000| Untracked 
|  24|0x0000000705e00000, 0x0000000705e00000, 0x0000000705f00000|  0%| F|  |TAMS 0x0000000705e00000, 0x0000000705e00000| Untracked 
|  25|0x0000000705f00000, 0x0000000705f00000, 0x0000000706000000|  0%| F|  |TAMS 0x0000000705f00000, 0x0000000705f00000| Untracked 
|  26|0x0000000706000000, 0x0000000706000000, 0x0000000706100000|  0%| F|  |TAMS 0x0000000706000000, 0x0000000706000000| Untracked 
|  27|0x0000000706100000, 0x0000000706100000, 0x0000000706200000|  0%| F|  |TAMS 0x0000000706100000, 0x0000000706100000| Untracked 
|  28|0x0000000706200000, 0x0000000706200000, 0x0000000706300000|  0%| F|  |TAMS 0x0000000706200000, 0x0000000706200000| Untracked 
|  29|0x0000000706300000, 0x0000000706300000, 0x0000000706400000|  0%| F|  |TAMS 0x0000000706300000, 0x0000000706300000| Untracked 
|  30|0x0000000706400000, 0x0000000706400000, 0x0000000706500000|  0%| F|  |TAMS 0x0000000706400000, 0x0000000706400000| Untracked 
|  31|0x0000000706500000, 0x0000000706500000, 0x0000000706600000|  0%| F|  |TAMS 0x0000000706500000, 0x0000000706500000| Untracked 
|  32|0x0000000706600000, 0x0000000706600000, 0x0000000706700000|  0%| F|  |TAMS 0x0000000706600000, 0x0000000706600000| Untracked 
|  33|0x0000000706700000, 0x0000000706700000, 0x0000000706800000|  0%| F|  |TAMS 0x0000000706700000, 0x0000000706700000| Untracked 
|  34|0x0000000706800000, 0x0000000706800000, 0x0000000706900000|  0%| F|  |TAMS 0x0000000706800000, 0x0000000706800000| Untracked 
|  35|0x0000000706900000, 0x0000000706900000, 0x0000000706a00000|  0%| F|  |TAMS 0x0000000706900000, 0x0000000706900000| Untracked 
|  36|0x0000000706a00000, 0x0000000706a00000, 0x0000000706b00000|  0%| F|  |TAMS 0x0000000706a00000, 0x0000000706a00000| Untracked 
|  37|0x0000000706b00000, 0x0000000706b00000, 0x0000000706c00000|  0%| F|  |TAMS 0x0000000706b00000, 0x0000000706b00000| Untracked 
|  38|0x0000000706c00000, 0x0000000706c00000, 0x0000000706d00000|  0%| F|  |TAMS 0x0000000706c00000, 0x0000000706c00000| Untracked 
|  39|0x0000000706d00000, 0x0000000706d00000, 0x0000000706e00000|  0%| F|  |TAMS 0x0000000706d00000, 0x0000000706d00000| Untracked 
|  40|0x0000000706e00000, 0x0000000706e00000, 0x0000000706f00000|  0%| F|  |TAMS 0x0000000706e00000, 0x0000000706e00000| Untracked 
|  41|0x0000000706f00000, 0x0000000706f00000, 0x0000000707000000|  0%| F|  |TAMS 0x0000000706f00000, 0x0000000706f00000| Untracked 
|  42|0x0000000707000000, 0x0000000707000000, 0x0000000707100000|  0%| F|  |TAMS 0x0000000707000000, 0x0000000707000000| Untracked 
|  43|0x0000000707100000, 0x0000000707100000, 0x0000000707200000|  0%| F|  |TAMS 0x0000000707100000, 0x0000000707100000| Untracked 
|  44|0x0000000707200000, 0x0000000707200000, 0x0000000707300000|  0%| F|  |TAMS 0x0000000707200000, 0x0000000707200000| Untracked 
|  45|0x0000000707300000, 0x0000000707300000, 0x0000000707400000|  0%| F|  |TAMS 0x0000000707300000, 0x0000000707300000| Untracked 
|  46|0x0000000707400000, 0x0000000707400000, 0x0000000707500000|  0%| F|  |TAMS 0x0000000707400000, 0x0000000707400000| Untracked 
|  47|0x0000000707500000, 0x0000000707500000, 0x0000000707600000|  0%| F|  |TAMS 0x0000000707500000, 0x0000000707500000| Untracked 
|  48|0x0000000707600000, 0x0000000707600000, 0x0000000707700000|  0%| F|  |TAMS 0x0000000707600000, 0x0000000707600000| Untracked 
|  49|0x0000000707700000, 0x0000000707700000, 0x0000000707800000|  0%| F|  |TAMS 0x0000000707700000, 0x0000000707700000| Untracked 
|  50|0x0000000707800000, 0x0000000707800000, 0x0000000707900000|  0%| F|  |TAMS 0x0000000707800000, 0x0000000707800000| Untracked 
|  51|0x0000000707900000, 0x0000000707900000, 0x0000000707a00000|  0%| F|  |TAMS 0x0000000707900000, 0x0000000707900000| Untracked 
|  52|0x0000000707a00000, 0x0000000707a00000, 0x0000000707b00000|  0%| F|  |TAMS 0x0000000707a00000, 0x0000000707a00000| Untracked 
|  53|0x0000000707b00000, 0x0000000707b00000, 0x0000000707c00000|  0%| F|  |TAMS 0x0000000707b00000, 0x0000000707b00000| Untracked 
|  54|0x0000000707c00000, 0x0000000707c00000, 0x0000000707d00000|  0%| F|  |TAMS 0x0000000707c00000, 0x0000000707c00000| Untracked 
|  55|0x0000000707d00000, 0x0000000707d00000, 0x0000000707e00000|  0%| F|  |TAMS 0x0000000707d00000, 0x0000000707d00000| Untracked 
|  56|0x0000000707e00000, 0x0000000707e00000, 0x0000000707f00000|  0%| F|  |TAMS 0x0000000707e00000, 0x0000000707e00000| Untracked 
|  57|0x0000000707f00000, 0x0000000707f00000, 0x0000000708000000|  0%| F|  |TAMS 0x0000000707f00000, 0x0000000707f00000| Untracked 
|  58|0x0000000708000000, 0x0000000708000000, 0x0000000708100000|  0%| F|  |TAMS 0x0000000708000000, 0x0000000708000000| Untracked 
|  59|0x0000000708100000, 0x0000000708100000, 0x0000000708200000|  0%| F|  |TAMS 0x0000000708100000, 0x0000000708100000| Untracked 
|  60|0x0000000708200000, 0x0000000708200000, 0x0000000708300000|  0%| F|  |TAMS 0x0000000708200000, 0x0000000708200000| Untracked 
|  61|0x0000000708300000, 0x0000000708300000, 0x0000000708400000|  0%| F|  |TAMS 0x0000000708300000, 0x0000000708300000| Untracked 
|  62|0x0000000708400000, 0x0000000708400000, 0x0000000708500000|  0%| F|  |TAMS 0x0000000708400000, 0x0000000708400000| Untracked 
|  63|0x0000000708500000, 0x0000000708500000, 0x0000000708600000|  0%| F|  |TAMS 0x0000000708500000, 0x0000000708500000| Untracked 
|  64|0x0000000708600000, 0x0000000708600000, 0x0000000708700000|  0%| F|  |TAMS 0x0000000708600000, 0x0000000708600000| Untracked 
|  65|0x0000000708700000, 0x0000000708700000, 0x0000000708800000|  0%| F|  |TAMS 0x0000000708700000, 0x0000000708700000| Untracked 
|  66|0x0000000708800000, 0x0000000708800000, 0x0000000708900000|  0%| F|  |TAMS 0x0000000708800000, 0x0000000708800000| Untracked 
|  67|0x0000000708900000, 0x0000000708900000, 0x0000000708a00000|  0%| F|  |TAMS 0x0000000708900000, 0x0000000708900000| Untracked 
|  68|0x0000000708a00000, 0x0000000708a00000, 0x0000000708b00000|  0%| F|  |TAMS 0x0000000708a00000, 0x0000000708a00000| Untracked 
|  69|0x0000000708b00000, 0x0000000708b00000, 0x0000000708c00000|  0%| F|  |TAMS 0x0000000708b00000, 0x0000000708b00000| Untracked 
|  70|0x0000000708c00000, 0x0000000708c00000, 0x0000000708d00000|  0%| F|  |TAMS 0x0000000708c00000, 0x0000000708c00000| Untracked 
|  71|0x0000000708d00000, 0x0000000708d00000, 0x0000000708e00000|  0%| F|  |TAMS 0x0000000708d00000, 0x0000000708d00000| Untracked 
|  72|0x0000000708e00000, 0x0000000708e00000, 0x0000000708f00000|  0%| F|  |TAMS 0x0000000708e00000, 0x0000000708e00000| Untracked 
|  73|0x0000000708f00000, 0x0000000708f00000, 0x0000000709000000|  0%| F|  |TAMS 0x0000000708f00000, 0x0000000708f00000| Untracked 
|  74|0x0000000709000000, 0x0000000709000000, 0x0000000709100000|  0%| F|  |TAMS 0x0000000709000000, 0x0000000709000000| Untracked 
|  75|0x0000000709100000, 0x0000000709100000, 0x0000000709200000|  0%| F|  |TAMS 0x0000000709100000, 0x0000000709100000| Untracked 
|  76|0x0000000709200000, 0x0000000709200000, 0x0000000709300000|  0%| F|  |TAMS 0x0000000709200000, 0x0000000709200000| Untracked 
|  77|0x0000000709300000, 0x0000000709300000, 0x0000000709400000|  0%| F|  |TAMS 0x0000000709300000, 0x0000000709300000| Untracked 
|  78|0x0000000709400000, 0x0000000709400000, 0x0000000709500000|  0%| F|  |TAMS 0x0000000709400000, 0x0000000709400000| Untracked 
|  79|0x0000000709500000, 0x0000000709500000, 0x0000000709600000|  0%| F|  |TAMS 0x0000000709500000, 0x0000000709500000| Untracked 
|  80|0x0000000709600000, 0x0000000709600000, 0x0000000709700000|  0%| F|  |TAMS 0x0000000709600000, 0x0000000709600000| Untracked 
|  81|0x0000000709700000, 0x0000000709700000, 0x0000000709800000|  0%| F|  |TAMS 0x0000000709700000, 0x0000000709700000| Untracked 
|  82|0x0000000709800000, 0x0000000709800000, 0x0000000709900000|  0%| F|  |TAMS 0x0000000709800000, 0x0000000709800000| Untracked 
|  83|0x0000000709900000, 0x0000000709900000, 0x0000000709a00000|  0%| F|  |TAMS 0x0000000709900000, 0x0000000709900000| Untracked 
|  84|0x0000000709a00000, 0x0000000709a00000, 0x0000000709b00000|  0%| F|  |TAMS 0x0000000709a00000, 0x0000000709a00000| Untracked 
|  85|0x0000000709b00000, 0x0000000709b00000, 0x0000000709c00000|  0%| F|  |TAMS 0x0000000709b00000, 0x0000000709b00000| Untracked 
|  86|0x0000000709c00000, 0x0000000709c00000, 0x0000000709d00000|  0%| F|  |TAMS 0x0000000709c00000, 0x0000000709c00000| Untracked 
|  87|0x0000000709d00000, 0x0000000709d00000, 0x0000000709e00000|  0%| F|  |TAMS 0x0000000709d00000, 0x0000000709d00000| Untracked 
|  88|0x0000000709e00000, 0x0000000709e00000, 0x0000000709f00000|  0%| F|  |TAMS 0x0000000709e00000, 0x0000000709e00000| Untracked 
|  89|0x0000000709f00000, 0x0000000709f00000, 0x000000070a000000|  0%| F|  |TAMS 0x0000000709f00000, 0x0000000709f00000| Untracked 
|  90|0x000000070a000000, 0x000000070a000000, 0x000000070a100000|  0%| F|  |TAMS 0x000000070a000000, 0x000000070a000000| Untracked 
|  91|0x000000070a100000, 0x000000070a100000, 0x000000070a200000|  0%| F|  |TAMS 0x000000070a100000, 0x000000070a100000| Untracked 
|  92|0x000000070a200000, 0x000000070a200000, 0x000000070a300000|  0%| F|  |TAMS 0x000000070a200000, 0x000000070a200000| Untracked 
|  93|0x000000070a300000, 0x000000070a300000, 0x000000070a400000|  0%| F|  |TAMS 0x000000070a300000, 0x000000070a300000| Untracked 
|  94|0x000000070a400000, 0x000000070a400000, 0x000000070a500000|  0%| F|  |TAMS 0x000000070a400000, 0x000000070a400000| Untracked 
|  95|0x000000070a500000, 0x000000070a500000, 0x000000070a600000|  0%| F|  |TAMS 0x000000070a500000, 0x000000070a500000| Untracked 
|  96|0x000000070a600000, 0x000000070a600000, 0x000000070a700000|  0%| F|  |TAMS 0x000000070a600000, 0x000000070a600000| Untracked 
|  97|0x000000070a700000, 0x000000070a700000, 0x000000070a800000|  0%| F|  |TAMS 0x000000070a700000, 0x000000070a700000| Untracked 
|  98|0x000000070a800000, 0x000000070a800000, 0x000000070a900000|  0%| F|  |TAMS 0x000000070a800000, 0x000000070a800000| Untracked 
|  99|0x000000070a900000, 0x000000070a900000, 0x000000070aa00000|  0%| F|  |TAMS 0x000000070a900000, 0x000000070a900000| Untracked 
| 100|0x000000070aa00000, 0x000000070aa00000, 0x000000070ab00000|  0%| F|  |TAMS 0x000000070aa00000, 0x000000070aa00000| Untracked 
| 101|0x000000070ab00000, 0x000000070ab00000, 0x000000070ac00000|  0%| F|  |TAMS 0x000000070ab00000, 0x000000070ab00000| Untracked 
| 102|0x000000070ac00000, 0x000000070ac00000, 0x000000070ad00000|  0%| F|  |TAMS 0x000000070ac00000, 0x000000070ac00000| Untracked 
| 103|0x000000070ad00000, 0x000000070ad00000, 0x000000070ae00000|  0%| F|  |TAMS 0x000000070ad00000, 0x000000070ad00000| Untracked 
| 104|0x000000070ae00000, 0x000000070ae00000, 0x000000070af00000|  0%| F|  |TAMS 0x000000070ae00000, 0x000000070ae00000| Untracked 
| 105|0x000000070af00000, 0x000000070af00000, 0x000000070b000000|  0%| F|  |TAMS 0x000000070af00000, 0x000000070af00000| Untracked 
| 106|0x000000070b000000, 0x000000070b000000, 0x000000070b100000|  0%| F|  |TAMS 0x000000070b000000, 0x000000070b000000| Untracked 
| 107|0x000000070b100000, 0x000000070b100000, 0x000000070b200000|  0%| F|  |TAMS 0x000000070b100000, 0x000000070b100000| Untracked 
| 108|0x000000070b200000, 0x000000070b200000, 0x000000070b300000|  0%| F|  |TAMS 0x000000070b200000, 0x000000070b200000| Untracked 
| 109|0x000000070b300000, 0x000000070b300000, 0x000000070b400000|  0%| F|  |TAMS 0x000000070b300000, 0x000000070b300000| Untracked 
| 110|0x000000070b400000, 0x000000070b400000, 0x000000070b500000|  0%| F|  |TAMS 0x000000070b400000, 0x000000070b400000| Untracked 
| 111|0x000000070b500000, 0x000000070b500000, 0x000000070b600000|  0%| F|  |TAMS 0x000000070b500000, 0x000000070b500000| Untracked 
| 112|0x000000070b600000, 0x000000070b600000, 0x000000070b700000|  0%| F|  |TAMS 0x000000070b600000, 0x000000070b600000| Untracked 
| 113|0x000000070b700000, 0x000000070b700000, 0x000000070b800000|  0%| F|  |TAMS 0x000000070b700000, 0x000000070b700000| Untracked 
| 114|0x000000070b800000, 0x000000070b800000, 0x000000070b900000|  0%| F|  |TAMS 0x000000070b800000, 0x000000070b800000| Untracked 
| 115|0x000000070b900000, 0x000000070b900000, 0x000000070ba00000|  0%| F|  |TAMS 0x000000070b900000, 0x000000070b900000| Untracked 
| 116|0x000000070ba00000, 0x000000070ba00000, 0x000000070bb00000|  0%| F|  |TAMS 0x000000070ba00000, 0x000000070ba00000| Untracked 
| 117|0x000000070bb00000, 0x000000070bb00000, 0x000000070bc00000|  0%| F|  |TAMS 0x000000070bb00000, 0x000000070bb00000| Untracked 
| 118|0x000000070bc00000, 0x000000070bc00000, 0x000000070bd00000|  0%| F|  |TAMS 0x000000070bc00000, 0x000000070bc00000| Untracked 
| 119|0x000000070bd00000, 0x000000070bd00000, 0x000000070be00000|  0%| F|  |TAMS 0x000000070bd00000, 0x000000070bd00000| Untracked 
| 120|0x000000070be00000, 0x000000070be00000, 0x000000070bf00000|  0%| F|  |TAMS 0x000000070be00000, 0x000000070be00000| Untracked 
| 121|0x000000070bf00000, 0x000000070bf00000, 0x000000070c000000|  0%| F|  |TAMS 0x000000070bf00000, 0x000000070bf00000| Untracked 
| 122|0x000000070c000000, 0x000000070c000000, 0x000000070c100000|  0%| F|  |TAMS 0x000000070c000000, 0x000000070c000000| Untracked 
| 123|0x000000070c100000, 0x000000070c100000, 0x000000070c200000|  0%| F|  |TAMS 0x000000070c100000, 0x000000070c100000| Untracked 
| 124|0x000000070c200000, 0x000000070c200000, 0x000000070c300000|  0%| F|  |TAMS 0x000000070c200000, 0x000000070c200000| Untracked 
| 125|0x000000070c300000, 0x000000070c300000, 0x000000070c400000|  0%| F|  |TAMS 0x000000070c300000, 0x000000070c300000| Untracked 
| 126|0x000000070c400000, 0x000000070c400000, 0x000000070c500000|  0%| F|  |TAMS 0x000000070c400000, 0x000000070c400000| Untracked 
| 127|0x000000070c500000, 0x000000070c500000, 0x000000070c600000|  0%| F|  |TAMS 0x000000070c500000, 0x000000070c500000| Untracked 
| 128|0x000000070c600000, 0x000000070c600000, 0x000000070c700000|  0%| F|  |TAMS 0x000000070c600000, 0x000000070c600000| Untracked 
| 129|0x000000070c700000, 0x000000070c700000, 0x000000070c800000|  0%| F|  |TAMS 0x000000070c700000, 0x000000070c700000| Untracked 
| 130|0x000000070c800000, 0x000000070c800000, 0x000000070c900000|  0%| F|  |TAMS 0x000000070c800000, 0x000000070c800000| Untracked 
| 131|0x000000070c900000, 0x000000070c900000, 0x000000070ca00000|  0%| F|  |TAMS 0x000000070c900000, 0x000000070c900000| Untracked 
| 132|0x000000070ca00000, 0x000000070ca00000, 0x000000070cb00000|  0%| F|  |TAMS 0x000000070ca00000, 0x000000070ca00000| Untracked 
| 133|0x000000070cb00000, 0x000000070cb00000, 0x000000070cc00000|  0%| F|  |TAMS 0x000000070cb00000, 0x000000070cb00000| Untracked 
| 134|0x000000070cc00000, 0x000000070cc00000, 0x000000070cd00000|  0%| F|  |TAMS 0x000000070cc00000, 0x000000070cc00000| Untracked 
| 135|0x000000070cd00000, 0x000000070cd00000, 0x000000070ce00000|  0%| F|  |TAMS 0x000000070cd00000, 0x000000070cd00000| Untracked 
| 136|0x000000070ce00000, 0x000000070ce00000, 0x000000070cf00000|  0%| F|  |TAMS 0x000000070ce00000, 0x000000070ce00000| Untracked 
| 137|0x000000070cf00000, 0x000000070cf00000, 0x000000070d000000|  0%| F|  |TAMS 0x000000070cf00000, 0x000000070cf00000| Untracked 
| 138|0x000000070d000000, 0x000000070d000000, 0x000000070d100000|  0%| F|  |TAMS 0x000000070d000000, 0x000000070d000000| Untracked 
| 139|0x000000070d100000, 0x000000070d100000, 0x000000070d200000|  0%| F|  |TAMS 0x000000070d100000, 0x000000070d100000| Untracked 
| 140|0x000000070d200000, 0x000000070d200000, 0x000000070d300000|  0%| F|  |TAMS 0x000000070d200000, 0x000000070d200000| Untracked 
| 141|0x000000070d300000, 0x000000070d300000, 0x000000070d400000|  0%| F|  |TAMS 0x000000070d300000, 0x000000070d300000| Untracked 
| 142|0x000000070d400000, 0x000000070d400000, 0x000000070d500000|  0%| F|  |TAMS 0x000000070d400000, 0x000000070d400000| Untracked 
| 143|0x000000070d500000, 0x000000070d500000, 0x000000070d600000|  0%| F|  |TAMS 0x000000070d500000, 0x000000070d500000| Untracked 
| 144|0x000000070d600000, 0x000000070d600000, 0x000000070d700000|  0%| F|  |TAMS 0x000000070d600000, 0x000000070d600000| Untracked 
| 145|0x000000070d700000, 0x000000070d700000, 0x000000070d800000|  0%| F|  |TAMS 0x000000070d700000, 0x000000070d700000| Untracked 
| 146|0x000000070d800000, 0x000000070d800000, 0x000000070d900000|  0%| F|  |TAMS 0x000000070d800000, 0x000000070d800000| Untracked 
| 147|0x000000070d900000, 0x000000070d900000, 0x000000070da00000|  0%| F|  |TAMS 0x000000070d900000, 0x000000070d900000| Untracked 
| 148|0x000000070da00000, 0x000000070da00000, 0x000000070db00000|  0%| F|  |TAMS 0x000000070da00000, 0x000000070da00000| Untracked 
| 149|0x000000070db00000, 0x000000070db00000, 0x000000070dc00000|  0%| F|  |TAMS 0x000000070db00000, 0x000000070db00000| Untracked 
| 150|0x000000070dc00000, 0x000000070dc00000, 0x000000070dd00000|  0%| F|  |TAMS 0x000000070dc00000, 0x000000070dc00000| Untracked 
| 151|0x000000070dd00000, 0x000000070dd00000, 0x000000070de00000|  0%| F|  |TAMS 0x000000070dd00000, 0x000000070dd00000| Untracked 
| 152|0x000000070de00000, 0x000000070de00000, 0x000000070df00000|  0%| F|  |TAMS 0x000000070de00000, 0x000000070de00000| Untracked 
| 153|0x000000070df00000, 0x000000070df00000, 0x000000070e000000|  0%| F|  |TAMS 0x000000070df00000, 0x000000070df00000| Untracked 
| 154|0x000000070e000000, 0x000000070e000000, 0x000000070e100000|  0%| F|  |TAMS 0x000000070e000000, 0x000000070e000000| Untracked 
| 155|0x000000070e100000, 0x000000070e100000, 0x000000070e200000|  0%| F|  |TAMS 0x000000070e100000, 0x000000070e100000| Untracked 
| 156|0x000000070e200000, 0x000000070e200000, 0x000000070e300000|  0%| F|  |TAMS 0x000000070e200000, 0x000000070e200000| Untracked 
| 157|0x000000070e300000, 0x000000070e300000, 0x000000070e400000|  0%| F|  |TAMS 0x000000070e300000, 0x000000070e300000| Untracked 
| 158|0x000000070e400000, 0x000000070e400000, 0x000000070e500000|  0%| F|  |TAMS 0x000000070e400000, 0x000000070e400000| Untracked 
| 159|0x000000070e500000, 0x000000070e500000, 0x000000070e600000|  0%| F|  |TAMS 0x000000070e500000, 0x000000070e500000| Untracked 
| 160|0x000000070e600000, 0x000000070e600000, 0x000000070e700000|  0%| F|  |TAMS 0x000000070e600000, 0x000000070e600000| Untracked 
| 161|0x000000070e700000, 0x000000070e700000, 0x000000070e800000|  0%| F|  |TAMS 0x000000070e700000, 0x000000070e700000| Untracked 
| 162|0x000000070e800000, 0x000000070e800000, 0x000000070e900000|  0%| F|  |TAMS 0x000000070e800000, 0x000000070e800000| Untracked 
| 163|0x000000070e900000, 0x000000070e900000, 0x000000070ea00000|  0%| F|  |TAMS 0x000000070e900000, 0x000000070e900000| Untracked 
| 164|0x000000070ea00000, 0x000000070ea00000, 0x000000070eb00000|  0%| F|  |TAMS 0x000000070ea00000, 0x000000070ea00000| Untracked 
| 165|0x000000070eb00000, 0x000000070eb00000, 0x000000070ec00000|  0%| F|  |TAMS 0x000000070eb00000, 0x000000070eb00000| Untracked 
| 166|0x000000070ec00000, 0x000000070ec00000, 0x000000070ed00000|  0%| F|  |TAMS 0x000000070ec00000, 0x000000070ec00000| Untracked 
| 167|0x000000070ed00000, 0x000000070ed00000, 0x000000070ee00000|  0%| F|  |TAMS 0x000000070ed00000, 0x000000070ed00000| Untracked 
| 168|0x000000070ee00000, 0x000000070ee00000, 0x000000070ef00000|  0%| F|  |TAMS 0x000000070ee00000, 0x000000070ee00000| Untracked 
| 169|0x000000070ef00000, 0x000000070ef00000, 0x000000070f000000|  0%| F|  |TAMS 0x000000070ef00000, 0x000000070ef00000| Untracked 
| 170|0x000000070f000000, 0x000000070f000000, 0x000000070f100000|  0%| F|  |TAMS 0x000000070f000000, 0x000000070f000000| Untracked 
| 171|0x000000070f100000, 0x000000070f100000, 0x000000070f200000|  0%| F|  |TAMS 0x000000070f100000, 0x000000070f100000| Untracked 
| 172|0x000000070f200000, 0x000000070f200000, 0x000000070f300000|  0%| F|  |TAMS 0x000000070f200000, 0x000000070f200000| Untracked 
| 173|0x000000070f300000, 0x000000070f300000, 0x000000070f400000|  0%| F|  |TAMS 0x000000070f300000, 0x000000070f300000| Untracked 
| 174|0x000000070f400000, 0x000000070f400000, 0x000000070f500000|  0%| F|  |TAMS 0x000000070f400000, 0x000000070f400000| Untracked 
| 175|0x000000070f500000, 0x000000070f500000, 0x000000070f600000|  0%| F|  |TAMS 0x000000070f500000, 0x000000070f500000| Untracked 
| 176|0x000000070f600000, 0x000000070f600000, 0x000000070f700000|  0%| F|  |TAMS 0x000000070f600000, 0x000000070f600000| Untracked 
| 177|0x000000070f700000, 0x000000070f700000, 0x000000070f800000|  0%| F|  |TAMS 0x000000070f700000, 0x000000070f700000| Untracked 
| 178|0x000000070f800000, 0x000000070f800000, 0x000000070f900000|  0%| F|  |TAMS 0x000000070f800000, 0x000000070f800000| Untracked 
| 179|0x000000070f900000, 0x000000070f900000, 0x000000070fa00000|  0%| F|  |TAMS 0x000000070f900000, 0x000000070f900000| Untracked 
| 180|0x000000070fa00000, 0x000000070fa00000, 0x000000070fb00000|  0%| F|  |TAMS 0x000000070fa00000, 0x000000070fa00000| Untracked 
| 181|0x000000070fb00000, 0x000000070fb00000, 0x000000070fc00000|  0%| F|  |TAMS 0x000000070fb00000, 0x000000070fb00000| Untracked 
| 182|0x000000070fc00000, 0x000000070fc00000, 0x000000070fd00000|  0%| F|  |TAMS 0x000000070fc00000, 0x000000070fc00000| Untracked 
| 183|0x000000070fd00000, 0x000000070fd00000, 0x000000070fe00000|  0%| F|  |TAMS 0x000000070fd00000, 0x000000070fd00000| Untracked 
| 184|0x000000070fe00000, 0x000000070fe00000, 0x000000070ff00000|  0%| F|  |TAMS 0x000000070fe00000, 0x000000070fe00000| Untracked 
| 185|0x000000070ff00000, 0x000000070ff00000, 0x0000000710000000|  0%| F|  |TAMS 0x000000070ff00000, 0x000000070ff00000| Untracked 
| 186|0x0000000710000000, 0x0000000710000000, 0x0000000710100000|  0%| F|  |TAMS 0x0000000710000000, 0x0000000710000000| Untracked 
| 187|0x0000000710100000, 0x0000000710100000, 0x0000000710200000|  0%| F|  |TAMS 0x0000000710100000, 0x0000000710100000| Untracked 
| 188|0x0000000710200000, 0x0000000710200000, 0x0000000710300000|  0%| F|  |TAMS 0x0000000710200000, 0x0000000710200000| Untracked 
| 189|0x0000000710300000, 0x0000000710300000, 0x0000000710400000|  0%| F|  |TAMS 0x0000000710300000, 0x0000000710300000| Untracked 
| 190|0x0000000710400000, 0x0000000710400000, 0x0000000710500000|  0%| F|  |TAMS 0x0000000710400000, 0x0000000710400000| Untracked 
| 191|0x0000000710500000, 0x0000000710500000, 0x0000000710600000|  0%| F|  |TAMS 0x0000000710500000, 0x0000000710500000| Untracked 
| 192|0x0000000710600000, 0x0000000710600000, 0x0000000710700000|  0%| F|  |TAMS 0x0000000710600000, 0x0000000710600000| Untracked 
| 193|0x0000000710700000, 0x0000000710700000, 0x0000000710800000|  0%| F|  |TAMS 0x0000000710700000, 0x0000000710700000| Untracked 
| 194|0x0000000710800000, 0x0000000710800000, 0x0000000710900000|  0%| F|  |TAMS 0x0000000710800000, 0x0000000710800000| Untracked 
| 195|0x0000000710900000, 0x0000000710900000, 0x0000000710a00000|  0%| F|  |TAMS 0x0000000710900000, 0x0000000710900000| Untracked 
| 196|0x0000000710a00000, 0x0000000710a00000, 0x0000000710b00000|  0%| F|  |TAMS 0x0000000710a00000, 0x0000000710a00000| Untracked 
| 197|0x0000000710b00000, 0x0000000710b00000, 0x0000000710c00000|  0%| F|  |TAMS 0x0000000710b00000, 0x0000000710b00000| Untracked 
| 198|0x0000000710c00000, 0x0000000710c00000, 0x0000000710d00000|  0%| F|  |TAMS 0x0000000710c00000, 0x0000000710c00000| Untracked 
| 199|0x0000000710d00000, 0x0000000710d00000, 0x0000000710e00000|  0%| F|  |TAMS 0x0000000710d00000, 0x0000000710d00000| Untracked 
| 200|0x0000000710e00000, 0x0000000710e00000, 0x0000000710f00000|  0%| F|  |TAMS 0x0000000710e00000, 0x0000000710e00000| Untracked 
| 201|0x0000000710f00000, 0x0000000710f00000, 0x0000000711000000|  0%| F|  |TAMS 0x0000000710f00000, 0x0000000710f00000| Untracked 
| 202|0x0000000711000000, 0x0000000711000000, 0x0000000711100000|  0%| F|  |TAMS 0x0000000711000000, 0x0000000711000000| Untracked 
| 203|0x0000000711100000, 0x0000000711100000, 0x0000000711200000|  0%| F|  |TAMS 0x0000000711100000, 0x0000000711100000| Untracked 
| 204|0x0000000711200000, 0x00000007112d9200, 0x0000000711300000| 84%| S|CS|TAMS 0x0000000711200000, 0x0000000711200000| Complete 
| 205|0x0000000711300000, 0x0000000711400000, 0x0000000711400000|100%| S|CS|TAMS 0x0000000711300000, 0x0000000711300000| Complete 
| 206|0x0000000711400000, 0x0000000711500000, 0x0000000711500000|100%| S|CS|TAMS 0x0000000711400000, 0x0000000711400000| Complete 
| 207|0x0000000711500000, 0x0000000711600000, 0x0000000711600000|100%| S|CS|TAMS 0x0000000711500000, 0x0000000711500000| Complete 
| 208|0x0000000711600000, 0x0000000711700000, 0x0000000711700000|100%| S|CS|TAMS 0x0000000711600000, 0x0000000711600000| Complete 
| 209|0x0000000711700000, 0x0000000711700000, 0x0000000711800000|  0%| F|  |TAMS 0x0000000711700000, 0x0000000711700000| Untracked 
| 210|0x0000000711800000, 0x0000000711800000, 0x0000000711900000|  0%| F|  |TAMS 0x0000000711800000, 0x0000000711800000| Untracked 
| 211|0x0000000711900000, 0x0000000711900000, 0x0000000711a00000|  0%| F|  |TAMS 0x0000000711900000, 0x0000000711900000| Untracked 
| 212|0x0000000711a00000, 0x0000000711a00000, 0x0000000711b00000|  0%| F|  |TAMS 0x0000000711a00000, 0x0000000711a00000| Untracked 
| 213|0x0000000711b00000, 0x0000000711b00000, 0x0000000711c00000|  0%| F|  |TAMS 0x0000000711b00000, 0x0000000711b00000| Untracked 
| 214|0x0000000711c00000, 0x0000000711c85cd8, 0x0000000711d00000| 52%| E|  |TAMS 0x0000000711c00000, 0x0000000711c00000| Complete 
| 215|0x0000000711d00000, 0x0000000711e00000, 0x0000000711e00000|100%| E|CS|TAMS 0x0000000711d00000, 0x0000000711d00000| Complete 
| 216|0x0000000711e00000, 0x0000000711f00000, 0x0000000711f00000|100%| E|CS|TAMS 0x0000000711e00000, 0x0000000711e00000| Complete 
| 217|0x0000000711f00000, 0x0000000712000000, 0x0000000712000000|100%| E|CS|TAMS 0x0000000711f00000, 0x0000000711f00000| Complete 
| 218|0x0000000712000000, 0x0000000712100000, 0x0000000712100000|100%| E|CS|TAMS 0x0000000712000000, 0x0000000712000000| Complete 
| 219|0x0000000712100000, 0x0000000712200000, 0x0000000712200000|100%| E|CS|TAMS 0x0000000712100000, 0x0000000712100000| Complete 
| 220|0x0000000712200000, 0x0000000712300000, 0x0000000712300000|100%| E|CS|TAMS 0x0000000712200000, 0x0000000712200000| Complete 
| 221|0x0000000712300000, 0x0000000712400000, 0x0000000712400000|100%| E|CS|TAMS 0x0000000712300000, 0x0000000712300000| Complete 
| 222|0x0000000712400000, 0x0000000712500000, 0x0000000712500000|100%| E|CS|TAMS 0x0000000712400000, 0x0000000712400000| Complete 
| 223|0x0000000712500000, 0x0000000712600000, 0x0000000712600000|100%| E|CS|TAMS 0x0000000712500000, 0x0000000712500000| Complete 
| 224|0x0000000712600000, 0x0000000712700000, 0x0000000712700000|100%| E|CS|TAMS 0x0000000712600000, 0x0000000712600000| Complete 
| 225|0x0000000712700000, 0x0000000712800000, 0x0000000712800000|100%| E|CS|TAMS 0x0000000712700000, 0x0000000712700000| Complete 
| 226|0x0000000712800000, 0x0000000712900000, 0x0000000712900000|100%| E|CS|TAMS 0x0000000712800000, 0x0000000712800000| Complete 
| 227|0x0000000712900000, 0x0000000712a00000, 0x0000000712a00000|100%| E|CS|TAMS 0x0000000712900000, 0x0000000712900000| Complete 
| 228|0x0000000712a00000, 0x0000000712b00000, 0x0000000712b00000|100%| E|CS|TAMS 0x0000000712a00000, 0x0000000712a00000| Complete 
| 229|0x0000000712b00000, 0x0000000712c00000, 0x0000000712c00000|100%| E|CS|TAMS 0x0000000712b00000, 0x0000000712b00000| Complete 
| 230|0x0000000712c00000, 0x0000000712d00000, 0x0000000712d00000|100%| E|CS|TAMS 0x0000000712c00000, 0x0000000712c00000| Complete 
| 231|0x0000000712d00000, 0x0000000712e00000, 0x0000000712e00000|100%| E|CS|TAMS 0x0000000712d00000, 0x0000000712d00000| Complete 
| 232|0x0000000712e00000, 0x0000000712f00000, 0x0000000712f00000|100%| E|CS|TAMS 0x0000000712e00000, 0x0000000712e00000| Complete 
| 233|0x0000000712f00000, 0x0000000713000000, 0x0000000713000000|100%| E|CS|TAMS 0x0000000712f00000, 0x0000000712f00000| Complete 
| 234|0x0000000713000000, 0x0000000713100000, 0x0000000713100000|100%| E|CS|TAMS 0x0000000713000000, 0x0000000713000000| Complete 
| 235|0x0000000713100000, 0x0000000713200000, 0x0000000713200000|100%| E|CS|TAMS 0x0000000713100000, 0x0000000713100000| Complete 
| 236|0x0000000713200000, 0x0000000713300000, 0x0000000713300000|100%| E|CS|TAMS 0x0000000713200000, 0x0000000713200000| Complete 
| 237|0x0000000713300000, 0x0000000713400000, 0x0000000713400000|100%| E|CS|TAMS 0x0000000713300000, 0x0000000713300000| Complete 
| 238|0x0000000713400000, 0x0000000713500000, 0x0000000713500000|100%| E|CS|TAMS 0x0000000713400000, 0x0000000713400000| Complete 
| 239|0x0000000713500000, 0x0000000713600000, 0x0000000713600000|100%| E|CS|TAMS 0x0000000713500000, 0x0000000713500000| Complete 
| 240|0x0000000713600000, 0x0000000713700000, 0x0000000713700000|100%| E|CS|TAMS 0x0000000713600000, 0x0000000713600000| Complete 
| 241|0x0000000713700000, 0x0000000713800000, 0x0000000713800000|100%| E|CS|TAMS 0x0000000713700000, 0x0000000713700000| Complete 
| 242|0x0000000713800000, 0x0000000713900000, 0x0000000713900000|100%| E|CS|TAMS 0x0000000713800000, 0x0000000713800000| Complete 
| 243|0x0000000713900000, 0x0000000713a00000, 0x0000000713a00000|100%| E|CS|TAMS 0x0000000713900000, 0x0000000713900000| Complete 
| 244|0x0000000713a00000, 0x0000000713b00000, 0x0000000713b00000|100%| E|CS|TAMS 0x0000000713a00000, 0x0000000713a00000| Complete 
| 245|0x0000000713b00000, 0x0000000713c00000, 0x0000000713c00000|100%| E|CS|TAMS 0x0000000713b00000, 0x0000000713b00000| Complete 
| 246|0x0000000713c00000, 0x0000000713d00000, 0x0000000713d00000|100%| E|CS|TAMS 0x0000000713c00000, 0x0000000713c00000| Complete 
| 247|0x0000000713d00000, 0x0000000713e00000, 0x0000000713e00000|100%| E|CS|TAMS 0x0000000713d00000, 0x0000000713d00000| Complete 
| 248|0x0000000713e00000, 0x0000000713f00000, 0x0000000713f00000|100%| E|CS|TAMS 0x0000000713e00000, 0x0000000713e00000| Complete 
| 249|0x0000000713f00000, 0x0000000714000000, 0x0000000714000000|100%| E|CS|TAMS 0x0000000713f00000, 0x0000000713f00000| Complete 
| 250|0x0000000714000000, 0x0000000714100000, 0x0000000714100000|100%| E|CS|TAMS 0x0000000714000000, 0x0000000714000000| Complete 
| 251|0x0000000714100000, 0x0000000714200000, 0x0000000714200000|100%| E|CS|TAMS 0x0000000714100000, 0x0000000714100000| Complete 

Card table byte_map: [0x000001a5cf670000,0x000001a5cfe50000] _byte_map_base: 0x000001a5cbe4d000

Marking Bits (Prev, Next): (CMBitMap*) 0x000001a5b82b69b0, (CMBitMap*) 0x000001a5b82b6978
 Prev Bits: [0x000001a5d4520000, 0x000001a5d8408000)
 Next Bits: [0x000001a5d0630000, 0x000001a5d4518000)

Polling page: 0x000001a5b7a10000

Metaspace:

Usage:
  Non-class:     22.20 MB capacity,    21.84 MB ( 98%) used,   303.59 KB (  1%) free+waste,    63.69 KB ( <1%) overhead. 
      Class:      2.97 MB capacity,     2.75 MB ( 92%) used,   198.96 KB (  7%) free+waste,    31.75 KB (  1%) overhead. 
       Both:     25.17 MB capacity,    24.59 MB ( 98%) used,   502.55 KB (  2%) free+waste,    95.44 KB ( <1%) overhead. 

Virtual space:
  Non-class space:       24.00 MB reserved,      22.42 MB ( 93%) committed 
      Class space:        1.00 GB reserved,       3.00 MB ( <1%) committed 
             Both:        1.02 GB reserved,      25.42 MB (  2%) committed 

Chunk freelists:
   Non-Class:  4.38 KB
       Class:  0 bytes
        Both:  4.38 KB

CodeHeap 'non-profiled nmethods': size=120000Kb used=941Kb max_used=941Kb free=119058Kb
 bounds [0x000001a5c7400000, 0x000001a5c7670000, 0x000001a5ce930000]
CodeHeap 'profiled nmethods': size=120000Kb used=4487Kb max_used=4487Kb free=115513Kb
 bounds [0x000001a5bfed0000, 0x000001a5c0340000, 0x000001a5c7400000]
CodeHeap 'non-nmethods': size=5760Kb used=1114Kb max_used=1156Kb free=4645Kb
 bounds [0x000001a5bf930000, 0x000001a5bfba0000, 0x000001a5bfed0000]
 total_blobs=2693 nmethods=2268 adapters=336
 compilation: enabled
              stopped_count=0, restarted_count=0
 full_count=0

Compilation events (10 events):
Event: 1.462 Thread 0x000001a5dbae1800 2203       3       java.nio.ByteBuffer::limit (6 bytes)
Event: 1.462 Thread 0x000001a5dbae1800 nmethod 2203 0x000001a5c02f8b90 code [0x000001a5c02f8d40, 0x000001a5c02f8f08]
Event: 1.462 Thread 0x000001a5dbae1800 2205       3       java.util.stream.AbstractPipeline::wrapSink (37 bytes)
Event: 1.463 Thread 0x000001a5dbae1800 nmethod 2205 0x000001a5c02f8f90 code [0x000001a5c02f9160, 0x000001a5c02f9578]
Event: 1.463 Thread 0x000001a5dbae1800 2206       3       java.util.stream.Sink::end (1 bytes)
Event: 1.463 Thread 0x000001a5dbae1800 nmethod 2206 0x000001a5c02f9710 code [0x000001a5c02f98a0, 0x000001a5c02f9998]
Event: 1.463 Thread 0x000001a5dbae1800 2204       1       org.springframework.core.annotation.AnnotationTypeMapping::getMetaTypes (5 bytes)
Event: 1.463 Thread 0x000001a5dbae1800 nmethod 2204 0x000001a5c74eb010 code [0x000001a5c74eb1a0, 0x000001a5c74eb258]
Event: 1.463 Thread 0x000001a5dbae1800 2202       1       org.springframework.core.type.classreading.SimpleAnnotationMetadata::getSuperClassName (5 bytes)
Event: 1.463 Thread 0x000001a5dbae1800 nmethod 2202 0x000001a5c74eb310 code [0x000001a5c74eb4a0, 0x000001a5c74eb558]

GC Heap History (4 events):
Event: 0.693 GC heap before
{Heap before GC invocations=0 (full 0):
 garbage-first heap   total 258048K, used 24576K [0x0000000704600000, 0x0000000800000000)
  region size 1024K, 24 young (24576K), 0 survivors (0K)
 Metaspace       used 11550K, capacity 11781K, committed 12032K, reserved 1060864K
  class space    used 1120K, capacity 1186K, committed 1280K, reserved 1048576K
}
Event: 0.696 GC heap after
{Heap after GC invocations=1 (full 0):
 garbage-first heap   total 258048K, used 6517K [0x0000000704600000, 0x0000000800000000)
  region size 1024K, 3 young (3072K), 3 survivors (3072K)
 Metaspace       used 11550K, capacity 11781K, committed 12032K, reserved 1060864K
  class space    used 1120K, capacity 1186K, committed 1280K, reserved 1048576K
}
Event: 1.177 GC heap before
{Heap before GC invocations=1 (full 0):
 garbage-first heap   total 258048K, used 46453K [0x0000000704600000, 0x0000000800000000)
  region size 1024K, 43 young (44032K), 3 survivors (3072K)
 Metaspace       used 20738K, capacity 21184K, committed 21296K, reserved 1069056K
  class space    used 2236K, capacity 2404K, committed 2432K, reserved 1048576K
}
Event: 1.181 GC heap after
{Heap after GC invocations=2 (full 0):
 garbage-first heap   total 258048K, used 8410K [0x0000000704600000, 0x0000000800000000)
  region size 1024K, 5 young (5120K), 5 survivors (5120K)
 Metaspace       used 20738K, capacity 21184K, committed 21296K, reserved 1069056K
  class space    used 2236K, capacity 2404K, committed 2432K, reserved 1048576K
}

Deoptimization events (10 events):
Event: 1.115 Thread 0x000001a5dc26c800 Uncommon trap: reason=class_check action=maybe_recompile pc=0x000001a5c744c720 method=java.util.HashMap.putVal(ILjava/lang/Object;Ljava/lang/Object;ZZ)Ljava/lang/Object; @ 203 c2
Event: 1.142 Thread 0x000001a5dc26c800 Uncommon trap: reason=class_check action=maybe_recompile pc=0x000001a5c744c720 method=java.util.HashMap.putVal(ILjava/lang/Object;Ljava/lang/Object;ZZ)Ljava/lang/Object; @ 203 c2
Event: 1.214 Thread 0x000001a5dc26c800 Uncommon trap: reason=unstable_if action=reinterpret pc=0x000001a5c74a4898 method=java.util.concurrent.ConcurrentHashMap.transfer([Ljava/util/concurrent/ConcurrentHashMap$Node;[Ljava/util/concurrent/ConcurrentHashMap$Node;)V @ 273 c2
Event: 1.214 Thread 0x000001a5dc26c800 Uncommon trap: reason=unstable_if action=reinterpret pc=0x000001a5c748b0f4 method=java.util.concurrent.ConcurrentHashMap.addCount(JI)V @ 171 c2
Event: 1.239 Thread 0x000001a5dc26c800 Uncommon trap: reason=unstable_if action=reinterpret pc=0x000001a5c745ab20 method=java.util.concurrent.ConcurrentHashMap.get(Ljava/lang/Object;)Ljava/lang/Object; @ 76 c2
Event: 1.263 Thread 0x000001a5dc26c800 Uncommon trap: reason=unstable_if action=reinterpret pc=0x000001a5c741a87c method=java.util.zip.ZipFile$Source.getEntryPos([BZ)I @ 156 c2
Event: 1.411 Thread 0x000001a5dc26c800 Uncommon trap: reason=bimorphic_or_optimized_type_check action=maybe_recompile pc=0x000001a5c74a6a6c method=java.util.HashMap.putVal(ILjava/lang/Object;Ljava/lang/Object;ZZ)Ljava/lang/Object; @ 203 c2
Event: 1.421 Thread 0x000001a5dc26c800 Uncommon trap: reason=bimorphic_or_optimized_type_check action=maybe_recompile pc=0x000001a5c74a6a6c method=java.util.HashMap.putVal(ILjava/lang/Object;Ljava/lang/Object;ZZ)Ljava/lang/Object; @ 203 c2
Event: 1.436 Thread 0x000001a5dc26c800 Uncommon trap: reason=bimorphic_or_optimized_type_check action=maybe_recompile pc=0x000001a5c74a6a6c method=java.util.HashMap.putVal(ILjava/lang/Object;Ljava/lang/Object;ZZ)Ljava/lang/Object; @ 203 c2
Event: 1.447 Thread 0x000001a5dc26c800 Uncommon trap: reason=bimorphic_or_optimized_type_check action=maybe_recompile pc=0x000001a5c74a6a6c method=java.util.HashMap.putVal(ILjava/lang/Object;Ljava/lang/Object;ZZ)Ljava/lang/Object; @ 203 c2

Classes redefined (0 events):
No events

Internal exceptions (10 events):
Event: 1.247 Thread 0x000001a5dc26c800 Exception <a 'java/lang/ClassNotFoundException'{0x00000007137615b0}: org/springframework/beans/factory/AwareCustomizer> (0x00000007137615b0) thrown at [./open/src/hotspot/share/classfile/systemDictionary.cpp, line 226]
Event: 1.247 Thread 0x000001a5dc26c800 Exception <a 'java/lang/ClassNotFoundException'{0x0000000713771a48}: org/springframework/context/EnvironmentAwareCustomizer> (0x0000000713771a48) thrown at [./open/src/hotspot/share/classfile/systemDictionary.cpp, line 226]
Event: 1.248 Thread 0x000001a5dc26c800 Exception <a 'java/lang/ClassNotFoundException'{0x00000007137821b8}: org/springframework/beans/factory/AwareCustomizer> (0x00000007137821b8) thrown at [./open/src/hotspot/share/classfile/systemDictionary.cpp, line 226]
Event: 1.286 Thread 0x000001a5dcb91800 Exception <a 'java/lang/NoSuchMethodError'{0x0000000713002f88}: java.lang.invoke.DirectMethodHandle$Holder.invokeStatic(Ljava/lang/Object;Ljava/lang/Object;)J> (0x0000000713002f88) thrown at [./open/src/hotspot/share/interpreter/linkResolver.cpp, line 772
Event: 1.286 Thread 0x000001a5dcb91800 Exception <a 'java/lang/NoSuchMethodError'{0x0000000713005f20}: java.lang.invoke.DirectMethodHandle$Holder.invokeStaticInit(Ljava/lang/Object;Ljava/lang/Object;)J> (0x0000000713005f20) thrown at [./open/src/hotspot/share/interpreter/linkResolver.cpp, line
Event: 1.287 Thread 0x000001a5dcb91800 Exception <a 'java/lang/NoSuchMethodError'{0x00000007130123e0}: java.lang.invoke.DirectMethodHandle$Holder.invokeInterface(Ljava/lang/Object;Ljava/lang/Object;)J> (0x00000007130123e0) thrown at [./open/src/hotspot/share/interpreter/linkResolver.cpp, line 
Event: 1.287 Thread 0x000001a5dcb91800 Exception <a 'java/lang/IncompatibleClassChangeError'{0x0000000713015178}: Found class java.lang.Object, but interface was expected> (0x0000000713015178) thrown at [./open/src/hotspot/share/interpreter/linkResolver.cpp, line 838]
Event: 1.296 Thread 0x000001a5dcb91800 Exception <a 'java/lang/NoSuchMethodError'{0x0000000712f68418}: java.lang.invoke.DirectMethodHandle$Holder.invokeVirtual(Ljava/lang/Object;Ljava/lang/Object;Ljava/lang/Object;Ljava/lang/Object;)Ljava/lang/Object;> (0x0000000712f68418) thrown at [./open/sr
Event: 1.380 Thread 0x000001a5dc26c800 Exception <a 'java/lang/IncompatibleClassChangeError'{0x00000007126dc970}: Found class java.lang.Object, but interface was expected> (0x00000007126dc970) thrown at [./open/src/hotspot/share/interpreter/linkResolver.cpp, line 838]
Event: 1.399 Thread 0x000001a5dc26c800 Exception <a 'java/lang/NoSuchMethodError'{0x0000000712470460}: java.lang.invoke.DirectMethodHandle$Holder.invokeInterface(Ljava/lang/Object;Ljava/lang/Object;Ljava/lang/Object;Ljava/lang/Object;)V> (0x0000000712470460) thrown at [./open/src/hotspot/share

Events (10 events):
Event: 1.454 loading class org/springframework/beans/factory/annotation/Autowired
Event: 1.454 loading class org/springframework/beans/factory/annotation/Autowired done
Event: 1.458 loading class org/springframework/boot/autoconfigure/web/WebProperties$Resources$Chain
Event: 1.458 loading class org/springframework/boot/autoconfigure/web/WebProperties$Resources$Chain done
Event: 1.458 loading class org/webjars/WebJarAssetLocator
Event: 1.458 loading class org/webjars/WebJarAssetLocator done
Event: 1.458 loading class org/webjars$WebJarAssetLocator
Event: 1.458 loading class org/webjars$WebJarAssetLocator done
Event: 1.463 loading class org/aspectj/weaver/Advice
Event: 1.463 loading class org/aspectj/weaver/Advice done


Dynamic libraries:
0x00007ff7410d0000 - 0x00007ff7410e0000 	C:\Program Files\Java\jdk-11\bin\java.exe
0x00007fff54870000 - 0x00007fff54a87000 	C:\windows\SYSTEM32\ntdll.dll
0x00007fff527c0000 - 0x00007fff52884000 	C:\windows\System32\KERNEL32.DLL
0x00007fff51ff0000 - 0x00007fff5239d000 	C:\windows\System32\KERNELBASE.dll
0x00007fff52480000 - 0x00007fff52591000 	C:\windows\System32\ucrtbase.dll
0x00007fff48b10000 - 0x00007fff48b29000 	C:\Program Files\Java\jdk-11\bin\jli.dll
0x00007fff487c0000 - 0x00007fff487db000 	C:\Program Files\Java\jdk-11\bin\VCRUNTIME140.dll
0x00007fff532a0000 - 0x00007fff53352000 	C:\windows\System32\ADVAPI32.dll
0x00007fff53d40000 - 0x00007fff53de7000 	C:\windows\System32\msvcrt.dll
0x00007fff53c00000 - 0x00007fff53ca9000 	C:\windows\System32\sechost.dll
0x00007fff523d0000 - 0x00007fff523f8000 	C:\windows\System32\bcrypt.dll
0x00007fff54690000 - 0x00007fff547a4000 	C:\windows\System32\RPCRT4.dll
0x00007fff53fc0000 - 0x00007fff5416e000 	C:\windows\System32\USER32.dll
0x00007fff523a0000 - 0x00007fff523c6000 	C:\windows\System32\win32u.dll
0x00007fff526f0000 - 0x00007fff52719000 	C:\windows\System32\GDI32.dll
0x00007fff51ed0000 - 0x00007fff51fe9000 	C:\windows\System32\gdi32full.dll
0x00007fff51d70000 - 0x00007fff51e0a000 	C:\windows\System32\msvcp_win.dll
0x00007fff35510000 - 0x00007fff357a3000 	C:\windows\WinSxS\amd64_microsoft.windows.common-controls_6595b64144ccf1df_6.0.22621.3672_none_2713b9d173822955\COMCTL32.dll
0x00007fff47710000 - 0x00007fff4771a000 	C:\windows\SYSTEM32\VERSION.dll
0x00007fff52770000 - 0x00007fff527a1000 	C:\windows\System32\IMM32.DLL
0x00007fff4e9d0000 - 0x00007fff4e9dc000 	C:\Program Files\Java\jdk-11\bin\vcruntime140_1.dll
0x00007fff334e0000 - 0x00007fff3356e000 	C:\Program Files\Java\jdk-11\bin\msvcp140.dll
0x00007fff121d0000 - 0x00007fff12d2e000 	C:\Program Files\Java\jdk-11\bin\server\jvm.dll
0x00007fff54500000 - 0x00007fff54508000 	C:\windows\System32\PSAPI.DLL
0x00007fff414a0000 - 0x00007fff414d4000 	C:\windows\SYSTEM32\WINMM.dll
0x00007fff3b8d0000 - 0x00007fff3b8d9000 	C:\windows\SYSTEM32\WSOCK32.dll
0x00007fff547b0000 - 0x00007fff54821000 	C:\windows\System32\WS2_32.dll
0x00007fff50bd0000 - 0x00007fff50be8000 	C:\windows\SYSTEM32\kernel.appcore.dll
0x00007fff4e3a0000 - 0x00007fff4e3b0000 	C:\Program Files\Java\jdk-11\bin\verify.dll
0x00007fff3bfc0000 - 0x00007fff3c1f2000 	C:\windows\SYSTEM32\DBGHELP.DLL
0x00007fff54170000 - 0x00007fff544fd000 	C:\windows\System32\combase.dll
0x00007fff52610000 - 0x00007fff526e7000 	C:\windows\System32\OLEAUT32.dll
0x00007fff3b920000 - 0x00007fff3b952000 	C:\windows\SYSTEM32\dbgcore.DLL
0x00007fff52400000 - 0x00007fff5247b000 	C:\windows\System32\bcryptPrimitives.dll
0x00007fff482f0000 - 0x00007fff48318000 	C:\Program Files\Java\jdk-11\bin\java.dll
0x00007fff4ac60000 - 0x00007fff4ac6a000 	C:\Program Files\Java\jdk-11\bin\jimage.dll
0x00007fff482d0000 - 0x00007fff482e7000 	C:\Program Files\Java\jdk-11\bin\zip.dll
0x00007fff53390000 - 0x00007fff53bf8000 	C:\windows\System32\SHELL32.dll
0x00007fff4fa90000 - 0x00007fff5038e000 	C:\windows\SYSTEM32\windows.storage.dll
0x00007fff4f950000 - 0x00007fff4fa8f000 	C:\windows\SYSTEM32\wintypes.dll
0x00007fff52f80000 - 0x00007fff53079000 	C:\windows\System32\SHCORE.dll
0x00007fff53240000 - 0x00007fff5329e000 	C:\windows\System32\shlwapi.dll
0x00007fff51ac0000 - 0x00007fff51ae1000 	C:\windows\SYSTEM32\profapi.dll
0x00007fff47c50000 - 0x00007fff47c69000 	C:\Program Files\Java\jdk-11\bin\net.dll
0x00007fff4d240000 - 0x00007fff4d376000 	C:\windows\SYSTEM32\WINHTTP.dll
0x00007fff510d0000 - 0x00007fff51139000 	C:\windows\system32\mswsock.dll
0x00007fff46b50000 - 0x00007fff46b62000 	C:\Program Files\Java\jdk-11\bin\nio.dll
0x00007fff4aa10000 - 0x00007fff4aa19000 	C:\Program Files\Java\jdk-11\bin\management.dll
0x00007fff48d00000 - 0x00007fff48d0b000 	C:\Program Files\Java\jdk-11\bin\management_ext.dll
0x00007fff36980000 - 0x00007fff36997000 	C:\windows\system32\napinsp.dll
0x00007fff36940000 - 0x00007fff3695b000 	C:\windows\system32\pnrpnsp.dll
0x00007fff506b0000 - 0x00007fff507a8000 	C:\windows\SYSTEM32\DNSAPI.dll
0x00007fff50630000 - 0x00007fff5065d000 	C:\windows\SYSTEM32\IPHLPAPI.DLL
0x00007fff53360000 - 0x00007fff53369000 	C:\windows\System32\NSI.dll
0x00007fff36920000 - 0x00007fff36931000 	C:\windows\System32\winrnr.dll
0x00007fff36850000 - 0x00007fff36865000 	C:\windows\system32\wshbth.dll
0x00007fff36820000 - 0x00007fff36847000 	C:\windows\system32\nlansp_c.dll
0x00007fff4a990000 - 0x00007fff4a99a000 	C:\Windows\System32\rasadhlp.dll
0x00007fff4bd40000 - 0x00007fff4bdc3000 	C:\windows\System32\fwpuclnt.dll

dbghelp: loaded successfully - version: 4.0.5 - missing functions: none
symbol engine: initialized successfully - sym options: 0x614 - pdb path: .;C:\Program Files\Java\jdk-11\bin;C:\windows\SYSTEM32;C:\windows\WinSxS\amd64_microsoft.windows.common-controls_6595b64144ccf1df_6.0.22621.3672_none_2713b9d173822955;C:\Program Files\Java\jdk-11\bin\server

VM Arguments:
jvm_args: -Dfile.encoding=UTF-8 -Duser.country=KR -Duser.language=ko -Duser.variant 
java_command: com.project.tobe.TobeApplication
java_class_path (initial): C:\Users\user\Desktop\SharedOne\build\classes\java\main;C:\Users\user\Desktop\SharedOne\build\resources\main;C:\Users\user\.gradle\caches\modules-2\files-2.1\org.springframework.boot\spring-boot-devtools\2.7.18\5712c8ec27cd0fec5e9de494bac71a07fa404ac4\spring-boot-devtools-2.7.18.jar;C:\Users\user\.gradle\caches\modules-2\files-2.1\org.springframework.boot\spring-boot-starter-data-jdbc\2.7.18\f962199e375647a60b5b3dc4590388b10b69f6d2\spring-boot-starter-data-jdbc-2.7.18.jar;C:\Users\user\.gradle\caches\modules-2\files-2.1\org.springframework.boot\spring-boot-starter-data-jpa\2.7.18\ffc6aa225da2a9987238ad88ae4550e5ee68da61\spring-boot-starter-data-jpa-2.7.18.jar;C:\Users\user\.gradle\caches\modules-2\files-2.1\org.springframework.boot\spring-boot-starter-thymeleaf\2.7.18\c87a27e30720c43372ceb0476b5b00c6f5296df3\spring-boot-starter-thymeleaf-2.7.18.jar;C:\Users\user\.gradle\caches\modules-2\files-2.1\org.springframework.boot\spring-boot-starter-web\2.7.18\dd62ea85098187b4604e78dc15a7ff87dba173d\spring-boot-starter-web-2.7.18.jar;C:\Users\user\.gradle\caches\modules-2\files-2.1\org.postgresql\postgresql\42.7.2\86ed42574cd68662b05d3b00432a34e9a34cb12c\postgresql-42.7.2.jar;C:\Users\user\.gradle\caches\modules-2\files-2.1\org.bgee.log4jdbc-log4j2\log4jdbc-log4j2-jdbc4.1\1.16\ce7cd831b2e3e5d428e659a6fdae0fb6b89f3cc7\log4jdbc-log4j2-jdbc4.1-1.16.jar;C:\Users\user\.gradle\caches\modules-2\files-2.1\org.springframework.boot\spring-boot-starter-jdbc\2.7.18\693aef24c422fbaa4ebb85db0f4491772edcd3dc\spring-boot-starter-jdbc-2.7.18.jar;C:\Users\user\.gradle\caches\modules-2\files-2.1\org.springframework.boot\spring-boot-starter-aop\2.7.18\8669fae56877e44bd26e35f641e0233bebe9239c\spring-boot-starter-aop-2.7.18.jar;C:\Users\user\.gradle\caches\modules-2\files-2.1\org.springframework.boot\spring-boot-starter-json\2.7.18\b6d9ed5cae0c1929a9e561bf4799a3dc93a10db1\spring-boot-starter-json-2.7.18.jar;C:\Users\user\.gradle\caches\modules-2\files-2.1\org.springfr
Launcher Type: SUN_STANDARD

[Global flags]
     intx CICompilerCount                          = 4                                         {product} {ergonomic}
     uint ConcGCThreads                            = 3                                         {product} {ergonomic}
     uint G1ConcRefinementThreads                  = 10                                        {product} {ergonomic}
   size_t G1HeapRegionSize                         = 1048576                                   {product} {ergonomic}
    uintx GCDrainStackTargetSize                   = 64                                        {product} {ergonomic}
   size_t InitialHeapSize                          = 264241152                                 {product} {ergonomic}
   size_t MarkStackSize                            = 4194304                                   {product} {ergonomic}
   size_t MaxHeapSize                              = 4221566976                                {product} {ergonomic}
   size_t MaxNewSize                               = 2532311040                                {product} {ergonomic}
   size_t MinHeapDeltaBytes                        = 1048576                                   {product} {ergonomic}
    uintx NonNMethodCodeHeapSize                   = 5836300                                {pd product} {ergonomic}
    uintx NonProfiledCodeHeapSize                  = 122910970                              {pd product} {ergonomic}
    uintx ProfiledCodeHeapSize                     = 122910970                              {pd product} {ergonomic}
    uintx ReservedCodeCacheSize                    = 251658240                              {pd product} {ergonomic}
     bool SegmentedCodeCache                       = true                                      {product} {ergonomic}
     bool UseCompressedClassPointers               = true                                 {lp64_product} {ergonomic}
     bool UseCompressedOops                        = true                                 {lp64_product} {ergonomic}
     bool UseG1GC                                  = true                                      {product} {ergonomic}
     bool UseLargePagesIndividualAllocation        = false                                  {pd product} {ergonomic}

Logging:
Log output configuration:
 #0: stdout all=warning uptime,level,tags
 #1: stderr all=off uptime,level,tags

Environment Variables:
PATH=C:\oraclexe\app\oracle\product\11.2.0\server\bin;C:\Program Files\Common Files\Oracle\Java\javapath;C:\windows\system32;C:\windows;C:\windows\System32\Wbem;C:\windows\System32\WindowsPowerShell\v1.0\;C:\windows\System32\OpenSSH\;C:\Program Files\Bandizip\;C:\Program Files\Git\cmd;C:\Program Files\nodejs\;C:\Users\user\AppData\Local\Microsoft\WindowsApps;C:\Users\user\AppData\Local\Programs\Microsoft VS Code\bin;C:\Program Files\JetBrains\IntelliJ IDEA Community Edition 2024.1.4\bin;;C:\Program Files\JetBrains\IntelliJ IDEA 2024.1.4\bin;;C:\Users\user\AppData\Roaming\npm
USERNAME=user
OS=Windows_NT
PROCESSOR_IDENTIFIER=Intel64 Family 6 Model 151 Stepping 2, GenuineIntel



---------------  S Y S T E M  ---------------

OS: Windows 11 , 64 bit Build 22621 (10.0.22621.3958)
Hyper-V role detected

CPU:total 12 (initial active 12) (6 cores per cpu, 2 threads per core) family 6 model 151 stepping 2 microcode 0x1e, cmov, cx8, fxsr, mmx, sse, sse2, sse3, ssse3, sse4.1, sse4.2, popcnt, avx, avx2, aes, clmul, erms, 3dnowpref, lzcnt, ht, tsc, tscinvbit, bmi1, bmi2, adx, sha, fma

Memory: 4k page, system-wide physical 16098M (4649M free)
TotalPageFile size 65250M (AvailPageFile size 5M)
current process WorkingSet (physical memory assigned to process): 143M, peak: 143M
current process commit charge ("private bytes"): 389M, peak: 389M

vm_info: Java HotSpot(TM) 64-Bit Server VM (11.0.23+7-LTS-222) for windows-amd64 JRE (11.0.23+7-LTS-222), built on Mar 11 2024 22:13:52 by "mach5one" with MS VC++ 17.6 (VS2022)

END.
